<?xml version="1.0" encoding="UTF-8"?>
<TestRun id="ceeb1c7c-77ec-4270-b299-36f286cf7ced" name="Steve Barker@STEVE 2012-10-07 23:05:01" runUser="STEVE\Steve Barker" xmlns="http://microsoft.com/schemas/VisualStudio/TeamTest/2010">
  <TestSettings name="Local" id="2d87ad09-0d8b-450c-b43f-7b624737ef90">
    <Description>These are default test settings for a local test run.</Description>
    <Deployment runDeploymentRoot="Steve Barker_STEVE 2012-10-07 23_05_01">
      <DeploymentItem filename="E:\Programming\Microsoft .NET\ASP.NET\Projects\BookDatabase\BookDatabase.Api\bin\Debug\BookDatabase.Api.dll" />
    </Deployment>
    <Execution>
      <TestTypeSpecific>
        <UnitTestRunConfig testTypeId="13cdc9d9-ddb5-4fa4-a97d-d965ccfc6d4b">
          <AssemblyResolution>
            <TestDirectory useLoadContext="true" />
          </AssemblyResolution>
        </UnitTestRunConfig>
        <WebTestRunConfiguration testTypeId="4e7599fa-5ecb-43e9-a887-cd63cf72d207">
          <Browser name="Internet Explorer 7.0">
            <Headers>
              <Header name="User-Agent" value="Mozilla/4.0 (compatible; MSIE 7.0; Windows NT 5.1)" />
              <Header name="Accept" value="*/*" />
              <Header name="Accept-Language" value="{{$IEAcceptLanguage}}" />
              <Header name="Accept-Encoding" value="GZIP" />
            </Headers>
          </Browser>
        </WebTestRunConfiguration>
      </TestTypeSpecific>
      <AgentRule name="LocalMachineDefaultRole">
        <DataCollectors>
          <DataCollector uri="datacollector://microsoft/CodeCoverage/1.0" assemblyQualifiedName="Microsoft.VisualStudio.TestTools.CodeCoverage.CoveragePlugIn, Microsoft.VisualStudio.QualityTools.Plugins.CodeCoverage, Version=10.0.0.0, Culture=neutral, PublicKeyToken=b03f5f7f11d50a3a" friendlyName="Code Coverage">
            <Configuration>
              <CodeCoverage xmlns="">
                <Regular>
                  <CodeCoverageItem binaryFile="E:\Programming\Microsoft .NET\ASP.NET\Projects\BookDatabase\BookDatabase.Web\bin\BookDatabase.Web.dll" pdbFile="E:\Programming\Microsoft .NET\ASP.NET\Projects\BookDatabase\BookDatabase.Web\bin\BookDatabase.Web.instr.pdb" instrumentInPlace="true" outputDirectory="BookDatabase.Web\Bin" />
                  <CodeCoverageItem binaryFile="E:\Programming\Microsoft .NET\ASP.NET\Projects\BookDatabase\BookDatabase.Api\bin\Debug\BookDatabase.Api.dll" pdbFile="E:\Programming\Microsoft .NET\ASP.NET\Projects\BookDatabase\BookDatabase.Api\bin\Debug\BookDatabase.Api.instr.pdb" instrumentInPlace="true" />
                </Regular>
                <AspNet>
                  <AspNetCodeCoverageItem id="d5ce6748-635c-4b93-8967-bb199c6a3ae5" name="BookDatabase.Web" applicationRoot="/" url="http://localhost:0/" />
                </AspNet>
              </CodeCoverage>
            </Configuration>
          </DataCollector>
        </DataCollectors>
      </AgentRule>
    </Execution>
  </TestSettings>
  <Times creation="2012-10-07T23:05:01.7690000+01:00" queuing="2012-10-07T23:05:04.8200000+01:00" start="2012-10-07T23:05:04.9100000+01:00" finish="2012-10-07T23:06:48.6980000+01:00" />
  <ResultSummary outcome="Error">
    <Counters total="1" error="0" failed="0" timeout="0" aborted="0" inconclusive="0" passedButRunAborted="0" notRunnable="0" notExecuted="1" disconnected="0" warning="0" passed="0" completed="0" inProgress="0" pending="0" />
    <RunInfos>
      <RunInfo computerName="STEVE" outcome="Error" timestamp="2012-10-07T23:06:46.3240000+01:00">
        <Text>Cannot initialize the ASP.NET project 'BookDatabase.Web'.
Exception was thrown: The web site could not be configured correctly; getting ASP.NET process information failed. Requesting 'http://localhost:8806/VSEnterpriseHelper.axd' returned an error: The operation has timed out</Text>
      </RunInfo>
      <RunInfo computerName="STEVE" outcome="Warning" timestamp="2012-10-07T23:06:48.7800000+01:00">
        <Text>Code coverage in-place instrumentation: The binary E:\Programming\Microsoft .NET\ASP.NET\Projects\BookDatabase\BookDatabase.Api\bin\Debug\BookDatabase.Api.dll was changed during the test run and won't be restored. It may be restored manually from this directory: E:\Programming\Microsoft .NET\ASP.NET\Projects\BookDatabase\BookDatabase.Api\bin\Debug\EQT_ceeb1c7c-77ec-4270-b299-36f286cf7ced.</Text>
      </RunInfo>
      <RunInfo computerName="STEVE" outcome="Warning" timestamp="2012-10-07T23:06:48.7800000+01:00">
        <Text>Code coverage in-place instrumentation: One or more binaries in 'E:\Programming\Microsoft .NET\ASP.NET\Projects\BookDatabase\BookDatabase.Api\bin\Debug' were not restored.
They can be restored manually by running the file 'eqtrestore_ceeb1c7c-77ec-4270-b299-36f286cf7ced.bat' in this directory.</Text>
      </RunInfo>
    </RunInfos>
    <ResultFiles>
      <ResultFile path="STEVE\data.coverage" />
    </ResultFiles>
  </ResultSummary>
  <TestDefinitions>
    <UnitTest name="IsNewTest" storage="e:\programming\microsoft .net\asp.net\projects\bookdatabase\bookdatabase.api.tests\bin\debug\bookdatabase.api.tests.dll" id="69ccb285-2f44-6656-6e78-b6158a4c956d">
      <Execution id="21ac888e-b8bf-4bfb-920e-5c20f5c827bc" />
      <TestMethod codeBase="E:/Programming/Microsoft .NET/ASP.NET/Projects/BookDatabase/BookDatabase.Api.Tests/bin/Debug/BookDatabase.Api.Tests.DLL" adapterTypeName="Microsoft.VisualStudio.TestTools.TestTypes.Unit.UnitTestAdapter, Microsoft.VisualStudio.QualityTools.Tips.UnitTest.Adapter, Version=10.0.0.0, Culture=neutral, PublicKeyToken=b03f5f7f11d50a3a" className="BookDatabase.Api.Tests.BusinessObjects.BusinessObjectTests, BookDatabase.Api.Tests, Version=1.0.0.0, Culture=neutral, PublicKeyToken=null" name="IsNewTest" />
    </UnitTest>
  </TestDefinitions>
  <TestLists>
    <TestList name="Unit Tests" id="8a28f9f9-b23b-4242-a0eb-f110a4fb49c3" parentListId="8c43106b-9dc1-4907-a29f-aa66a61bf5b6">
      <TestLinks>
        <TestLink id="69ccb285-2f44-6656-6e78-b6158a4c956d" name="IsNewTest" storage="e:\programming\microsoft .net\asp.net\projects\bookdatabase\bookdatabase.api.tests\bin\debug\bookdatabase.api.tests.dll" type="Microsoft.VisualStudio.TestTools.TestTypes.Unit.UnitTestElement, Microsoft.VisualStudio.QualityTools.Tips.UnitTest.ObjectModel, Version=10.0.0.0, Culture=neutral, PublicKeyToken=b03f5f7f11d50a3a" />
      </TestLinks>
    </TestList>
    <TestList name="All Loaded Results" id="19431567-8539-422a-85d7-44ee4e166bda" />
    <TestList name="Lists of Results" id="8c43106b-9dc1-4907-a29f-aa66a61bf5b6" />
  </TestLists>
  <TestEntries>
    <TestEntry testId="69ccb285-2f44-6656-6e78-b6158a4c956d" executionId="21ac888e-b8bf-4bfb-920e-5c20f5c827bc" testListId="8a28f9f9-b23b-4242-a0eb-f110a4fb49c3" />
  </TestEntries>
  <Results>
    <UnitTestResult executionId="21ac888e-b8bf-4bfb-920e-5c20f5c827bc" testId="69ccb285-2f44-6656-6e78-b6158a4c956d" testName="IsNewTest" computerName="STEVE" testType="13cdc9d9-ddb5-4fa4-a97d-d965ccfc6d4b" outcome="NotExecuted" testListId="8a28f9f9-b23b-4242-a0eb-f110a4fb49c3" relativeResultsDirectory="21ac888e-b8bf-4bfb-920e-5c20f5c827bc">
    </UnitTestResult>
  </Results>
</TestRun>