<?xml version="1.0" encoding="UTF-8"?>
<TestRun id="5aea85c0-c267-4447-a1b7-368ab148f4d1" name="Steve@UK017284 2012-10-18 18:50:13" runUser="UK017284\Steve" xmlns="http://microsoft.com/schemas/VisualStudio/TeamTest/2010">
  <TestSettings name="Local" id="2d87ad09-0d8b-450c-b43f-7b624737ef90">
    <Description>These are default test settings for a local test run.</Description>
    <Deployment userDeploymentRoot="C:\Personal\BookDatabase\TestResults" useDefaultDeploymentRoot="false" runDeploymentRoot="Steve_UK017284 2012-10-18 18_50_13">
      <DeploymentItem filename="C:\Personal\BookDatabase\packages\log4net.2.0.0\lib\net40-full\log4net.dll" />
      <DeploymentItem filename="C:\Personal\BookDatabase\packages\Castle.Core.3.1.0\lib\net35\Castle.Core.dll" />
      <DeploymentItem filename="C:\Personal\BookDatabase\packages\FluentNHibernate.1.3.0.733\lib\FluentNHibernate.dll" />
      <DeploymentItem filename="C:\Personal\BookDatabase\packages\NHibernate.3.3.1.4000\lib\Net35\NHibernate.dll" />
      <DeploymentItem filename="C:\Personal\BookDatabase\BookDatabase.Api\bin\Debug\BookDatabase.Api.dll" />
      <DeploymentItem filename="C:\Personal\BookDatabase\packages\Moq.4.0.10827\lib\NET40\Moq.dll" />
      <DeploymentItem filename="C:\Personal\BookDatabase\packages\Iesi.Collections.3.2.0.4000\lib\Net35\Iesi.Collections.dll" />
    </Deployment>
    <Execution>
      <TestTypeSpecific>
        <UnitTestRunConfig testTypeId="13cdc9d9-ddb5-4fa4-a97d-d965ccfc6d4b">
          <AssemblyResolution>
            <TestDirectory useLoadContext="true" />
          </AssemblyResolution>
        </UnitTestRunConfig>
        <WebTestRunConfiguration testTypeId="4e7599fa-5ecb-43e9-a887-cd63cf72d207">
          <Browser name="Internet Explorer 7.0">
            <Headers>
              <Header name="User-Agent" value="Mozilla/4.0 (compatible; MSIE 7.0; Windows NT 5.1)" />
              <Header name="Accept" value="*/*" />
              <Header name="Accept-Language" value="{{$IEAcceptLanguage}}" />
              <Header name="Accept-Encoding" value="GZIP" />
            </Headers>
          </Browser>
        </WebTestRunConfiguration>
      </TestTypeSpecific>
      <AgentRule name="LocalMachineDefaultRole">
        <DataCollectors>
          <DataCollector uri="datacollector://microsoft/CodeCoverage/1.0" assemblyQualifiedName="Microsoft.VisualStudio.TestTools.CodeCoverage.CoveragePlugIn, Microsoft.VisualStudio.QualityTools.Plugins.CodeCoverage, Version=10.0.0.0, Culture=neutral, PublicKeyToken=b03f5f7f11d50a3a" friendlyName="Code Coverage" enabled="false">
            <Configuration>
              <CodeCoverage xmlns="">
                <Regular>
                  <CodeCoverageItem binaryFile="C:\Personal\BookDatabase\BookDatabase.Web\bin\BookDatabase.Web.dll" pdbFile="C:\Personal\BookDatabase\BookDatabase.Web\bin\BookDatabase.Web.instr.pdb" instrumentInPlace="true" outputDirectory="BookDatabase.Web\Bin" />
                  <CodeCoverageItem binaryFile="C:\Personal\BookDatabase\BookDatabase.Api\bin\Debug\BookDatabase.Api.dll" pdbFile="C:\Personal\BookDatabase\BookDatabase.Api\bin\Debug\BookDatabase.Api.instr.pdb" instrumentInPlace="true" />
                </Regular>
                <AspNet>
                  <AspNetCodeCoverageItem id="d5ce6748-635c-4b93-8967-bb199c6a3ae5" name="BookDatabase.Web" applicationRoot="/" url="http://localhost:0/" />
                </AspNet>
              </CodeCoverage>
            </Configuration>
          </DataCollector>
        </DataCollectors>
      </AgentRule>
    </Execution>
  </TestSettings>
  <Times creation="2012-10-18T18:50:13.0951897+01:00" queuing="2012-10-18T18:50:14.9251923+01:00" start="2012-10-18T18:50:15.2651928+01:00" finish="2012-10-18T18:51:05.6952634+01:00" />
  <ResultSummary outcome="Completed">
    <Counters total="6" executed="6" passed="6" error="0" failed="0" timeout="0" aborted="0" inconclusive="0" passedButRunAborted="0" notRunnable="0" notExecuted="0" disconnected="0" warning="0" completed="0" inProgress="0" pending="0" />
  </ResultSummary>
  <TestDefinitions>
    <UnitTest name="TestCommitMultipleTransactions" storage="c:\personal\bookdatabase\bookdatabase.api.tests\bin\debug\bookdatabase.api.tests.dll" id="1e395a5e-32fa-339f-4c02-354f2f15fe03">
      <Execution id="57b7c4d8-1bd9-4340-bc48-daa708b6fa73" />
      <TestMethod codeBase="C:/Personal/BookDatabase/BookDatabase.Api.Tests/bin/Debug/BookDatabase.Api.Tests.DLL" adapterTypeName="Microsoft.VisualStudio.TestTools.TestTypes.Unit.UnitTestAdapter, Microsoft.VisualStudio.QualityTools.Tips.UnitTest.Adapter, Version=10.0.0.0, Culture=neutral, PublicKeyToken=b03f5f7f11d50a3a" className="BookDatabase.Api.Tests.Data.Transactions.UnitOfWorkTests, BookDatabase.Api.Tests, Version=1.0.0.0, Culture=neutral, PublicKeyToken=null" name="TestCommitMultipleTransactions" />
    </UnitTest>
    <UnitTest name="TestSaveAndCommit" storage="c:\personal\bookdatabase\bookdatabase.api.tests\bin\debug\bookdatabase.api.tests.dll" id="20fb7e57-9cdd-b09f-c18a-6c91d8874768">
      <Execution id="2426df0a-d624-43e3-9d7f-096c08563d2c" />
      <TestMethod codeBase="C:/Personal/BookDatabase/BookDatabase.Api.Tests/bin/Debug/BookDatabase.Api.Tests.DLL" adapterTypeName="Microsoft.VisualStudio.TestTools.TestTypes.Unit.UnitTestAdapter, Microsoft.VisualStudio.QualityTools.Tips.UnitTest.Adapter, Version=10.0.0.0, Culture=neutral, PublicKeyToken=b03f5f7f11d50a3a" className="BookDatabase.Api.Tests.Data.Transactions.UnitOfWorkTests, BookDatabase.Api.Tests, Version=1.0.0.0, Culture=neutral, PublicKeyToken=null" name="TestSaveAndCommit" />
    </UnitTest>
    <UnitTest name="TestDeleteAndRollback" storage="c:\personal\bookdatabase\bookdatabase.api.tests\bin\debug\bookdatabase.api.tests.dll" id="d6296fe5-485b-883b-9fe1-03a2f80ffcb3">
      <Execution id="632167f1-725f-4641-b254-faee842c1da6" />
      <TestMethod codeBase="C:/Personal/BookDatabase/BookDatabase.Api.Tests/bin/Debug/BookDatabase.Api.Tests.DLL" adapterTypeName="Microsoft.VisualStudio.TestTools.TestTypes.Unit.UnitTestAdapter, Microsoft.VisualStudio.QualityTools.Tips.UnitTest.Adapter, Version=10.0.0.0, Culture=neutral, PublicKeyToken=b03f5f7f11d50a3a" className="BookDatabase.Api.Tests.Data.Transactions.UnitOfWorkTests, BookDatabase.Api.Tests, Version=1.0.0.0, Culture=neutral, PublicKeyToken=null" name="TestDeleteAndRollback" />
    </UnitTest>
    <UnitTest name="TestSaveAndRollback" storage="c:\personal\bookdatabase\bookdatabase.api.tests\bin\debug\bookdatabase.api.tests.dll" id="b569f32b-9a57-6258-f5c2-759fd6bc77db">
      <Execution id="44c3c9a8-9ab5-49ad-a907-8ddba67fef0a" />
      <TestMethod codeBase="C:/Personal/BookDatabase/BookDatabase.Api.Tests/bin/Debug/BookDatabase.Api.Tests.DLL" adapterTypeName="Microsoft.VisualStudio.TestTools.TestTypes.Unit.UnitTestAdapter, Microsoft.VisualStudio.QualityTools.Tips.UnitTest.Adapter, Version=10.0.0.0, Culture=neutral, PublicKeyToken=b03f5f7f11d50a3a" className="BookDatabase.Api.Tests.Data.Transactions.UnitOfWorkTests, BookDatabase.Api.Tests, Version=1.0.0.0, Culture=neutral, PublicKeyToken=null" name="TestSaveAndRollback" />
    </UnitTest>
    <UnitTest name="TestCommitMultipleOperations" storage="c:\personal\bookdatabase\bookdatabase.api.tests\bin\debug\bookdatabase.api.tests.dll" id="2eb6f7d4-1d64-4f3a-503a-034326055df8">
      <Execution id="bced5d99-1f4f-4880-aaee-092657c9a9b8" />
      <TestMethod codeBase="C:/Personal/BookDatabase/BookDatabase.Api.Tests/bin/Debug/BookDatabase.Api.Tests.DLL" adapterTypeName="Microsoft.VisualStudio.TestTools.TestTypes.Unit.UnitTestAdapter, Microsoft.VisualStudio.QualityTools.Tips.UnitTest.Adapter, Version=10.0.0.0, Culture=neutral, PublicKeyToken=b03f5f7f11d50a3a" className="BookDatabase.Api.Tests.Data.Transactions.UnitOfWorkTests, BookDatabase.Api.Tests, Version=1.0.0.0, Culture=neutral, PublicKeyToken=null" name="TestCommitMultipleOperations" />
    </UnitTest>
    <UnitTest name="TestDeleteAndCommit" storage="c:\personal\bookdatabase\bookdatabase.api.tests\bin\debug\bookdatabase.api.tests.dll" id="f4d46f45-8838-64b4-ba12-27783409ad91">
      <Execution id="0530391e-77de-4039-bda2-e1810b2e96a2" />
      <TestMethod codeBase="C:/Personal/BookDatabase/BookDatabase.Api.Tests/bin/Debug/BookDatabase.Api.Tests.DLL" adapterTypeName="Microsoft.VisualStudio.TestTools.TestTypes.Unit.UnitTestAdapter, Microsoft.VisualStudio.QualityTools.Tips.UnitTest.Adapter, Version=10.0.0.0, Culture=neutral, PublicKeyToken=b03f5f7f11d50a3a" className="BookDatabase.Api.Tests.Data.Transactions.UnitOfWorkTests, BookDatabase.Api.Tests, Version=1.0.0.0, Culture=neutral, PublicKeyToken=null" name="TestDeleteAndCommit" />
    </UnitTest>
  </TestDefinitions>
  <TestLists>
    <TestList name="Unit Tests" id="8a28f9f9-b23b-4242-a0eb-f110a4fb49c3" parentListId="8c43106b-9dc1-4907-a29f-aa66a61bf5b6">
      <TestLinks>
        <TestLink id="5f968232-ea73-59ef-f037-1c482ffec7f9" name="EqualityOperatorsTest" storage="c:\personal\bookdatabase\bookdatabase.api.tests\bin\debug\bookdatabase.api.tests.dll" type="Microsoft.VisualStudio.TestTools.TestTypes.Unit.UnitTestElement, Microsoft.VisualStudio.QualityTools.Tips.UnitTest.ObjectModel, Version=10.0.0.0, Culture=neutral, PublicKeyToken=b03f5f7f11d50a3a" />
        <TestLink id="1e395a5e-32fa-339f-4c02-354f2f15fe03" name="TestCommitMultipleTransactions" storage="c:\personal\bookdatabase\bookdatabase.api.tests\bin\debug\bookdatabase.api.tests.dll" type="Microsoft.VisualStudio.TestTools.TestTypes.Unit.UnitTestElement, Microsoft.VisualStudio.QualityTools.Tips.UnitTest.ObjectModel, Version=10.0.0.0, Culture=neutral, PublicKeyToken=b03f5f7f11d50a3a" />
        <TestLink id="3c4e1c94-1f91-0d54-0766-68dba2980b33" name="TestCommitWithNoOperations" storage="c:\personal\bookdatabase\bookdatabase.api.tests\bin\debug\bookdatabase.api.tests.dll" type="Microsoft.VisualStudio.TestTools.TestTypes.Unit.UnitTestElement, Microsoft.VisualStudio.QualityTools.Tips.UnitTest.ObjectModel, Version=10.0.0.0, Culture=neutral, PublicKeyToken=b03f5f7f11d50a3a" />
        <TestLink id="69ccb285-2f44-6656-6e78-b6158a4c956d" name="IsNewTest" storage="c:\personal\bookdatabase\bookdatabase.api.tests\bin\debug\bookdatabase.api.tests.dll" type="Microsoft.VisualStudio.TestTools.TestTypes.Unit.UnitTestElement, Microsoft.VisualStudio.QualityTools.Tips.UnitTest.ObjectModel, Version=10.0.0.0, Culture=neutral, PublicKeyToken=b03f5f7f11d50a3a" />
        <TestLink id="29fc06c4-929c-34a4-7fdb-b207bcf5e089" name="GetByIdTest" storage="c:\personal\bookdatabase\bookdatabase.api.tests\bin\debug\bookdatabase.api.tests.dll" type="Microsoft.VisualStudio.TestTools.TestTypes.Unit.UnitTestElement, Microsoft.VisualStudio.QualityTools.Tips.UnitTest.ObjectModel, Version=10.0.0.0, Culture=neutral, PublicKeyToken=b03f5f7f11d50a3a" />
        <TestLink id="2eb6f7d4-1d64-4f3a-503a-034326055df8" name="TestCommitMultipleOperations" storage="c:\personal\bookdatabase\bookdatabase.api.tests\bin\debug\bookdatabase.api.tests.dll" type="Microsoft.VisualStudio.TestTools.TestTypes.Unit.UnitTestElement, Microsoft.VisualStudio.QualityTools.Tips.UnitTest.ObjectModel, Version=10.0.0.0, Culture=neutral, PublicKeyToken=b03f5f7f11d50a3a" />
        <TestLink id="9f05c7b2-0675-d57d-0fcc-ae4480dd4d4c" name="GetAllTest" storage="c:\personal\bookdatabase\bookdatabase.api.tests\bin\debug\bookdatabase.api.tests.dll" type="Microsoft.VisualStudio.TestTools.TestTypes.Unit.UnitTestElement, Microsoft.VisualStudio.QualityTools.Tips.UnitTest.ObjectModel, Version=10.0.0.0, Culture=neutral, PublicKeyToken=b03f5f7f11d50a3a" />
        <TestLink id="0835bebd-c3eb-6235-7b4f-1560788432b1" name="GetHashCodeTest" storage="c:\personal\bookdatabase\bookdatabase.api.tests\bin\debug\bookdatabase.api.tests.dll" type="Microsoft.VisualStudio.TestTools.TestTypes.Unit.UnitTestElement, Microsoft.VisualStudio.QualityTools.Tips.UnitTest.ObjectModel, Version=10.0.0.0, Culture=neutral, PublicKeyToken=b03f5f7f11d50a3a" />
        <TestLink id="d529485d-fa2f-1c4e-174f-6978fbbfcc07" name="TestRollbackWithNoOperations" storage="c:\personal\bookdatabase\bookdatabase.api.tests\bin\debug\bookdatabase.api.tests.dll" type="Microsoft.VisualStudio.TestTools.TestTypes.Unit.UnitTestElement, Microsoft.VisualStudio.QualityTools.Tips.UnitTest.ObjectModel, Version=10.0.0.0, Culture=neutral, PublicKeyToken=b03f5f7f11d50a3a" />
        <TestLink id="f4d46f45-8838-64b4-ba12-27783409ad91" name="TestDeleteAndCommit" storage="c:\personal\bookdatabase\bookdatabase.api.tests\bin\debug\bookdatabase.api.tests.dll" type="Microsoft.VisualStudio.TestTools.TestTypes.Unit.UnitTestElement, Microsoft.VisualStudio.QualityTools.Tips.UnitTest.ObjectModel, Version=10.0.0.0, Culture=neutral, PublicKeyToken=b03f5f7f11d50a3a" />
        <TestLink id="feb8d5ee-92de-5812-d4cd-efb5920e8445" name="EqualsMethodsTest" storage="c:\personal\bookdatabase\bookdatabase.api.tests\bin\debug\bookdatabase.api.tests.dll" type="Microsoft.VisualStudio.TestTools.TestTypes.Unit.UnitTestElement, Microsoft.VisualStudio.QualityTools.Tips.UnitTest.ObjectModel, Version=10.0.0.0, Culture=neutral, PublicKeyToken=b03f5f7f11d50a3a" />
        <TestLink id="b569f32b-9a57-6258-f5c2-759fd6bc77db" name="TestSaveAndRollback" storage="c:\personal\bookdatabase\bookdatabase.api.tests\bin\debug\bookdatabase.api.tests.dll" type="Microsoft.VisualStudio.TestTools.TestTypes.Unit.UnitTestElement, Microsoft.VisualStudio.QualityTools.Tips.UnitTest.ObjectModel, Version=10.0.0.0, Culture=neutral, PublicKeyToken=b03f5f7f11d50a3a" />
        <TestLink id="20fb7e57-9cdd-b09f-c18a-6c91d8874768" name="TestSaveAndCommit" storage="c:\personal\bookdatabase\bookdatabase.api.tests\bin\debug\bookdatabase.api.tests.dll" type="Microsoft.VisualStudio.TestTools.TestTypes.Unit.UnitTestElement, Microsoft.VisualStudio.QualityTools.Tips.UnitTest.ObjectModel, Version=10.0.0.0, Culture=neutral, PublicKeyToken=b03f5f7f11d50a3a" />
        <TestLink id="d6296fe5-485b-883b-9fe1-03a2f80ffcb3" name="TestDeleteAndRollback" storage="c:\personal\bookdatabase\bookdatabase.api.tests\bin\debug\bookdatabase.api.tests.dll" type="Microsoft.VisualStudio.TestTools.TestTypes.Unit.UnitTestElement, Microsoft.VisualStudio.QualityTools.Tips.UnitTest.ObjectModel, Version=10.0.0.0, Culture=neutral, PublicKeyToken=b03f5f7f11d50a3a" />
      </TestLinks>
    </TestList>
    <TestList name="All Loaded Results" id="19431567-8539-422a-85d7-44ee4e166bda" />
    <TestList name="Lists of Results" id="8c43106b-9dc1-4907-a29f-aa66a61bf5b6" />
  </TestLists>
  <TestEntries>
    <TestEntry testId="d6296fe5-485b-883b-9fe1-03a2f80ffcb3" executionId="632167f1-725f-4641-b254-faee842c1da6" testListId="8a28f9f9-b23b-4242-a0eb-f110a4fb49c3" />
    <TestEntry testId="1e395a5e-32fa-339f-4c02-354f2f15fe03" executionId="57b7c4d8-1bd9-4340-bc48-daa708b6fa73" testListId="8a28f9f9-b23b-4242-a0eb-f110a4fb49c3" />
    <TestEntry testId="f4d46f45-8838-64b4-ba12-27783409ad91" executionId="0530391e-77de-4039-bda2-e1810b2e96a2" testListId="8a28f9f9-b23b-4242-a0eb-f110a4fb49c3" />
    <TestEntry testId="2eb6f7d4-1d64-4f3a-503a-034326055df8" executionId="bced5d99-1f4f-4880-aaee-092657c9a9b8" testListId="8a28f9f9-b23b-4242-a0eb-f110a4fb49c3" />
    <TestEntry testId="b569f32b-9a57-6258-f5c2-759fd6bc77db" executionId="44c3c9a8-9ab5-49ad-a907-8ddba67fef0a" testListId="8a28f9f9-b23b-4242-a0eb-f110a4fb49c3" />
    <TestEntry testId="20fb7e57-9cdd-b09f-c18a-6c91d8874768" executionId="2426df0a-d624-43e3-9d7f-096c08563d2c" testListId="8a28f9f9-b23b-4242-a0eb-f110a4fb49c3" />
  </TestEntries>
  <Results>
    <UnitTestResult executionId="632167f1-725f-4641-b254-faee842c1da6" testId="d6296fe5-485b-883b-9fe1-03a2f80ffcb3" testName="TestDeleteAndRollback" computerName="UK017284" duration="00:00:44.8877971" startTime="2012-10-18T18:50:15.5951932+01:00" endTime="2012-10-18T18:51:02.9752596+01:00" testType="13cdc9d9-ddb5-4fa4-a97d-d965ccfc6d4b" outcome="Passed" testListId="8a28f9f9-b23b-4242-a0eb-f110a4fb49c3" relativeResultsDirectory="632167f1-725f-4641-b254-faee842c1da6">
    </UnitTestResult>
    <UnitTestResult executionId="57b7c4d8-1bd9-4340-bc48-daa708b6fa73" testId="1e395a5e-32fa-339f-4c02-354f2f15fe03" testName="TestCommitMultipleTransactions" computerName="UK017284" duration="00:00:00.0155370" startTime="2012-10-18T18:51:02.9852596+01:00" endTime="2012-10-18T18:51:03.0152596+01:00" testType="13cdc9d9-ddb5-4fa4-a97d-d965ccfc6d4b" outcome="Passed" testListId="8a28f9f9-b23b-4242-a0eb-f110a4fb49c3" relativeResultsDirectory="57b7c4d8-1bd9-4340-bc48-daa708b6fa73">
    </UnitTestResult>
    <UnitTestResult executionId="0530391e-77de-4039-bda2-e1810b2e96a2" testId="f4d46f45-8838-64b4-ba12-27783409ad91" testName="TestDeleteAndCommit" computerName="UK017284" duration="00:00:00.0044286" startTime="2012-10-18T18:51:03.0252596+01:00" endTime="2012-10-18T18:51:03.0352596+01:00" testType="13cdc9d9-ddb5-4fa4-a97d-d965ccfc6d4b" outcome="Passed" testListId="8a28f9f9-b23b-4242-a0eb-f110a4fb49c3" relativeResultsDirectory="0530391e-77de-4039-bda2-e1810b2e96a2">
    </UnitTestResult>
    <UnitTestResult executionId="bced5d99-1f4f-4880-aaee-092657c9a9b8" testId="2eb6f7d4-1d64-4f3a-503a-034326055df8" testName="TestCommitMultipleOperations" computerName="UK017284" duration="00:00:00.0075651" startTime="2012-10-18T18:51:03.0352596+01:00" endTime="2012-10-18T18:51:03.0552597+01:00" testType="13cdc9d9-ddb5-4fa4-a97d-d965ccfc6d4b" outcome="Passed" testListId="8a28f9f9-b23b-4242-a0eb-f110a4fb49c3" relativeResultsDirectory="bced5d99-1f4f-4880-aaee-092657c9a9b8">
    </UnitTestResult>
    <UnitTestResult executionId="44c3c9a8-9ab5-49ad-a907-8ddba67fef0a" testId="b569f32b-9a57-6258-f5c2-759fd6bc77db" testName="TestSaveAndRollback" computerName="UK017284" duration="00:00:01.6675235" startTime="2012-10-18T18:51:03.0552597+01:00" endTime="2012-10-18T18:51:04.7352620+01:00" testType="13cdc9d9-ddb5-4fa4-a97d-d965ccfc6d4b" outcome="Passed" testListId="8a28f9f9-b23b-4242-a0eb-f110a4fb49c3" relativeResultsDirectory="44c3c9a8-9ab5-49ad-a907-8ddba67fef0a">
    </UnitTestResult>
    <UnitTestResult executionId="2426df0a-d624-43e3-9d7f-096c08563d2c" testId="20fb7e57-9cdd-b09f-c18a-6c91d8874768" testName="TestSaveAndCommit" computerName="UK017284" duration="00:00:00.6735169" startTime="2012-10-18T18:51:04.7452620+01:00" endTime="2012-10-18T18:51:05.4252630+01:00" testType="13cdc9d9-ddb5-4fa4-a97d-d965ccfc6d4b" outcome="Passed" testListId="8a28f9f9-b23b-4242-a0eb-f110a4fb49c3" relativeResultsDirectory="2426df0a-d624-43e3-9d7f-096c08563d2c">
    </UnitTestResult>
  </Results>
</TestRun>