<?xml version="1.0" encoding="UTF-8"?>
<TestRun id="9e2b6d04-2e68-4274-93d8-c0ebbe099e2c" name="Steve@UK017284 2012-10-09 22:05:12" runUser="UK017284\Steve" xmlns="http://microsoft.com/schemas/VisualStudio/TeamTest/2010">
  <TestSettings name="Local" id="2d87ad09-0d8b-450c-b43f-7b624737ef90">
    <Description>These are default test settings for a local test run.</Description>
    <Deployment runDeploymentRoot="Steve_UK017284 2012-10-09 22_05_12">
      <DeploymentItem filename="C:\Personal\BookDatabase\packages\NHibernate.3.3.1.4000\lib\Net35\NHibernate.dll" />
      <DeploymentItem filename="C:\Personal\BookDatabase\packages\FluentNHibernate.1.3.0.733\lib\FluentNHibernate.dll" />
      <DeploymentItem filename="C:\Personal\BookDatabase\packages\log4net.2.0.0\lib\net40-full\log4net.dll" />
      <DeploymentItem filename="C:\Personal\BookDatabase\BookDatabase.Api\bin\Debug\BookDatabase.Api.dll" />
    </Deployment>
    <Execution>
      <TestTypeSpecific>
        <UnitTestRunConfig testTypeId="13cdc9d9-ddb5-4fa4-a97d-d965ccfc6d4b">
          <AssemblyResolution>
            <TestDirectory useLoadContext="true" />
          </AssemblyResolution>
        </UnitTestRunConfig>
        <WebTestRunConfiguration testTypeId="4e7599fa-5ecb-43e9-a887-cd63cf72d207">
          <Browser name="Internet Explorer 7.0">
            <Headers>
              <Header name="User-Agent" value="Mozilla/4.0 (compatible; MSIE 7.0; Windows NT 5.1)" />
              <Header name="Accept" value="*/*" />
              <Header name="Accept-Language" value="{{$IEAcceptLanguage}}" />
              <Header name="Accept-Encoding" value="GZIP" />
            </Headers>
          </Browser>
        </WebTestRunConfiguration>
      </TestTypeSpecific>
      <AgentRule name="LocalMachineDefaultRole">
        <DataCollectors>
          <DataCollector uri="datacollector://microsoft/CodeCoverage/1.0" assemblyQualifiedName="Microsoft.VisualStudio.TestTools.CodeCoverage.CoveragePlugIn, Microsoft.VisualStudio.QualityTools.Plugins.CodeCoverage, Version=10.0.0.0, Culture=neutral, PublicKeyToken=b03f5f7f11d50a3a" friendlyName="Code Coverage">
            <Configuration>
              <CodeCoverage xmlns="">
                <Regular>
                  <CodeCoverageItem binaryFile="C:\Personal\BookDatabase\BookDatabase.Web\bin\BookDatabase.Web.dll" pdbFile="C:\Personal\BookDatabase\BookDatabase.Web\bin\BookDatabase.Web.instr.pdb" instrumentInPlace="true" outputDirectory="BookDatabase.Web\Bin" />
                  <CodeCoverageItem binaryFile="C:\Personal\BookDatabase\BookDatabase.Api\bin\Debug\BookDatabase.Api.dll" pdbFile="C:\Personal\BookDatabase\BookDatabase.Api\bin\Debug\BookDatabase.Api.instr.pdb" instrumentInPlace="true" />
                </Regular>
                <AspNet>
                  <AspNetCodeCoverageItem id="d5ce6748-635c-4b93-8967-bb199c6a3ae5" name="BookDatabase.Web" applicationRoot="/" url="http://localhost:0/" />
                </AspNet>
              </CodeCoverage>
            </Configuration>
          </DataCollector>
        </DataCollectors>
      </AgentRule>
    </Execution>
  </TestSettings>
  <Times creation="2012-10-09T22:05:12.5671528+01:00" queuing="2012-10-09T22:05:17.7164473+01:00" start="2012-10-09T22:05:17.8274537+01:00" finish="2012-10-09T22:05:31.7382493+01:00" />
  <ResultSummary outcome="Failed">
    <Counters total="6" executed="6" passed="4" error="0" failed="2" timeout="0" aborted="0" inconclusive="0" passedButRunAborted="0" notRunnable="0" notExecuted="0" disconnected="0" warning="0" completed="0" inProgress="0" pending="0" />
    <RunInfos>
      <RunInfo computerName="UK017284" outcome="Warning" timestamp="2012-10-09T22:05:14.5942687+01:00">
        <Text>Warning: Test Run deployment issue: The assembly or module 'Iesi.Collections' directly or indirectly referenced by the test container 'c:\personal\bookdatabase\bookdatabase.api.tests\bin\debug\bookdatabase.api.tests.dll' was not found.</Text>
      </RunInfo>
    </RunInfos>
    <ResultFiles>
      <ResultFile path="UK017284\data.coverage" />
    </ResultFiles>
  </ResultSummary>
  <TestDefinitions>
    <UnitTest name="EqualityOperatorsTest" storage="c:\personal\bookdatabase\bookdatabase.api.tests\bin\debug\bookdatabase.api.tests.dll" id="5f968232-ea73-59ef-f037-1c482ffec7f9">
      <Execution id="107c040b-0e21-441c-bbd4-bd5d738946f1" />
      <TestMethod codeBase="C:/Personal/BookDatabase/BookDatabase.Api.Tests/bin/Debug/BookDatabase.Api.Tests.DLL" adapterTypeName="Microsoft.VisualStudio.TestTools.TestTypes.Unit.UnitTestAdapter, Microsoft.VisualStudio.QualityTools.Tips.UnitTest.Adapter, Version=10.0.0.0, Culture=neutral, PublicKeyToken=b03f5f7f11d50a3a" className="BookDatabase.Api.Tests.BusinessObjects.BusinessObjectTests, BookDatabase.Api.Tests, Version=1.0.0.0, Culture=neutral, PublicKeyToken=null" name="EqualityOperatorsTest" />
    </UnitTest>
    <UnitTest name="MappingsTest" storage="c:\personal\bookdatabase\bookdatabase.api.tests\bin\debug\bookdatabase.api.tests.dll" id="d8efba07-27ca-1415-5377-ef3f1a710e6d">
      <Execution id="2b4db4d4-cbe2-40b1-b805-9c1b8fc37d1b" />
      <TestMethod codeBase="C:/Personal/BookDatabase/BookDatabase.Api.Tests/bin/Debug/BookDatabase.Api.Tests.DLL" adapterTypeName="Microsoft.VisualStudio.TestTools.TestTypes.Unit.UnitTestAdapter, Microsoft.VisualStudio.QualityTools.Tips.UnitTest.Adapter, Version=10.0.0.0, Culture=neutral, PublicKeyToken=b03f5f7f11d50a3a" className="BookDatabase.Api.Tests.Mappings.Users.UserMappingTest, BookDatabase.Api.Tests, Version=1.0.0.0, Culture=neutral, PublicKeyToken=null" name="MappingsTest" />
    </UnitTest>
    <UnitTest name="IsNewTest" storage="c:\personal\bookdatabase\bookdatabase.api.tests\bin\debug\bookdatabase.api.tests.dll" id="69ccb285-2f44-6656-6e78-b6158a4c956d">
      <Execution id="2a2c2030-6e2e-45d7-819a-5a7aa4ed3569" />
      <TestMethod codeBase="C:/Personal/BookDatabase/BookDatabase.Api.Tests/bin/Debug/BookDatabase.Api.Tests.DLL" adapterTypeName="Microsoft.VisualStudio.TestTools.TestTypes.Unit.UnitTestAdapter, Microsoft.VisualStudio.QualityTools.Tips.UnitTest.Adapter, Version=10.0.0.0, Culture=neutral, PublicKeyToken=b03f5f7f11d50a3a" className="BookDatabase.Api.Tests.BusinessObjects.BusinessObjectTests, BookDatabase.Api.Tests, Version=1.0.0.0, Culture=neutral, PublicKeyToken=null" name="IsNewTest" />
    </UnitTest>
    <UnitTest name="EqualsMethodsTest" storage="c:\personal\bookdatabase\bookdatabase.api.tests\bin\debug\bookdatabase.api.tests.dll" id="feb8d5ee-92de-5812-d4cd-efb5920e8445">
      <Execution id="52c6d359-26ec-49e7-9c0e-b0a573d7fb71" />
      <TestMethod codeBase="C:/Personal/BookDatabase/BookDatabase.Api.Tests/bin/Debug/BookDatabase.Api.Tests.DLL" adapterTypeName="Microsoft.VisualStudio.TestTools.TestTypes.Unit.UnitTestAdapter, Microsoft.VisualStudio.QualityTools.Tips.UnitTest.Adapter, Version=10.0.0.0, Culture=neutral, PublicKeyToken=b03f5f7f11d50a3a" className="BookDatabase.Api.Tests.BusinessObjects.BusinessObjectTests, BookDatabase.Api.Tests, Version=1.0.0.0, Culture=neutral, PublicKeyToken=null" name="EqualsMethodsTest" />
    </UnitTest>
    <UnitTest name="GetHashCodeTest" storage="c:\personal\bookdatabase\bookdatabase.api.tests\bin\debug\bookdatabase.api.tests.dll" id="0835bebd-c3eb-6235-7b4f-1560788432b1">
      <Execution id="e424b53f-fdca-463d-978f-543dac212558" />
      <TestMethod codeBase="C:/Personal/BookDatabase/BookDatabase.Api.Tests/bin/Debug/BookDatabase.Api.Tests.DLL" adapterTypeName="Microsoft.VisualStudio.TestTools.TestTypes.Unit.UnitTestAdapter, Microsoft.VisualStudio.QualityTools.Tips.UnitTest.Adapter, Version=10.0.0.0, Culture=neutral, PublicKeyToken=b03f5f7f11d50a3a" className="BookDatabase.Api.Tests.BusinessObjects.BusinessObjectTests, BookDatabase.Api.Tests, Version=1.0.0.0, Culture=neutral, PublicKeyToken=null" name="GetHashCodeTest" />
    </UnitTest>
    <UnitTest name="UniqueNameTest" storage="c:\personal\bookdatabase\bookdatabase.api.tests\bin\debug\bookdatabase.api.tests.dll" id="5bd4587f-41e0-91b5-4794-a7646651402d">
      <Execution id="5064c5ee-a339-4f09-b7f5-f192daa2a5d0" />
      <TestMethod codeBase="C:/Personal/BookDatabase/BookDatabase.Api.Tests/bin/Debug/BookDatabase.Api.Tests.DLL" adapterTypeName="Microsoft.VisualStudio.TestTools.TestTypes.Unit.UnitTestAdapter, Microsoft.VisualStudio.QualityTools.Tips.UnitTest.Adapter, Version=10.0.0.0, Culture=neutral, PublicKeyToken=b03f5f7f11d50a3a" className="BookDatabase.Api.Tests.Mappings.Users.UserMappingTest, BookDatabase.Api.Tests, Version=1.0.0.0, Culture=neutral, PublicKeyToken=null" name="UniqueNameTest" />
    </UnitTest>
  </TestDefinitions>
  <TestLists>
    <TestList name="Unit Tests" id="8a28f9f9-b23b-4242-a0eb-f110a4fb49c3" parentListId="8c43106b-9dc1-4907-a29f-aa66a61bf5b6">
      <TestLinks>
        <TestLink id="0835bebd-c3eb-6235-7b4f-1560788432b1" name="GetHashCodeTest" storage="c:\personal\bookdatabase\bookdatabase.api.tests\bin\debug\bookdatabase.api.tests.dll" type="Microsoft.VisualStudio.TestTools.TestTypes.Unit.UnitTestElement, Microsoft.VisualStudio.QualityTools.Tips.UnitTest.ObjectModel, Version=10.0.0.0, Culture=neutral, PublicKeyToken=b03f5f7f11d50a3a" />
        <TestLink id="feb8d5ee-92de-5812-d4cd-efb5920e8445" name="EqualsMethodsTest" storage="c:\personal\bookdatabase\bookdatabase.api.tests\bin\debug\bookdatabase.api.tests.dll" type="Microsoft.VisualStudio.TestTools.TestTypes.Unit.UnitTestElement, Microsoft.VisualStudio.QualityTools.Tips.UnitTest.ObjectModel, Version=10.0.0.0, Culture=neutral, PublicKeyToken=b03f5f7f11d50a3a" />
        <TestLink id="69ccb285-2f44-6656-6e78-b6158a4c956d" name="IsNewTest" storage="c:\personal\bookdatabase\bookdatabase.api.tests\bin\debug\bookdatabase.api.tests.dll" type="Microsoft.VisualStudio.TestTools.TestTypes.Unit.UnitTestElement, Microsoft.VisualStudio.QualityTools.Tips.UnitTest.ObjectModel, Version=10.0.0.0, Culture=neutral, PublicKeyToken=b03f5f7f11d50a3a" />
        <TestLink id="5f968232-ea73-59ef-f037-1c482ffec7f9" name="EqualityOperatorsTest" storage="c:\personal\bookdatabase\bookdatabase.api.tests\bin\debug\bookdatabase.api.tests.dll" type="Microsoft.VisualStudio.TestTools.TestTypes.Unit.UnitTestElement, Microsoft.VisualStudio.QualityTools.Tips.UnitTest.ObjectModel, Version=10.0.0.0, Culture=neutral, PublicKeyToken=b03f5f7f11d50a3a" />
      </TestLinks>
    </TestList>
    <TestList name="All Loaded Results" id="19431567-8539-422a-85d7-44ee4e166bda" />
    <TestList name="Lists of Results" id="8c43106b-9dc1-4907-a29f-aa66a61bf5b6" />
    <TestList name="Integration Tests" id="79b14a06-edb4-4e10-9bec-ad659ff57ee9" parentListId="8c43106b-9dc1-4907-a29f-aa66a61bf5b6">
      <TestLinks>
        <TestLink id="5bd4587f-41e0-91b5-4794-a7646651402d" name="UniqueNameTest" storage="c:\personal\bookdatabase\bookdatabase.api.tests\bin\debug\bookdatabase.api.tests.dll" type="Microsoft.VisualStudio.TestTools.TestTypes.Unit.UnitTestElement, Microsoft.VisualStudio.QualityTools.Tips.UnitTest.ObjectModel, Version=10.0.0.0, Culture=neutral, PublicKeyToken=b03f5f7f11d50a3a" />
        <TestLink id="d8efba07-27ca-1415-5377-ef3f1a710e6d" name="MappingsTest" storage="c:\personal\bookdatabase\bookdatabase.api.tests\bin\debug\bookdatabase.api.tests.dll" type="Microsoft.VisualStudio.TestTools.TestTypes.Unit.UnitTestElement, Microsoft.VisualStudio.QualityTools.Tips.UnitTest.ObjectModel, Version=10.0.0.0, Culture=neutral, PublicKeyToken=b03f5f7f11d50a3a" />
      </TestLinks>
    </TestList>
  </TestLists>
  <TestEntries>
    <TestEntry testId="5bd4587f-41e0-91b5-4794-a7646651402d" executionId="5064c5ee-a339-4f09-b7f5-f192daa2a5d0" testListId="79b14a06-edb4-4e10-9bec-ad659ff57ee9" />
    <TestEntry testId="d8efba07-27ca-1415-5377-ef3f1a710e6d" executionId="2b4db4d4-cbe2-40b1-b805-9c1b8fc37d1b" testListId="79b14a06-edb4-4e10-9bec-ad659ff57ee9" />
    <TestEntry testId="5f968232-ea73-59ef-f037-1c482ffec7f9" executionId="107c040b-0e21-441c-bbd4-bd5d738946f1" testListId="8a28f9f9-b23b-4242-a0eb-f110a4fb49c3" />
    <TestEntry testId="0835bebd-c3eb-6235-7b4f-1560788432b1" executionId="e424b53f-fdca-463d-978f-543dac212558" testListId="8a28f9f9-b23b-4242-a0eb-f110a4fb49c3" />
    <TestEntry testId="feb8d5ee-92de-5812-d4cd-efb5920e8445" executionId="52c6d359-26ec-49e7-9c0e-b0a573d7fb71" testListId="8a28f9f9-b23b-4242-a0eb-f110a4fb49c3" />
    <TestEntry testId="69ccb285-2f44-6656-6e78-b6158a4c956d" executionId="2a2c2030-6e2e-45d7-819a-5a7aa4ed3569" testListId="8a28f9f9-b23b-4242-a0eb-f110a4fb49c3" />
  </TestEntries>
  <Results>
    <UnitTestResult executionId="5064c5ee-a339-4f09-b7f5-f192daa2a5d0" testId="5bd4587f-41e0-91b5-4794-a7646651402d" testName="UniqueNameTest" computerName="UK017284" duration="00:00:02.8560501" startTime="2012-10-09T22:05:26.3099388+01:00" endTime="2012-10-09T22:05:29.5581246+01:00" testType="13cdc9d9-ddb5-4fa4-a97d-d965ccfc6d4b" outcome="Failed" testListId="79b14a06-edb4-4e10-9bec-ad659ff57ee9" relativeResultsDirectory="5064c5ee-a339-4f09-b7f5-f192daa2a5d0">
      <Output>
        <StdErr>log4net:ERROR Failed to find configuration section 'log4net' in the application's .config file. Check your .config file for the &lt;log4net&gt; and &lt;configSections&gt; elements. The configuration section should look like: &lt;section name="log4net" type="log4net.Config.Log4NetConfigurationSectionHandler,log4net" /&gt;</StdErr>
        <DebugTrace>log4net:ERROR Failed to find configuration section 'log4net' in the application's .config file. Check your .config file for the &lt;log4net&gt; and &lt;configSections&gt; elements. The configuration section should look like: &lt;section name="log4net" type="log4net.Config.Log4NetConfigurationSectionHandler,log4net" /&gt;
</DebugTrace>
        <ErrorInfo>
          <Message>Initialization method BookDatabase.Api.Tests.Mappings.Users.UserMappingTest.TestInitialize threw exception. System.IO.FileNotFoundException: System.IO.FileNotFoundException: Could not load file or assembly 'Iesi.Collections, Version=1.0.1.0, Culture=neutral, PublicKeyToken=aa95f207798dfdb4' or one of its dependencies. The system cannot find the file specified.WRN: Assembly binding logging is turned OFF.
To enable assembly bind failure logging, set the registry value [HKLM\Software\Microsoft\Fusion!EnableLog] (DWORD) to 1.
Note: There is some performance penalty associated with assembly bind failure logging.
To turn this feature off, remove the registry value [HKLM\Software\Microsoft\Fusion!EnableLog].
.</Message>
          <StackTrace>    at NHibernate.Cfg.Configuration.Reset()
   at NHibernate.Cfg.Configuration..ctor(SettingsFactory settingsFactory)
   at FluentNHibernate.Cfg.Fluently.Configure()
   at BookDatabase.Api.Tests.IntegrationTest.ConfigureDatabase() in C:\Personal\BookDatabase\BookDatabase.Api.Tests\IntegrationTest.cs:line 133
   at BookDatabase.Api.Tests.IntegrationTest.TestInitialize() in C:\Personal\BookDatabase\BookDatabase.Api.Tests\IntegrationTest.cs:line 82
</StackTrace>
        </ErrorInfo>
      </Output>
    </UnitTestResult>
    <UnitTestResult executionId="2b4db4d4-cbe2-40b1-b805-9c1b8fc37d1b" testId="d8efba07-27ca-1415-5377-ef3f1a710e6d" testName="MappingsTest" computerName="UK017284" duration="00:00:00.0026380" startTime="2012-10-09T22:05:29.5611248+01:00" endTime="2012-10-09T22:05:29.5681252+01:00" testType="13cdc9d9-ddb5-4fa4-a97d-d965ccfc6d4b" outcome="Failed" testListId="79b14a06-edb4-4e10-9bec-ad659ff57ee9" relativeResultsDirectory="2b4db4d4-cbe2-40b1-b805-9c1b8fc37d1b">
      <Output>
        <ErrorInfo>
          <Message>Initialization method BookDatabase.Api.Tests.Mappings.Users.UserMappingTest.TestInitialize threw exception. System.InvalidOperationException: System.InvalidOperationException: TestInitialize failed to run.</Message>
          <StackTrace>    at BookDatabase.Api.Tests.IntegrationTest.TestInitialize() in C:\Personal\BookDatabase\BookDatabase.Api.Tests\IntegrationTest.cs:line 73
</StackTrace>
        </ErrorInfo>
      </Output>
    </UnitTestResult>
    <UnitTestResult executionId="107c040b-0e21-441c-bbd4-bd5d738946f1" testId="5f968232-ea73-59ef-f037-1c482ffec7f9" testName="EqualityOperatorsTest" computerName="UK017284" duration="00:00:00.0121594" startTime="2012-10-09T22:05:29.5711254+01:00" endTime="2012-10-09T22:05:29.5871263+01:00" testType="13cdc9d9-ddb5-4fa4-a97d-d965ccfc6d4b" outcome="Passed" testListId="8a28f9f9-b23b-4242-a0eb-f110a4fb49c3" relativeResultsDirectory="107c040b-0e21-441c-bbd4-bd5d738946f1">
    </UnitTestResult>
    <UnitTestResult executionId="e424b53f-fdca-463d-978f-543dac212558" testId="0835bebd-c3eb-6235-7b4f-1560788432b1" testName="GetHashCodeTest" computerName="UK017284" duration="00:00:00.0023070" startTime="2012-10-09T22:05:29.5901265+01:00" endTime="2012-10-09T22:05:29.5961268+01:00" testType="13cdc9d9-ddb5-4fa4-a97d-d965ccfc6d4b" outcome="Passed" testListId="8a28f9f9-b23b-4242-a0eb-f110a4fb49c3" relativeResultsDirectory="e424b53f-fdca-463d-978f-543dac212558">
    </UnitTestResult>
    <UnitTestResult executionId="52c6d359-26ec-49e7-9c0e-b0a573d7fb71" testId="feb8d5ee-92de-5812-d4cd-efb5920e8445" testName="EqualsMethodsTest" computerName="UK017284" duration="00:00:00.0009745" startTime="2012-10-09T22:05:29.5991270+01:00" endTime="2012-10-09T22:05:29.6031272+01:00" testType="13cdc9d9-ddb5-4fa4-a97d-d965ccfc6d4b" outcome="Passed" testListId="8a28f9f9-b23b-4242-a0eb-f110a4fb49c3" relativeResultsDirectory="52c6d359-26ec-49e7-9c0e-b0a573d7fb71">
    </UnitTestResult>
    <UnitTestResult executionId="2a2c2030-6e2e-45d7-819a-5a7aa4ed3569" testId="69ccb285-2f44-6656-6e78-b6158a4c956d" testName="IsNewTest" computerName="UK017284" duration="00:00:00.0254261" startTime="2012-10-09T22:05:29.6061274+01:00" endTime="2012-10-09T22:05:29.6351290+01:00" testType="13cdc9d9-ddb5-4fa4-a97d-d965ccfc6d4b" outcome="Passed" testListId="8a28f9f9-b23b-4242-a0eb-f110a4fb49c3" relativeResultsDirectory="2a2c2030-6e2e-45d7-819a-5a7aa4ed3569">
    </UnitTestResult>
  </Results>
</TestRun>