<?xml version="1.0" encoding="UTF-8"?>
<TestRun id="81802350-ce91-4321-bb39-9ad824923a08" name="Steve Barker@STEVE 2012-10-07 23:23:14" runUser="STEVE\Steve Barker" xmlns="http://microsoft.com/schemas/VisualStudio/TeamTest/2010">
  <TestSettings name="Local" id="2d87ad09-0d8b-450c-b43f-7b624737ef90">
    <Description>These are default test settings for a local test run.</Description>
    <Deployment runDeploymentRoot="Steve Barker_STEVE 2012-10-07 23_23_14">
      <DeploymentItem filename="E:\Programming\Microsoft .NET\ASP.NET\Projects\BookDatabase\BookDatabase.Api\bin\Debug\BookDatabase.Api.dll" />
    </Deployment>
    <Execution>
      <TestTypeSpecific>
        <UnitTestRunConfig testTypeId="13cdc9d9-ddb5-4fa4-a97d-d965ccfc6d4b">
          <AssemblyResolution>
            <TestDirectory useLoadContext="true" />
          </AssemblyResolution>
        </UnitTestRunConfig>
        <WebTestRunConfiguration testTypeId="4e7599fa-5ecb-43e9-a887-cd63cf72d207">
          <Browser name="Internet Explorer 7.0">
            <Headers>
              <Header name="User-Agent" value="Mozilla/4.0 (compatible; MSIE 7.0; Windows NT 5.1)" />
              <Header name="Accept" value="*/*" />
              <Header name="Accept-Language" value="{{$IEAcceptLanguage}}" />
              <Header name="Accept-Encoding" value="GZIP" />
            </Headers>
          </Browser>
        </WebTestRunConfiguration>
      </TestTypeSpecific>
      <AgentRule name="LocalMachineDefaultRole">
        <DataCollectors>
          <DataCollector uri="datacollector://microsoft/CodeCoverage/1.0" assemblyQualifiedName="Microsoft.VisualStudio.TestTools.CodeCoverage.CoveragePlugIn, Microsoft.VisualStudio.QualityTools.Plugins.CodeCoverage, Version=10.0.0.0, Culture=neutral, PublicKeyToken=b03f5f7f11d50a3a" friendlyName="Code Coverage">
            <Configuration>
              <CodeCoverage xmlns="">
                <Regular>
                  <CodeCoverageItem binaryFile="E:\Programming\Microsoft .NET\ASP.NET\Projects\BookDatabase\BookDatabase.Web\bin\BookDatabase.Web.dll" pdbFile="E:\Programming\Microsoft .NET\ASP.NET\Projects\BookDatabase\BookDatabase.Web\bin\BookDatabase.Web.instr.pdb" instrumentInPlace="true" outputDirectory="BookDatabase.Web\Bin" />
                  <CodeCoverageItem binaryFile="E:\Programming\Microsoft .NET\ASP.NET\Projects\BookDatabase\BookDatabase.Api\bin\Debug\BookDatabase.Api.dll" pdbFile="E:\Programming\Microsoft .NET\ASP.NET\Projects\BookDatabase\BookDatabase.Api\bin\Debug\BookDatabase.Api.instr.pdb" instrumentInPlace="true" />
                </Regular>
                <AspNet>
                  <AspNetCodeCoverageItem id="d5ce6748-635c-4b93-8967-bb199c6a3ae5" name="BookDatabase.Web" applicationRoot="/" url="http://localhost:0/" />
                </AspNet>
              </CodeCoverage>
            </Configuration>
          </DataCollector>
        </DataCollectors>
      </AgentRule>
    </Execution>
  </TestSettings>
  <Times creation="2012-10-07T23:23:14.6620000+01:00" queuing="2012-10-07T23:23:16.7460000+01:00" start="2012-10-07T23:23:16.8860000+01:00" finish="2012-10-07T23:23:25.8000000+01:00" />
  <ResultSummary outcome="Completed">
    <Counters total="2" executed="2" passed="2" error="0" failed="0" timeout="0" aborted="0" inconclusive="0" passedButRunAborted="0" notRunnable="0" notExecuted="0" disconnected="0" warning="0" completed="0" inProgress="0" pending="0" />
    <ResultFiles>
      <ResultFile path="STEVE\data.coverage" />
    </ResultFiles>
  </ResultSummary>
  <TestDefinitions>
    <UnitTest name="IsNewTest" storage="e:\programming\microsoft .net\asp.net\projects\bookdatabase\bookdatabase.api.tests\bin\debug\bookdatabase.api.tests.dll" id="69ccb285-2f44-6656-6e78-b6158a4c956d">
      <Execution id="835cd104-aaf5-4169-9bbb-56dbc3fde77f" />
      <TestMethod codeBase="E:/Programming/Microsoft .NET/ASP.NET/Projects/BookDatabase/BookDatabase.Api.Tests/bin/Debug/BookDatabase.Api.Tests.DLL" adapterTypeName="Microsoft.VisualStudio.TestTools.TestTypes.Unit.UnitTestAdapter, Microsoft.VisualStudio.QualityTools.Tips.UnitTest.Adapter, Version=10.0.0.0, Culture=neutral, PublicKeyToken=b03f5f7f11d50a3a" className="BookDatabase.Api.Tests.BusinessObjects.BusinessObjectTests, BookDatabase.Api.Tests, Version=1.0.0.0, Culture=neutral, PublicKeyToken=null" name="IsNewTest" />
    </UnitTest>
    <UnitTest name="EqualsTest" storage="e:\programming\microsoft .net\asp.net\projects\bookdatabase\bookdatabase.api.tests\bin\debug\bookdatabase.api.tests.dll" id="62ba4f0c-59b4-5e12-bfb0-c7354af58a03">
      <Execution id="27930b04-f162-413f-851b-d97d17132525" />
      <TestMethod codeBase="E:/Programming/Microsoft .NET/ASP.NET/Projects/BookDatabase/BookDatabase.Api.Tests/bin/Debug/BookDatabase.Api.Tests.DLL" adapterTypeName="Microsoft.VisualStudio.TestTools.TestTypes.Unit.UnitTestAdapter, Microsoft.VisualStudio.QualityTools.Tips.UnitTest.Adapter, Version=10.0.0.0, Culture=neutral, PublicKeyToken=b03f5f7f11d50a3a" className="BookDatabase.Api.Tests.BusinessObjects.BusinessObjectTests, BookDatabase.Api.Tests, Version=1.0.0.0, Culture=neutral, PublicKeyToken=null" name="EqualsTest" />
    </UnitTest>
  </TestDefinitions>
  <TestLists>
    <TestList name="Unit Tests" id="8a28f9f9-b23b-4242-a0eb-f110a4fb49c3" parentListId="8c43106b-9dc1-4907-a29f-aa66a61bf5b6">
      <TestLinks>
        <TestLink id="69ccb285-2f44-6656-6e78-b6158a4c956d" name="IsNewTest" storage="e:\programming\microsoft .net\asp.net\projects\bookdatabase\bookdatabase.api.tests\bin\debug\bookdatabase.api.tests.dll" type="Microsoft.VisualStudio.TestTools.TestTypes.Unit.UnitTestElement, Microsoft.VisualStudio.QualityTools.Tips.UnitTest.ObjectModel, Version=10.0.0.0, Culture=neutral, PublicKeyToken=b03f5f7f11d50a3a" />
        <TestLink id="62ba4f0c-59b4-5e12-bfb0-c7354af58a03" name="EqualsTest" storage="e:\programming\microsoft .net\asp.net\projects\bookdatabase\bookdatabase.api.tests\bin\debug\bookdatabase.api.tests.dll" type="Microsoft.VisualStudio.TestTools.TestTypes.Unit.UnitTestElement, Microsoft.VisualStudio.QualityTools.Tips.UnitTest.ObjectModel, Version=10.0.0.0, Culture=neutral, PublicKeyToken=b03f5f7f11d50a3a" />
      </TestLinks>
    </TestList>
    <TestList name="All Loaded Results" id="19431567-8539-422a-85d7-44ee4e166bda" />
    <TestList name="Lists of Results" id="8c43106b-9dc1-4907-a29f-aa66a61bf5b6" />
  </TestLists>
  <TestEntries>
    <TestEntry testId="62ba4f0c-59b4-5e12-bfb0-c7354af58a03" executionId="27930b04-f162-413f-851b-d97d17132525" testListId="8a28f9f9-b23b-4242-a0eb-f110a4fb49c3" />
    <TestEntry testId="69ccb285-2f44-6656-6e78-b6158a4c956d" executionId="835cd104-aaf5-4169-9bbb-56dbc3fde77f" testListId="8a28f9f9-b23b-4242-a0eb-f110a4fb49c3" />
  </TestEntries>
  <Results>
    <UnitTestResult executionId="27930b04-f162-413f-851b-d97d17132525" testId="62ba4f0c-59b4-5e12-bfb0-c7354af58a03" testName="EqualsTest" computerName="STEVE" duration="00:00:00.0244828" startTime="2012-10-07T23:23:23.4140000+01:00" endTime="2012-10-07T23:23:23.6960000+01:00" testType="13cdc9d9-ddb5-4fa4-a97d-d965ccfc6d4b" outcome="Passed" testListId="8a28f9f9-b23b-4242-a0eb-f110a4fb49c3" relativeResultsDirectory="27930b04-f162-413f-851b-d97d17132525">
    </UnitTestResult>
    <UnitTestResult executionId="835cd104-aaf5-4169-9bbb-56dbc3fde77f" testId="69ccb285-2f44-6656-6e78-b6158a4c956d" testName="IsNewTest" computerName="STEVE" duration="00:00:00.0009227" startTime="2012-10-07T23:23:23.6960000+01:00" endTime="2012-10-07T23:23:23.7060000+01:00" testType="13cdc9d9-ddb5-4fa4-a97d-d965ccfc6d4b" outcome="Passed" testListId="8a28f9f9-b23b-4242-a0eb-f110a4fb49c3" relativeResultsDirectory="835cd104-aaf5-4169-9bbb-56dbc3fde77f">
    </UnitTestResult>
  </Results>
</TestRun>