<?xml version="1.0" encoding="UTF-8"?>
<TestRun id="7a2cf2af-3075-43fd-8a25-0645afc5bb1c" name="Steve@UK017284 2012-10-14 21:02:50" runUser="UK017284\Steve" xmlns="http://microsoft.com/schemas/VisualStudio/TeamTest/2010">
  <TestSettings name="Local" id="2d87ad09-0d8b-450c-b43f-7b624737ef90">
    <Description>These are default test settings for a local test run.</Description>
    <Deployment runDeploymentRoot="Steve_UK017284 2012-10-14 21_02_50">
      <DeploymentItem filename="C:\Personal\BookDatabase\packages\log4net.2.0.0\lib\net40-full\log4net.dll" />
      <DeploymentItem filename="C:\Personal\BookDatabase\packages\Castle.Core.3.1.0\lib\net35\Castle.Core.dll" />
      <DeploymentItem filename="C:\Personal\BookDatabase\packages\FluentNHibernate.1.3.0.733\lib\FluentNHibernate.dll" />
      <DeploymentItem filename="C:\Personal\BookDatabase\packages\NHibernate.3.3.1.4000\lib\Net35\NHibernate.dll" />
      <DeploymentItem filename="C:\Personal\BookDatabase\BookDatabase.Api\bin\Debug\BookDatabase.Api.dll" />
      <DeploymentItem filename="C:\Personal\BookDatabase\packages\Moq.4.0.10827\lib\NET40\Moq.dll" />
      <DeploymentItem filename="C:\Personal\BookDatabase\packages\Iesi.Collections.3.2.0.4000\lib\Net35\Iesi.Collections.dll" />
    </Deployment>
    <Execution>
      <TestTypeSpecific>
        <UnitTestRunConfig testTypeId="13cdc9d9-ddb5-4fa4-a97d-d965ccfc6d4b">
          <AssemblyResolution>
            <TestDirectory useLoadContext="true" />
          </AssemblyResolution>
        </UnitTestRunConfig>
        <WebTestRunConfiguration testTypeId="4e7599fa-5ecb-43e9-a887-cd63cf72d207">
          <Browser name="Internet Explorer 7.0">
            <Headers>
              <Header name="User-Agent" value="Mozilla/4.0 (compatible; MSIE 7.0; Windows NT 5.1)" />
              <Header name="Accept" value="*/*" />
              <Header name="Accept-Language" value="{{$IEAcceptLanguage}}" />
              <Header name="Accept-Encoding" value="GZIP" />
            </Headers>
          </Browser>
        </WebTestRunConfiguration>
      </TestTypeSpecific>
      <AgentRule name="LocalMachineDefaultRole">
        <DataCollectors>
          <DataCollector uri="datacollector://microsoft/CodeCoverage/1.0" assemblyQualifiedName="Microsoft.VisualStudio.TestTools.CodeCoverage.CoveragePlugIn, Microsoft.VisualStudio.QualityTools.Plugins.CodeCoverage, Version=10.0.0.0, Culture=neutral, PublicKeyToken=b03f5f7f11d50a3a" friendlyName="Code Coverage">
            <Configuration>
              <CodeCoverage xmlns="">
                <Regular>
                  <CodeCoverageItem binaryFile="C:\Personal\BookDatabase\BookDatabase.Web\bin\BookDatabase.Web.dll" pdbFile="C:\Personal\BookDatabase\BookDatabase.Web\bin\BookDatabase.Web.instr.pdb" instrumentInPlace="true" outputDirectory="BookDatabase.Web\Bin" />
                  <CodeCoverageItem binaryFile="C:\Personal\BookDatabase\BookDatabase.Api\bin\Debug\BookDatabase.Api.dll" pdbFile="C:\Personal\BookDatabase\BookDatabase.Api\bin\Debug\BookDatabase.Api.instr.pdb" instrumentInPlace="true" />
                </Regular>
                <AspNet>
                  <AspNetCodeCoverageItem id="d5ce6748-635c-4b93-8967-bb199c6a3ae5" name="BookDatabase.Web" applicationRoot="/" url="http://localhost:0/" />
                </AspNet>
              </CodeCoverage>
            </Configuration>
          </DataCollector>
        </DataCollectors>
      </AgentRule>
    </Execution>
  </TestSettings>
  <Times creation="2012-10-14T21:02:50.7639921+01:00" queuing="2012-10-14T21:02:51.7639935+01:00" start="2012-10-14T21:02:51.8439936+01:00" finish="2012-10-14T21:02:58.6840031+01:00" />
  <ResultSummary outcome="Completed">
    <Counters total="8" executed="8" passed="8" error="0" failed="0" timeout="0" aborted="0" inconclusive="0" passedButRunAborted="0" notRunnable="0" notExecuted="0" disconnected="0" warning="0" completed="0" inProgress="0" pending="0" />
    <ResultFiles>
      <ResultFile path="UK017284\data.coverage" />
    </ResultFiles>
  </ResultSummary>
  <TestDefinitions>
    <UnitTest name="EqualityOperatorsTest" storage="c:\personal\bookdatabase\bookdatabase.api.tests\bin\debug\bookdatabase.api.tests.dll" id="5f968232-ea73-59ef-f037-1c482ffec7f9">
      <Execution id="f2f22064-ec1c-4766-afbc-bc402fe43bd5" />
      <TestMethod codeBase="C:/Personal/BookDatabase/BookDatabase.Api.Tests/bin/Debug/BookDatabase.Api.Tests.DLL" adapterTypeName="Microsoft.VisualStudio.TestTools.TestTypes.Unit.UnitTestAdapter, Microsoft.VisualStudio.QualityTools.Tips.UnitTest.Adapter, Version=10.0.0.0, Culture=neutral, PublicKeyToken=b03f5f7f11d50a3a" className="BookDatabase.Api.Tests.BusinessObjects.BusinessObjectTests, BookDatabase.Api.Tests, Version=1.0.0.0, Culture=neutral, PublicKeyToken=null" name="EqualityOperatorsTest" />
    </UnitTest>
    <UnitTest name="GetByIdTest" storage="c:\personal\bookdatabase\bookdatabase.api.tests\bin\debug\bookdatabase.api.tests.dll" id="29fc06c4-929c-34a4-7fdb-b207bcf5e089">
      <Execution id="d199e2d5-248f-4662-96a9-7c145a98011b" />
      <TestMethod codeBase="C:/Personal/BookDatabase/BookDatabase.Api.Tests/bin/Debug/BookDatabase.Api.Tests.DLL" adapterTypeName="Microsoft.VisualStudio.TestTools.TestTypes.Unit.UnitTestAdapter, Microsoft.VisualStudio.QualityTools.Tips.UnitTest.Adapter, Version=10.0.0.0, Culture=neutral, PublicKeyToken=b03f5f7f11d50a3a" className="BookDatabase.Api.Tests.Data.Repositories.RepositoryTests, BookDatabase.Api.Tests, Version=1.0.0.0, Culture=neutral, PublicKeyToken=null" name="GetByIdTest" />
    </UnitTest>
    <UnitTest name="MappingsTest" storage="c:\personal\bookdatabase\bookdatabase.api.tests\bin\debug\bookdatabase.api.tests.dll" id="0aeda2e7-79a3-7ffe-0672-3e6cf9b29613">
      <Execution id="6ac3c0e3-371a-49d6-9d5c-8cacf8feb718" />
      <TestMethod codeBase="C:/Personal/BookDatabase/BookDatabase.Api.Tests/bin/Debug/BookDatabase.Api.Tests.DLL" adapterTypeName="Microsoft.VisualStudio.TestTools.TestTypes.Unit.UnitTestAdapter, Microsoft.VisualStudio.QualityTools.Tips.UnitTest.Adapter, Version=10.0.0.0, Culture=neutral, PublicKeyToken=b03f5f7f11d50a3a" className="BookDatabase.Api.Tests.Mappings.Users.UserMappingTests, BookDatabase.Api.Tests, Version=1.0.0.0, Culture=neutral, PublicKeyToken=null" name="MappingsTest" />
    </UnitTest>
    <UnitTest name="IsNewTest" storage="c:\personal\bookdatabase\bookdatabase.api.tests\bin\debug\bookdatabase.api.tests.dll" id="69ccb285-2f44-6656-6e78-b6158a4c956d">
      <Execution id="b7e88766-7c74-466e-9e4b-7002fd14db8f" />
      <TestMethod codeBase="C:/Personal/BookDatabase/BookDatabase.Api.Tests/bin/Debug/BookDatabase.Api.Tests.DLL" adapterTypeName="Microsoft.VisualStudio.TestTools.TestTypes.Unit.UnitTestAdapter, Microsoft.VisualStudio.QualityTools.Tips.UnitTest.Adapter, Version=10.0.0.0, Culture=neutral, PublicKeyToken=b03f5f7f11d50a3a" className="BookDatabase.Api.Tests.BusinessObjects.BusinessObjectTests, BookDatabase.Api.Tests, Version=1.0.0.0, Culture=neutral, PublicKeyToken=null" name="IsNewTest" />
    </UnitTest>
    <UnitTest name="GetAllTest" storage="c:\personal\bookdatabase\bookdatabase.api.tests\bin\debug\bookdatabase.api.tests.dll" id="9f05c7b2-0675-d57d-0fcc-ae4480dd4d4c">
      <Execution id="21b5ae4b-406d-4fb1-873b-e0cb8b5f5839" />
      <TestMethod codeBase="C:/Personal/BookDatabase/BookDatabase.Api.Tests/bin/Debug/BookDatabase.Api.Tests.DLL" adapterTypeName="Microsoft.VisualStudio.TestTools.TestTypes.Unit.UnitTestAdapter, Microsoft.VisualStudio.QualityTools.Tips.UnitTest.Adapter, Version=10.0.0.0, Culture=neutral, PublicKeyToken=b03f5f7f11d50a3a" className="BookDatabase.Api.Tests.Data.Repositories.RepositoryTests, BookDatabase.Api.Tests, Version=1.0.0.0, Culture=neutral, PublicKeyToken=null" name="GetAllTest" />
    </UnitTest>
    <UnitTest name="UniqueNameTest" storage="c:\personal\bookdatabase\bookdatabase.api.tests\bin\debug\bookdatabase.api.tests.dll" id="0ffb65c9-a283-8957-c4cc-3455315a6cfb">
      <Execution id="b8d3a2a4-ae41-4747-b3e5-0bbdf6d785bc" />
      <TestMethod codeBase="C:/Personal/BookDatabase/BookDatabase.Api.Tests/bin/Debug/BookDatabase.Api.Tests.DLL" adapterTypeName="Microsoft.VisualStudio.TestTools.TestTypes.Unit.UnitTestAdapter, Microsoft.VisualStudio.QualityTools.Tips.UnitTest.Adapter, Version=10.0.0.0, Culture=neutral, PublicKeyToken=b03f5f7f11d50a3a" className="BookDatabase.Api.Tests.Mappings.Users.UserMappingTests, BookDatabase.Api.Tests, Version=1.0.0.0, Culture=neutral, PublicKeyToken=null" name="UniqueNameTest" />
    </UnitTest>
    <UnitTest name="EqualsMethodsTest" storage="c:\personal\bookdatabase\bookdatabase.api.tests\bin\debug\bookdatabase.api.tests.dll" id="feb8d5ee-92de-5812-d4cd-efb5920e8445">
      <Execution id="9982672f-b822-4f94-96aa-cb011468a601" />
      <TestMethod codeBase="C:/Personal/BookDatabase/BookDatabase.Api.Tests/bin/Debug/BookDatabase.Api.Tests.DLL" adapterTypeName="Microsoft.VisualStudio.TestTools.TestTypes.Unit.UnitTestAdapter, Microsoft.VisualStudio.QualityTools.Tips.UnitTest.Adapter, Version=10.0.0.0, Culture=neutral, PublicKeyToken=b03f5f7f11d50a3a" className="BookDatabase.Api.Tests.BusinessObjects.BusinessObjectTests, BookDatabase.Api.Tests, Version=1.0.0.0, Culture=neutral, PublicKeyToken=null" name="EqualsMethodsTest" />
    </UnitTest>
    <UnitTest name="GetHashCodeTest" storage="c:\personal\bookdatabase\bookdatabase.api.tests\bin\debug\bookdatabase.api.tests.dll" id="0835bebd-c3eb-6235-7b4f-1560788432b1">
      <Execution id="0a31d241-e872-47b7-9073-a3fc727ea18a" />
      <TestMethod codeBase="C:/Personal/BookDatabase/BookDatabase.Api.Tests/bin/Debug/BookDatabase.Api.Tests.DLL" adapterTypeName="Microsoft.VisualStudio.TestTools.TestTypes.Unit.UnitTestAdapter, Microsoft.VisualStudio.QualityTools.Tips.UnitTest.Adapter, Version=10.0.0.0, Culture=neutral, PublicKeyToken=b03f5f7f11d50a3a" className="BookDatabase.Api.Tests.BusinessObjects.BusinessObjectTests, BookDatabase.Api.Tests, Version=1.0.0.0, Culture=neutral, PublicKeyToken=null" name="GetHashCodeTest" />
    </UnitTest>
  </TestDefinitions>
  <TestLists>
    <TestList name="Unit Tests" id="8a28f9f9-b23b-4242-a0eb-f110a4fb49c3" parentListId="8c43106b-9dc1-4907-a29f-aa66a61bf5b6">
      <TestLinks>
        <TestLink id="5f968232-ea73-59ef-f037-1c482ffec7f9" name="EqualityOperatorsTest" storage="c:\personal\bookdatabase\bookdatabase.api.tests\bin\debug\bookdatabase.api.tests.dll" type="Microsoft.VisualStudio.TestTools.TestTypes.Unit.UnitTestElement, Microsoft.VisualStudio.QualityTools.Tips.UnitTest.ObjectModel, Version=10.0.0.0, Culture=neutral, PublicKeyToken=b03f5f7f11d50a3a" />
        <TestLink id="0835bebd-c3eb-6235-7b4f-1560788432b1" name="GetHashCodeTest" storage="c:\personal\bookdatabase\bookdatabase.api.tests\bin\debug\bookdatabase.api.tests.dll" type="Microsoft.VisualStudio.TestTools.TestTypes.Unit.UnitTestElement, Microsoft.VisualStudio.QualityTools.Tips.UnitTest.ObjectModel, Version=10.0.0.0, Culture=neutral, PublicKeyToken=b03f5f7f11d50a3a" />
        <TestLink id="29fc06c4-929c-34a4-7fdb-b207bcf5e089" name="GetByIdTest" storage="c:\personal\bookdatabase\bookdatabase.api.tests\bin\debug\bookdatabase.api.tests.dll" type="Microsoft.VisualStudio.TestTools.TestTypes.Unit.UnitTestElement, Microsoft.VisualStudio.QualityTools.Tips.UnitTest.ObjectModel, Version=10.0.0.0, Culture=neutral, PublicKeyToken=b03f5f7f11d50a3a" />
        <TestLink id="69ccb285-2f44-6656-6e78-b6158a4c956d" name="IsNewTest" storage="c:\personal\bookdatabase\bookdatabase.api.tests\bin\debug\bookdatabase.api.tests.dll" type="Microsoft.VisualStudio.TestTools.TestTypes.Unit.UnitTestElement, Microsoft.VisualStudio.QualityTools.Tips.UnitTest.ObjectModel, Version=10.0.0.0, Culture=neutral, PublicKeyToken=b03f5f7f11d50a3a" />
        <TestLink id="feb8d5ee-92de-5812-d4cd-efb5920e8445" name="EqualsMethodsTest" storage="c:\personal\bookdatabase\bookdatabase.api.tests\bin\debug\bookdatabase.api.tests.dll" type="Microsoft.VisualStudio.TestTools.TestTypes.Unit.UnitTestElement, Microsoft.VisualStudio.QualityTools.Tips.UnitTest.ObjectModel, Version=10.0.0.0, Culture=neutral, PublicKeyToken=b03f5f7f11d50a3a" />
        <TestLink id="9f05c7b2-0675-d57d-0fcc-ae4480dd4d4c" name="GetAllTest" storage="c:\personal\bookdatabase\bookdatabase.api.tests\bin\debug\bookdatabase.api.tests.dll" type="Microsoft.VisualStudio.TestTools.TestTypes.Unit.UnitTestElement, Microsoft.VisualStudio.QualityTools.Tips.UnitTest.ObjectModel, Version=10.0.0.0, Culture=neutral, PublicKeyToken=b03f5f7f11d50a3a" />
      </TestLinks>
    </TestList>
    <TestList name="All Loaded Results" id="19431567-8539-422a-85d7-44ee4e166bda" />
    <TestList name="Lists of Results" id="8c43106b-9dc1-4907-a29f-aa66a61bf5b6" />
    <TestList name="Integration Tests" id="79b14a06-edb4-4e10-9bec-ad659ff57ee9" parentListId="8c43106b-9dc1-4907-a29f-aa66a61bf5b6">
      <TestLinks>
        <TestLink id="0ffb65c9-a283-8957-c4cc-3455315a6cfb" name="UniqueNameTest" storage="c:\personal\bookdatabase\bookdatabase.api.tests\bin\debug\bookdatabase.api.tests.dll" type="Microsoft.VisualStudio.TestTools.TestTypes.Unit.UnitTestElement, Microsoft.VisualStudio.QualityTools.Tips.UnitTest.ObjectModel, Version=10.0.0.0, Culture=neutral, PublicKeyToken=b03f5f7f11d50a3a" />
        <TestLink id="0aeda2e7-79a3-7ffe-0672-3e6cf9b29613" name="MappingsTest" storage="c:\personal\bookdatabase\bookdatabase.api.tests\bin\debug\bookdatabase.api.tests.dll" type="Microsoft.VisualStudio.TestTools.TestTypes.Unit.UnitTestElement, Microsoft.VisualStudio.QualityTools.Tips.UnitTest.ObjectModel, Version=10.0.0.0, Culture=neutral, PublicKeyToken=b03f5f7f11d50a3a" />
      </TestLinks>
    </TestList>
  </TestLists>
  <TestEntries>
    <TestEntry testId="0ffb65c9-a283-8957-c4cc-3455315a6cfb" executionId="b8d3a2a4-ae41-4747-b3e5-0bbdf6d785bc" testListId="79b14a06-edb4-4e10-9bec-ad659ff57ee9" />
    <TestEntry testId="0aeda2e7-79a3-7ffe-0672-3e6cf9b29613" executionId="6ac3c0e3-371a-49d6-9d5c-8cacf8feb718" testListId="79b14a06-edb4-4e10-9bec-ad659ff57ee9" />
    <TestEntry testId="5f968232-ea73-59ef-f037-1c482ffec7f9" executionId="f2f22064-ec1c-4766-afbc-bc402fe43bd5" testListId="8a28f9f9-b23b-4242-a0eb-f110a4fb49c3" />
    <TestEntry testId="0835bebd-c3eb-6235-7b4f-1560788432b1" executionId="0a31d241-e872-47b7-9073-a3fc727ea18a" testListId="8a28f9f9-b23b-4242-a0eb-f110a4fb49c3" />
    <TestEntry testId="feb8d5ee-92de-5812-d4cd-efb5920e8445" executionId="9982672f-b822-4f94-96aa-cb011468a601" testListId="8a28f9f9-b23b-4242-a0eb-f110a4fb49c3" />
    <TestEntry testId="69ccb285-2f44-6656-6e78-b6158a4c956d" executionId="b7e88766-7c74-466e-9e4b-7002fd14db8f" testListId="8a28f9f9-b23b-4242-a0eb-f110a4fb49c3" />
    <TestEntry testId="29fc06c4-929c-34a4-7fdb-b207bcf5e089" executionId="d199e2d5-248f-4662-96a9-7c145a98011b" testListId="8a28f9f9-b23b-4242-a0eb-f110a4fb49c3" />
    <TestEntry testId="9f05c7b2-0675-d57d-0fcc-ae4480dd4d4c" executionId="21b5ae4b-406d-4fb1-873b-e0cb8b5f5839" testListId="8a28f9f9-b23b-4242-a0eb-f110a4fb49c3" />
  </TestEntries>
  <Results>
    <UnitTestResult executionId="b8d3a2a4-ae41-4747-b3e5-0bbdf6d785bc" testId="0ffb65c9-a283-8957-c4cc-3455315a6cfb" testName="UniqueNameTest" computerName="UK017284" duration="00:00:01.7247912" startTime="2012-10-14T21:02:54.7139976+01:00" endTime="2012-10-14T21:02:56.6440003+01:00" testType="13cdc9d9-ddb5-4fa4-a97d-d965ccfc6d4b" outcome="Passed" testListId="79b14a06-edb4-4e10-9bec-ad659ff57ee9" relativeResultsDirectory="b8d3a2a4-ae41-4747-b3e5-0bbdf6d785bc">
      <Output>
        <StdOut>NHibernate: INSERT INTO [User] (UserName, Password, FirstName, LastName) VALUES (@p0, @p1, @p2, @p3); select SCOPE_IDENTITY();@p0 = 'UserName1' [Type: String (4000)], @p1 = 'Password' [Type: String (4000)], @p2 = 'FirstName' [Type: String (4000)], @p3 = 'LastName' [Type: String (4000)]
NHibernate: INSERT INTO [User] (UserName, Password, FirstName, LastName) VALUES (@p0, @p1, @p2, @p3); select SCOPE_IDENTITY();@p0 = 'UserName1' [Type: String (4000)], @p1 = 'Password' [Type: String (4000)], @p2 = 'FirstName' [Type: String (4000)], @p3 = 'LastName' [Type: String (4000)]</StdOut>
        <StdErr>log4net:ERROR Failed to find configuration section 'log4net' in the application's .config file. Check your .config file for the &lt;log4net&gt; and &lt;configSections&gt; elements. The configuration section should look like: &lt;section name="log4net" type="log4net.Config.Log4NetConfigurationSectionHandler,log4net" /&gt;</StdErr>
        <DebugTrace>log4net:ERROR Failed to find configuration section 'log4net' in the application's .config file. Check your .config file for the &lt;log4net&gt; and &lt;configSections&gt; elements. The configuration section should look like: &lt;section name="log4net" type="log4net.Config.Log4NetConfigurationSectionHandler,log4net" /&gt;
</DebugTrace>
      </Output>
    </UnitTestResult>
    <UnitTestResult executionId="6ac3c0e3-371a-49d6-9d5c-8cacf8feb718" testId="0aeda2e7-79a3-7ffe-0672-3e6cf9b29613" testName="MappingsTest" computerName="UK017284" duration="00:00:00.1097071" startTime="2012-10-14T21:02:56.6540003+01:00" endTime="2012-10-14T21:02:56.7640005+01:00" testType="13cdc9d9-ddb5-4fa4-a97d-d965ccfc6d4b" outcome="Passed" testListId="79b14a06-edb4-4e10-9bec-ad659ff57ee9" relativeResultsDirectory="6ac3c0e3-371a-49d6-9d5c-8cacf8feb718">
      <Output>
        <StdOut>NHibernate: INSERT INTO [User] (UserName, Password, FirstName, LastName) VALUES (@p0, @p1, @p2, @p3); select SCOPE_IDENTITY();@p0 = 'UserName' [Type: String (4000)], @p1 = 'Password' [Type: String (4000)], @p2 = 'FirstName' [Type: String (4000)], @p3 = 'LastName' [Type: String (4000)]
NHibernate: SELECT user0_.Id as Id0_0_, user0_.UserName as UserName0_0_, user0_.Password as Password0_0_, user0_.FirstName as FirstName0_0_, user0_.LastName as LastName0_0_ FROM [User] user0_ WHERE user0_.Id=@p0;@p0 = 3 [Type: Int32 (0)]</StdOut>
      </Output>
    </UnitTestResult>
    <UnitTestResult executionId="f2f22064-ec1c-4766-afbc-bc402fe43bd5" testId="5f968232-ea73-59ef-f037-1c482ffec7f9" testName="EqualityOperatorsTest" computerName="UK017284" duration="00:00:00.0027235" startTime="2012-10-14T21:02:56.7640005+01:00" endTime="2012-10-14T21:02:56.7740005+01:00" testType="13cdc9d9-ddb5-4fa4-a97d-d965ccfc6d4b" outcome="Passed" testListId="8a28f9f9-b23b-4242-a0eb-f110a4fb49c3" relativeResultsDirectory="f2f22064-ec1c-4766-afbc-bc402fe43bd5">
    </UnitTestResult>
    <UnitTestResult executionId="0a31d241-e872-47b7-9073-a3fc727ea18a" testId="0835bebd-c3eb-6235-7b4f-1560788432b1" testName="GetHashCodeTest" computerName="UK017284" duration="00:00:00.0020575" startTime="2012-10-14T21:02:56.7740005+01:00" endTime="2012-10-14T21:02:56.7840005+01:00" testType="13cdc9d9-ddb5-4fa4-a97d-d965ccfc6d4b" outcome="Passed" testListId="8a28f9f9-b23b-4242-a0eb-f110a4fb49c3" relativeResultsDirectory="0a31d241-e872-47b7-9073-a3fc727ea18a">
    </UnitTestResult>
    <UnitTestResult executionId="9982672f-b822-4f94-96aa-cb011468a601" testId="feb8d5ee-92de-5812-d4cd-efb5920e8445" testName="EqualsMethodsTest" computerName="UK017284" duration="00:00:00.0007173" startTime="2012-10-14T21:02:56.7840005+01:00" endTime="2012-10-14T21:02:56.7840005+01:00" testType="13cdc9d9-ddb5-4fa4-a97d-d965ccfc6d4b" outcome="Passed" testListId="8a28f9f9-b23b-4242-a0eb-f110a4fb49c3" relativeResultsDirectory="9982672f-b822-4f94-96aa-cb011468a601">
    </UnitTestResult>
    <UnitTestResult executionId="b7e88766-7c74-466e-9e4b-7002fd14db8f" testId="69ccb285-2f44-6656-6e78-b6158a4c956d" testName="IsNewTest" computerName="UK017284" duration="00:00:00.0003060" startTime="2012-10-14T21:02:56.7940005+01:00" endTime="2012-10-14T21:02:56.7940005+01:00" testType="13cdc9d9-ddb5-4fa4-a97d-d965ccfc6d4b" outcome="Passed" testListId="8a28f9f9-b23b-4242-a0eb-f110a4fb49c3" relativeResultsDirectory="b7e88766-7c74-466e-9e4b-7002fd14db8f">
    </UnitTestResult>
    <UnitTestResult executionId="d199e2d5-248f-4662-96a9-7c145a98011b" testId="29fc06c4-929c-34a4-7fdb-b207bcf5e089" testName="GetByIdTest" computerName="UK017284" duration="00:00:00.3999896" startTime="2012-10-14T21:02:56.7940005+01:00" endTime="2012-10-14T21:02:57.1940011+01:00" testType="13cdc9d9-ddb5-4fa4-a97d-d965ccfc6d4b" outcome="Passed" testListId="8a28f9f9-b23b-4242-a0eb-f110a4fb49c3" relativeResultsDirectory="d199e2d5-248f-4662-96a9-7c145a98011b">
    </UnitTestResult>
    <UnitTestResult executionId="21b5ae4b-406d-4fb1-873b-e0cb8b5f5839" testId="9f05c7b2-0675-d57d-0fcc-ae4480dd4d4c" testName="GetAllTest" computerName="UK017284" duration="00:00:00.0586065" startTime="2012-10-14T21:02:57.2040011+01:00" endTime="2012-10-14T21:02:57.2640012+01:00" testType="13cdc9d9-ddb5-4fa4-a97d-d965ccfc6d4b" outcome="Passed" testListId="8a28f9f9-b23b-4242-a0eb-f110a4fb49c3" relativeResultsDirectory="21b5ae4b-406d-4fb1-873b-e0cb8b5f5839">
    </UnitTestResult>
  </Results>
</TestRun>