<?xml version="1.0" encoding="UTF-8"?>
<TestRun id="564dd5c2-40a5-411f-94d7-af0f02f366d9" name="Steve@UK017284 2012-10-09 08:00:41" runUser="UK017284\Steve" xmlns="http://microsoft.com/schemas/VisualStudio/TeamTest/2010">
  <TestSettings name="Local" id="2d87ad09-0d8b-450c-b43f-7b624737ef90">
    <Description>These are default test settings for a local test run.</Description>
    <Deployment runDeploymentRoot="Steve_UK017284 2012-10-09 08_00_41">
      <DeploymentItem filename="C:\Personal\BookDatabase\BookDatabase.Api\bin\Debug\BookDatabase.Api.dll" />
    </Deployment>
    <Execution>
      <TestTypeSpecific>
        <UnitTestRunConfig testTypeId="13cdc9d9-ddb5-4fa4-a97d-d965ccfc6d4b">
          <AssemblyResolution>
            <TestDirectory useLoadContext="true" />
          </AssemblyResolution>
        </UnitTestRunConfig>
        <WebTestRunConfiguration testTypeId="4e7599fa-5ecb-43e9-a887-cd63cf72d207">
          <Browser name="Internet Explorer 7.0">
            <Headers>
              <Header name="User-Agent" value="Mozilla/4.0 (compatible; MSIE 7.0; Windows NT 5.1)" />
              <Header name="Accept" value="*/*" />
              <Header name="Accept-Language" value="{{$IEAcceptLanguage}}" />
              <Header name="Accept-Encoding" value="GZIP" />
            </Headers>
          </Browser>
        </WebTestRunConfiguration>
      </TestTypeSpecific>
      <AgentRule name="LocalMachineDefaultRole">
        <DataCollectors>
          <DataCollector uri="datacollector://microsoft/CodeCoverage/1.0" assemblyQualifiedName="Microsoft.VisualStudio.TestTools.CodeCoverage.CoveragePlugIn, Microsoft.VisualStudio.QualityTools.Plugins.CodeCoverage, Version=10.0.0.0, Culture=neutral, PublicKeyToken=b03f5f7f11d50a3a" friendlyName="Code Coverage">
            <Configuration>
              <CodeCoverage xmlns="">
                <Regular>
                  <CodeCoverageItem binaryFile="C:\Personal\BookDatabase\BookDatabase.Web\bin\BookDatabase.Web.dll" pdbFile="C:\Personal\BookDatabase\BookDatabase.Web\bin\BookDatabase.Web.instr.pdb" instrumentInPlace="true" outputDirectory="BookDatabase.Web\Bin" />
                  <CodeCoverageItem binaryFile="C:\Personal\BookDatabase\BookDatabase.Api\bin\Debug\BookDatabase.Api.dll" pdbFile="C:\Personal\BookDatabase\BookDatabase.Api\bin\Debug\BookDatabase.Api.instr.pdb" instrumentInPlace="true" />
                </Regular>
                <AspNet>
                  <AspNetCodeCoverageItem id="d5ce6748-635c-4b93-8967-bb199c6a3ae5" name="BookDatabase.Web" applicationRoot="/" url="http://localhost:0/" />
                </AspNet>
              </CodeCoverage>
            </Configuration>
          </DataCollector>
        </DataCollectors>
      </AgentRule>
    </Execution>
  </TestSettings>
  <Times creation="2012-10-09T08:00:41.4537622+01:00" queuing="2012-10-09T08:00:46.7437696+01:00" start="2012-10-09T08:00:46.8237697+01:00" finish="2012-10-09T08:00:55.6437821+01:00" />
  <ResultSummary outcome="Failed">
    <Counters total="2" executed="2" passed="1" error="0" failed="1" timeout="0" aborted="0" inconclusive="0" passedButRunAborted="0" notRunnable="0" notExecuted="0" disconnected="0" warning="0" completed="0" inProgress="0" pending="0" />
    <ResultFiles>
      <ResultFile path="UK017284\data.coverage" />
    </ResultFiles>
  </ResultSummary>
  <TestDefinitions>
    <UnitTest name="IsNewTest" storage="c:\personal\bookdatabase\bookdatabase.api.tests\bin\debug\bookdatabase.api.tests.dll" id="69ccb285-2f44-6656-6e78-b6158a4c956d">
      <Execution id="78d02b1b-e9a7-4f30-b03f-04262aa76c2e" />
      <TestMethod codeBase="C:/Personal/BookDatabase/BookDatabase.Api.Tests/bin/Debug/BookDatabase.Api.Tests.DLL" adapterTypeName="Microsoft.VisualStudio.TestTools.TestTypes.Unit.UnitTestAdapter, Microsoft.VisualStudio.QualityTools.Tips.UnitTest.Adapter, Version=10.0.0.0, Culture=neutral, PublicKeyToken=b03f5f7f11d50a3a" className="BookDatabase.Api.Tests.BusinessObjects.BusinessObjectTests, BookDatabase.Api.Tests, Version=1.0.0.0, Culture=neutral, PublicKeyToken=null" name="IsNewTest" />
    </UnitTest>
    <UnitTest name="EqualsTest" storage="c:\personal\bookdatabase\bookdatabase.api.tests\bin\debug\bookdatabase.api.tests.dll" id="62ba4f0c-59b4-5e12-bfb0-c7354af58a03">
      <Execution id="5dd6e77c-763d-4889-a771-281514155391" />
      <TestMethod codeBase="C:/Personal/BookDatabase/BookDatabase.Api.Tests/bin/Debug/BookDatabase.Api.Tests.DLL" adapterTypeName="Microsoft.VisualStudio.TestTools.TestTypes.Unit.UnitTestAdapter, Microsoft.VisualStudio.QualityTools.Tips.UnitTest.Adapter, Version=10.0.0.0, Culture=neutral, PublicKeyToken=b03f5f7f11d50a3a" className="BookDatabase.Api.Tests.BusinessObjects.BusinessObjectTests, BookDatabase.Api.Tests, Version=1.0.0.0, Culture=neutral, PublicKeyToken=null" name="EqualsTest" />
    </UnitTest>
  </TestDefinitions>
  <TestLists>
    <TestList name="Unit Tests" id="8a28f9f9-b23b-4242-a0eb-f110a4fb49c3" parentListId="8c43106b-9dc1-4907-a29f-aa66a61bf5b6">
      <TestLinks>
        <TestLink id="62ba4f0c-59b4-5e12-bfb0-c7354af58a03" name="EqualsTest" storage="c:\personal\bookdatabase\bookdatabase.api.tests\bin\debug\bookdatabase.api.tests.dll" type="Microsoft.VisualStudio.TestTools.TestTypes.Unit.UnitTestElement, Microsoft.VisualStudio.QualityTools.Tips.UnitTest.ObjectModel, Version=10.0.0.0, Culture=neutral, PublicKeyToken=b03f5f7f11d50a3a" />
        <TestLink id="69ccb285-2f44-6656-6e78-b6158a4c956d" name="IsNewTest" storage="c:\personal\bookdatabase\bookdatabase.api.tests\bin\debug\bookdatabase.api.tests.dll" type="Microsoft.VisualStudio.TestTools.TestTypes.Unit.UnitTestElement, Microsoft.VisualStudio.QualityTools.Tips.UnitTest.ObjectModel, Version=10.0.0.0, Culture=neutral, PublicKeyToken=b03f5f7f11d50a3a" />
      </TestLinks>
    </TestList>
    <TestList name="All Loaded Results" id="19431567-8539-422a-85d7-44ee4e166bda" />
    <TestList name="Lists of Results" id="8c43106b-9dc1-4907-a29f-aa66a61bf5b6" />
  </TestLists>
  <TestEntries>
    <TestEntry testId="62ba4f0c-59b4-5e12-bfb0-c7354af58a03" executionId="5dd6e77c-763d-4889-a771-281514155391" testListId="8a28f9f9-b23b-4242-a0eb-f110a4fb49c3" />
    <TestEntry testId="69ccb285-2f44-6656-6e78-b6158a4c956d" executionId="78d02b1b-e9a7-4f30-b03f-04262aa76c2e" testListId="8a28f9f9-b23b-4242-a0eb-f110a4fb49c3" />
  </TestEntries>
  <Results>
    <UnitTestResult executionId="5dd6e77c-763d-4889-a771-281514155391" testId="62ba4f0c-59b4-5e12-bfb0-c7354af58a03" testName="EqualsTest" computerName="UK017284" duration="00:00:00.0590031" startTime="2012-10-09T08:00:53.7737794+01:00" endTime="2012-10-09T08:00:54.1837800+01:00" testType="13cdc9d9-ddb5-4fa4-a97d-d965ccfc6d4b" outcome="Failed" testListId="8a28f9f9-b23b-4242-a0eb-f110a4fb49c3" relativeResultsDirectory="5dd6e77c-763d-4889-a771-281514155391">
      <Output>
        <ErrorInfo>
          <Message>Test method BookDatabase.Api.Tests.BusinessObjects.BusinessObjectTests.EqualsTest threw exception: 
System.NullReferenceException: Object reference not set to an instance of an object.</Message>
          <StackTrace>    at BookDatabase.Api.Tests.BusinessObjects.BusinessObjectTests.EqualsTestHelper(BusinessObject item1, BusinessObject item2, Boolean expectEqual) in C:\Personal\BookDatabase\BookDatabase.Api.Tests\BusinessObjects\BusinessObjectTests.cs:line 78
   at BookDatabase.Api.Tests.BusinessObjects.BusinessObjectTests.EqualsTest() in C:\Personal\BookDatabase\BookDatabase.Api.Tests\BusinessObjects\BusinessObjectTests.cs:line 54
</StackTrace>
        </ErrorInfo>
      </Output>
    </UnitTestResult>
    <UnitTestResult executionId="78d02b1b-e9a7-4f30-b03f-04262aa76c2e" testId="69ccb285-2f44-6656-6e78-b6158a4c956d" testName="IsNewTest" computerName="UK017284" duration="00:00:00.0007897" startTime="2012-10-09T08:00:54.1837800+01:00" endTime="2012-10-09T08:00:54.1837800+01:00" testType="13cdc9d9-ddb5-4fa4-a97d-d965ccfc6d4b" outcome="Passed" testListId="8a28f9f9-b23b-4242-a0eb-f110a4fb49c3" relativeResultsDirectory="78d02b1b-e9a7-4f30-b03f-04262aa76c2e">
    </UnitTestResult>
  </Results>
</TestRun>