<?xml version="1.0" encoding="UTF-8"?>
<TestRun id="f4691557-a78c-4bbd-915d-f73bba84cc34" name="Steve@UK017284 2012-10-18 18:52:25" runUser="UK017284\Steve" xmlns="http://microsoft.com/schemas/VisualStudio/TeamTest/2010">
  <TestSettings name="Local" id="2d87ad09-0d8b-450c-b43f-7b624737ef90">
    <Description>These are default test settings for a local test run.</Description>
    <Deployment runDeploymentRoot="Steve_UK017284 2012-10-18 18_52_25">
      <DeploymentItem filename="C:\Personal\BookDatabase\packages\log4net.2.0.0\lib\net40-full\log4net.dll" />
      <DeploymentItem filename="C:\Personal\BookDatabase\packages\Castle.Core.3.1.0\lib\net35\Castle.Core.dll" />
      <DeploymentItem filename="C:\Personal\BookDatabase\packages\FluentNHibernate.1.3.0.733\lib\FluentNHibernate.dll" />
      <DeploymentItem filename="C:\Personal\BookDatabase\packages\NHibernate.3.3.1.4000\lib\Net35\NHibernate.dll" />
      <DeploymentItem filename="C:\Personal\BookDatabase\BookDatabase.Api\bin\Debug\BookDatabase.Api.dll" />
      <DeploymentItem filename="C:\Personal\BookDatabase\packages\Moq.4.0.10827\lib\NET40\Moq.dll" />
      <DeploymentItem filename="C:\Personal\BookDatabase\packages\Iesi.Collections.3.2.0.4000\lib\Net35\Iesi.Collections.dll" />
    </Deployment>
    <Execution>
      <TestTypeSpecific>
        <UnitTestRunConfig testTypeId="13cdc9d9-ddb5-4fa4-a97d-d965ccfc6d4b">
          <AssemblyResolution>
            <TestDirectory useLoadContext="true" />
          </AssemblyResolution>
        </UnitTestRunConfig>
        <WebTestRunConfiguration testTypeId="4e7599fa-5ecb-43e9-a887-cd63cf72d207">
          <Browser name="Internet Explorer 7.0">
            <Headers>
              <Header name="User-Agent" value="Mozilla/4.0 (compatible; MSIE 7.0; Windows NT 5.1)" />
              <Header name="Accept" value="*/*" />
              <Header name="Accept-Language" value="{{$IEAcceptLanguage}}" />
              <Header name="Accept-Encoding" value="GZIP" />
            </Headers>
          </Browser>
        </WebTestRunConfiguration>
      </TestTypeSpecific>
      <AgentRule name="LocalMachineDefaultRole">
        <DataCollectors>
          <DataCollector uri="datacollector://microsoft/CodeCoverage/1.0" assemblyQualifiedName="Microsoft.VisualStudio.TestTools.CodeCoverage.CoveragePlugIn, Microsoft.VisualStudio.QualityTools.Plugins.CodeCoverage, Version=10.0.0.0, Culture=neutral, PublicKeyToken=b03f5f7f11d50a3a" friendlyName="Code Coverage">
            <Configuration>
              <CodeCoverage xmlns="">
                <Regular>
                  <CodeCoverageItem binaryFile="C:\Personal\BookDatabase\BookDatabase.Web\bin\BookDatabase.Web.dll" pdbFile="C:\Personal\BookDatabase\BookDatabase.Web\bin\BookDatabase.Web.instr.pdb" instrumentInPlace="true" outputDirectory="BookDatabase.Web\Bin" />
                  <CodeCoverageItem binaryFile="C:\Personal\BookDatabase\BookDatabase.Api\bin\Debug\BookDatabase.Api.dll" pdbFile="C:\Personal\BookDatabase\BookDatabase.Api\bin\Debug\BookDatabase.Api.instr.pdb" instrumentInPlace="true" />
                </Regular>
                <AspNet>
                  <AspNetCodeCoverageItem id="d5ce6748-635c-4b93-8967-bb199c6a3ae5" name="BookDatabase.Web" applicationRoot="/" url="http://localhost:0/" />
                </AspNet>
              </CodeCoverage>
            </Configuration>
          </DataCollector>
        </DataCollectors>
      </AgentRule>
    </Execution>
  </TestSettings>
  <Times creation="2012-10-18T18:52:25.1144102+01:00" queuing="2012-10-18T18:52:25.8544112+01:00" start="2012-10-18T18:52:25.9244113+01:00" finish="2012-10-18T18:52:33.2544216+01:00" />
  <ResultSummary outcome="Failed">
    <Counters total="16" executed="16" passed="15" error="0" failed="1" timeout="0" aborted="0" inconclusive="0" passedButRunAborted="0" notRunnable="0" notExecuted="0" disconnected="0" warning="0" completed="0" inProgress="0" pending="0" />
    <ResultFiles>
      <ResultFile path="UK017284\data.coverage" />
    </ResultFiles>
  </ResultSummary>
  <TestDefinitions>
    <UnitTest name="TestRollbackWithNoOperations" storage="c:\personal\bookdatabase\bookdatabase.api.tests\bin\debug\bookdatabase.api.tests.dll" id="d529485d-fa2f-1c4e-174f-6978fbbfcc07">
      <Execution id="618bb479-28a1-49d4-81d2-6b8fef7e3fc7" />
      <TestMethod codeBase="C:/Personal/BookDatabase/BookDatabase.Api.Tests/bin/Debug/BookDatabase.Api.Tests.DLL" adapterTypeName="Microsoft.VisualStudio.TestTools.TestTypes.Unit.UnitTestAdapter, Microsoft.VisualStudio.QualityTools.Tips.UnitTest.Adapter, Version=10.0.0.0, Culture=neutral, PublicKeyToken=b03f5f7f11d50a3a" className="BookDatabase.Api.Tests.Data.Transactions.UnitOfWorkTests, BookDatabase.Api.Tests, Version=1.0.0.0, Culture=neutral, PublicKeyToken=null" name="TestRollbackWithNoOperations" />
    </UnitTest>
    <UnitTest name="TestCommitMultipleTransactions" storage="c:\personal\bookdatabase\bookdatabase.api.tests\bin\debug\bookdatabase.api.tests.dll" id="1e395a5e-32fa-339f-4c02-354f2f15fe03">
      <Execution id="348f5e2c-4bc5-4dc0-b1a9-06d28ee457ca" />
      <TestMethod codeBase="C:/Personal/BookDatabase/BookDatabase.Api.Tests/bin/Debug/BookDatabase.Api.Tests.DLL" adapterTypeName="Microsoft.VisualStudio.TestTools.TestTypes.Unit.UnitTestAdapter, Microsoft.VisualStudio.QualityTools.Tips.UnitTest.Adapter, Version=10.0.0.0, Culture=neutral, PublicKeyToken=b03f5f7f11d50a3a" className="BookDatabase.Api.Tests.Data.Transactions.UnitOfWorkTests, BookDatabase.Api.Tests, Version=1.0.0.0, Culture=neutral, PublicKeyToken=null" name="TestCommitMultipleTransactions" />
    </UnitTest>
    <UnitTest name="TestDeleteAndRollback" storage="c:\personal\bookdatabase\bookdatabase.api.tests\bin\debug\bookdatabase.api.tests.dll" id="d6296fe5-485b-883b-9fe1-03a2f80ffcb3">
      <Execution id="b284468f-d2c7-4e17-8f02-414c57537854" />
      <TestMethod codeBase="C:/Personal/BookDatabase/BookDatabase.Api.Tests/bin/Debug/BookDatabase.Api.Tests.DLL" adapterTypeName="Microsoft.VisualStudio.TestTools.TestTypes.Unit.UnitTestAdapter, Microsoft.VisualStudio.QualityTools.Tips.UnitTest.Adapter, Version=10.0.0.0, Culture=neutral, PublicKeyToken=b03f5f7f11d50a3a" className="BookDatabase.Api.Tests.Data.Transactions.UnitOfWorkTests, BookDatabase.Api.Tests, Version=1.0.0.0, Culture=neutral, PublicKeyToken=null" name="TestDeleteAndRollback" />
    </UnitTest>
    <UnitTest name="TestCommitMultipleOperations" storage="c:\personal\bookdatabase\bookdatabase.api.tests\bin\debug\bookdatabase.api.tests.dll" id="2eb6f7d4-1d64-4f3a-503a-034326055df8">
      <Execution id="dc1ce954-b5d0-44e9-919c-07e79d026be1" />
      <TestMethod codeBase="C:/Personal/BookDatabase/BookDatabase.Api.Tests/bin/Debug/BookDatabase.Api.Tests.DLL" adapterTypeName="Microsoft.VisualStudio.TestTools.TestTypes.Unit.UnitTestAdapter, Microsoft.VisualStudio.QualityTools.Tips.UnitTest.Adapter, Version=10.0.0.0, Culture=neutral, PublicKeyToken=b03f5f7f11d50a3a" className="BookDatabase.Api.Tests.Data.Transactions.UnitOfWorkTests, BookDatabase.Api.Tests, Version=1.0.0.0, Culture=neutral, PublicKeyToken=null" name="TestCommitMultipleOperations" />
    </UnitTest>
    <UnitTest name="TestDeleteAndCommit" storage="c:\personal\bookdatabase\bookdatabase.api.tests\bin\debug\bookdatabase.api.tests.dll" id="f4d46f45-8838-64b4-ba12-27783409ad91">
      <Execution id="77baefb0-49bc-44a9-b184-93a14e150699" />
      <TestMethod codeBase="C:/Personal/BookDatabase/BookDatabase.Api.Tests/bin/Debug/BookDatabase.Api.Tests.DLL" adapterTypeName="Microsoft.VisualStudio.TestTools.TestTypes.Unit.UnitTestAdapter, Microsoft.VisualStudio.QualityTools.Tips.UnitTest.Adapter, Version=10.0.0.0, Culture=neutral, PublicKeyToken=b03f5f7f11d50a3a" className="BookDatabase.Api.Tests.Data.Transactions.UnitOfWorkTests, BookDatabase.Api.Tests, Version=1.0.0.0, Culture=neutral, PublicKeyToken=null" name="TestDeleteAndCommit" />
    </UnitTest>
    <UnitTest name="TestCommitWithNoOperations" storage="c:\personal\bookdatabase\bookdatabase.api.tests\bin\debug\bookdatabase.api.tests.dll" id="3c4e1c94-1f91-0d54-0766-68dba2980b33">
      <Execution id="1f58f883-349a-4871-8add-77de404639e8" />
      <TestMethod codeBase="C:/Personal/BookDatabase/BookDatabase.Api.Tests/bin/Debug/BookDatabase.Api.Tests.DLL" adapterTypeName="Microsoft.VisualStudio.TestTools.TestTypes.Unit.UnitTestAdapter, Microsoft.VisualStudio.QualityTools.Tips.UnitTest.Adapter, Version=10.0.0.0, Culture=neutral, PublicKeyToken=b03f5f7f11d50a3a" className="BookDatabase.Api.Tests.Data.Transactions.UnitOfWorkTests, BookDatabase.Api.Tests, Version=1.0.0.0, Culture=neutral, PublicKeyToken=null" name="TestCommitWithNoOperations" />
    </UnitTest>
    <UnitTest name="UniqueNameTest" storage="c:\personal\bookdatabase\bookdatabase.api.tests\bin\debug\bookdatabase.api.tests.dll" id="0ffb65c9-a283-8957-c4cc-3455315a6cfb">
      <Execution id="d0a44c4e-06ec-4e36-8ad1-408b449b1e67" />
      <TestMethod codeBase="C:/Personal/BookDatabase/BookDatabase.Api.Tests/bin/Debug/BookDatabase.Api.Tests.DLL" adapterTypeName="Microsoft.VisualStudio.TestTools.TestTypes.Unit.UnitTestAdapter, Microsoft.VisualStudio.QualityTools.Tips.UnitTest.Adapter, Version=10.0.0.0, Culture=neutral, PublicKeyToken=b03f5f7f11d50a3a" className="BookDatabase.Api.Tests.Mappings.Users.UserMappingTests, BookDatabase.Api.Tests, Version=1.0.0.0, Culture=neutral, PublicKeyToken=null" name="UniqueNameTest" />
    </UnitTest>
    <UnitTest name="TestSaveAndCommit" storage="c:\personal\bookdatabase\bookdatabase.api.tests\bin\debug\bookdatabase.api.tests.dll" id="20fb7e57-9cdd-b09f-c18a-6c91d8874768">
      <Execution id="9cbcb974-55b9-4cf1-aa22-063c175bd0df" />
      <TestMethod codeBase="C:/Personal/BookDatabase/BookDatabase.Api.Tests/bin/Debug/BookDatabase.Api.Tests.DLL" adapterTypeName="Microsoft.VisualStudio.TestTools.TestTypes.Unit.UnitTestAdapter, Microsoft.VisualStudio.QualityTools.Tips.UnitTest.Adapter, Version=10.0.0.0, Culture=neutral, PublicKeyToken=b03f5f7f11d50a3a" className="BookDatabase.Api.Tests.Data.Transactions.UnitOfWorkTests, BookDatabase.Api.Tests, Version=1.0.0.0, Culture=neutral, PublicKeyToken=null" name="TestSaveAndCommit" />
    </UnitTest>
    <UnitTest name="GetAllTest" storage="c:\personal\bookdatabase\bookdatabase.api.tests\bin\debug\bookdatabase.api.tests.dll" id="9f05c7b2-0675-d57d-0fcc-ae4480dd4d4c">
      <Execution id="b8bec677-1172-40ca-8c4d-5b87e46ab0a2" />
      <TestMethod codeBase="C:/Personal/BookDatabase/BookDatabase.Api.Tests/bin/Debug/BookDatabase.Api.Tests.DLL" adapterTypeName="Microsoft.VisualStudio.TestTools.TestTypes.Unit.UnitTestAdapter, Microsoft.VisualStudio.QualityTools.Tips.UnitTest.Adapter, Version=10.0.0.0, Culture=neutral, PublicKeyToken=b03f5f7f11d50a3a" className="BookDatabase.Api.Tests.Data.Repositories.RepositoryTests, BookDatabase.Api.Tests, Version=1.0.0.0, Culture=neutral, PublicKeyToken=null" name="GetAllTest" />
    </UnitTest>
    <UnitTest name="GetByIdTest" storage="c:\personal\bookdatabase\bookdatabase.api.tests\bin\debug\bookdatabase.api.tests.dll" id="29fc06c4-929c-34a4-7fdb-b207bcf5e089">
      <Execution id="fe82a497-9307-47f6-ab4b-ea058834377a" />
      <TestMethod codeBase="C:/Personal/BookDatabase/BookDatabase.Api.Tests/bin/Debug/BookDatabase.Api.Tests.DLL" adapterTypeName="Microsoft.VisualStudio.TestTools.TestTypes.Unit.UnitTestAdapter, Microsoft.VisualStudio.QualityTools.Tips.UnitTest.Adapter, Version=10.0.0.0, Culture=neutral, PublicKeyToken=b03f5f7f11d50a3a" className="BookDatabase.Api.Tests.Data.Repositories.RepositoryTests, BookDatabase.Api.Tests, Version=1.0.0.0, Culture=neutral, PublicKeyToken=null" name="GetByIdTest" />
    </UnitTest>
    <UnitTest name="IsNewTest" storage="c:\personal\bookdatabase\bookdatabase.api.tests\bin\debug\bookdatabase.api.tests.dll" id="69ccb285-2f44-6656-6e78-b6158a4c956d">
      <Execution id="68121cec-5d3f-4e0b-9d05-58b209de685d" />
      <TestMethod codeBase="C:/Personal/BookDatabase/BookDatabase.Api.Tests/bin/Debug/BookDatabase.Api.Tests.DLL" adapterTypeName="Microsoft.VisualStudio.TestTools.TestTypes.Unit.UnitTestAdapter, Microsoft.VisualStudio.QualityTools.Tips.UnitTest.Adapter, Version=10.0.0.0, Culture=neutral, PublicKeyToken=b03f5f7f11d50a3a" className="BookDatabase.Api.Tests.BusinessObjects.BusinessObjectTests, BookDatabase.Api.Tests, Version=1.0.0.0, Culture=neutral, PublicKeyToken=null" name="IsNewTest" />
    </UnitTest>
    <UnitTest name="TestSaveAndRollback" storage="c:\personal\bookdatabase\bookdatabase.api.tests\bin\debug\bookdatabase.api.tests.dll" id="b569f32b-9a57-6258-f5c2-759fd6bc77db">
      <Execution id="0aec3220-476c-4141-bd27-7a12dfd8c4dd" />
      <TestMethod codeBase="C:/Personal/BookDatabase/BookDatabase.Api.Tests/bin/Debug/BookDatabase.Api.Tests.DLL" adapterTypeName="Microsoft.VisualStudio.TestTools.TestTypes.Unit.UnitTestAdapter, Microsoft.VisualStudio.QualityTools.Tips.UnitTest.Adapter, Version=10.0.0.0, Culture=neutral, PublicKeyToken=b03f5f7f11d50a3a" className="BookDatabase.Api.Tests.Data.Transactions.UnitOfWorkTests, BookDatabase.Api.Tests, Version=1.0.0.0, Culture=neutral, PublicKeyToken=null" name="TestSaveAndRollback" />
    </UnitTest>
    <UnitTest name="MappingsTest" storage="c:\personal\bookdatabase\bookdatabase.api.tests\bin\debug\bookdatabase.api.tests.dll" id="0aeda2e7-79a3-7ffe-0672-3e6cf9b29613">
      <Execution id="c504344a-29e2-452f-8be9-3d4d7c26bba6" />
      <TestMethod codeBase="C:/Personal/BookDatabase/BookDatabase.Api.Tests/bin/Debug/BookDatabase.Api.Tests.DLL" adapterTypeName="Microsoft.VisualStudio.TestTools.TestTypes.Unit.UnitTestAdapter, Microsoft.VisualStudio.QualityTools.Tips.UnitTest.Adapter, Version=10.0.0.0, Culture=neutral, PublicKeyToken=b03f5f7f11d50a3a" className="BookDatabase.Api.Tests.Mappings.Users.UserMappingTests, BookDatabase.Api.Tests, Version=1.0.0.0, Culture=neutral, PublicKeyToken=null" name="MappingsTest" />
    </UnitTest>
    <UnitTest name="GetHashCodeTest" storage="c:\personal\bookdatabase\bookdatabase.api.tests\bin\debug\bookdatabase.api.tests.dll" id="0835bebd-c3eb-6235-7b4f-1560788432b1">
      <Execution id="4d2440b6-cafa-4ae3-aa92-e7cdb28295ab" />
      <TestMethod codeBase="C:/Personal/BookDatabase/BookDatabase.Api.Tests/bin/Debug/BookDatabase.Api.Tests.DLL" adapterTypeName="Microsoft.VisualStudio.TestTools.TestTypes.Unit.UnitTestAdapter, Microsoft.VisualStudio.QualityTools.Tips.UnitTest.Adapter, Version=10.0.0.0, Culture=neutral, PublicKeyToken=b03f5f7f11d50a3a" className="BookDatabase.Api.Tests.BusinessObjects.BusinessObjectTests, BookDatabase.Api.Tests, Version=1.0.0.0, Culture=neutral, PublicKeyToken=null" name="GetHashCodeTest" />
    </UnitTest>
    <UnitTest name="EqualsMethodsTest" storage="c:\personal\bookdatabase\bookdatabase.api.tests\bin\debug\bookdatabase.api.tests.dll" id="feb8d5ee-92de-5812-d4cd-efb5920e8445">
      <Execution id="75405aba-fc19-48d2-bc0c-41b76c7820cf" />
      <TestMethod codeBase="C:/Personal/BookDatabase/BookDatabase.Api.Tests/bin/Debug/BookDatabase.Api.Tests.DLL" adapterTypeName="Microsoft.VisualStudio.TestTools.TestTypes.Unit.UnitTestAdapter, Microsoft.VisualStudio.QualityTools.Tips.UnitTest.Adapter, Version=10.0.0.0, Culture=neutral, PublicKeyToken=b03f5f7f11d50a3a" className="BookDatabase.Api.Tests.BusinessObjects.BusinessObjectTests, BookDatabase.Api.Tests, Version=1.0.0.0, Culture=neutral, PublicKeyToken=null" name="EqualsMethodsTest" />
    </UnitTest>
    <UnitTest name="EqualityOperatorsTest" storage="c:\personal\bookdatabase\bookdatabase.api.tests\bin\debug\bookdatabase.api.tests.dll" id="5f968232-ea73-59ef-f037-1c482ffec7f9">
      <Execution id="040dd6f0-bca0-4156-a8c7-4d8d08c68d28" />
      <TestMethod codeBase="C:/Personal/BookDatabase/BookDatabase.Api.Tests/bin/Debug/BookDatabase.Api.Tests.DLL" adapterTypeName="Microsoft.VisualStudio.TestTools.TestTypes.Unit.UnitTestAdapter, Microsoft.VisualStudio.QualityTools.Tips.UnitTest.Adapter, Version=10.0.0.0, Culture=neutral, PublicKeyToken=b03f5f7f11d50a3a" className="BookDatabase.Api.Tests.BusinessObjects.BusinessObjectTests, BookDatabase.Api.Tests, Version=1.0.0.0, Culture=neutral, PublicKeyToken=null" name="EqualityOperatorsTest" />
    </UnitTest>
  </TestDefinitions>
  <TestLists>
    <TestList name="Unit Tests" id="8a28f9f9-b23b-4242-a0eb-f110a4fb49c3" parentListId="8c43106b-9dc1-4907-a29f-aa66a61bf5b6">
      <TestLinks>
        <TestLink id="5f968232-ea73-59ef-f037-1c482ffec7f9" name="EqualityOperatorsTest" storage="c:\personal\bookdatabase\bookdatabase.api.tests\bin\debug\bookdatabase.api.tests.dll" type="Microsoft.VisualStudio.TestTools.TestTypes.Unit.UnitTestElement, Microsoft.VisualStudio.QualityTools.Tips.UnitTest.ObjectModel, Version=10.0.0.0, Culture=neutral, PublicKeyToken=b03f5f7f11d50a3a" />
        <TestLink id="1e395a5e-32fa-339f-4c02-354f2f15fe03" name="TestCommitMultipleTransactions" storage="c:\personal\bookdatabase\bookdatabase.api.tests\bin\debug\bookdatabase.api.tests.dll" type="Microsoft.VisualStudio.TestTools.TestTypes.Unit.UnitTestElement, Microsoft.VisualStudio.QualityTools.Tips.UnitTest.ObjectModel, Version=10.0.0.0, Culture=neutral, PublicKeyToken=b03f5f7f11d50a3a" />
        <TestLink id="3c4e1c94-1f91-0d54-0766-68dba2980b33" name="TestCommitWithNoOperations" storage="c:\personal\bookdatabase\bookdatabase.api.tests\bin\debug\bookdatabase.api.tests.dll" type="Microsoft.VisualStudio.TestTools.TestTypes.Unit.UnitTestElement, Microsoft.VisualStudio.QualityTools.Tips.UnitTest.ObjectModel, Version=10.0.0.0, Culture=neutral, PublicKeyToken=b03f5f7f11d50a3a" />
        <TestLink id="69ccb285-2f44-6656-6e78-b6158a4c956d" name="IsNewTest" storage="c:\personal\bookdatabase\bookdatabase.api.tests\bin\debug\bookdatabase.api.tests.dll" type="Microsoft.VisualStudio.TestTools.TestTypes.Unit.UnitTestElement, Microsoft.VisualStudio.QualityTools.Tips.UnitTest.ObjectModel, Version=10.0.0.0, Culture=neutral, PublicKeyToken=b03f5f7f11d50a3a" />
        <TestLink id="29fc06c4-929c-34a4-7fdb-b207bcf5e089" name="GetByIdTest" storage="c:\personal\bookdatabase\bookdatabase.api.tests\bin\debug\bookdatabase.api.tests.dll" type="Microsoft.VisualStudio.TestTools.TestTypes.Unit.UnitTestElement, Microsoft.VisualStudio.QualityTools.Tips.UnitTest.ObjectModel, Version=10.0.0.0, Culture=neutral, PublicKeyToken=b03f5f7f11d50a3a" />
        <TestLink id="2eb6f7d4-1d64-4f3a-503a-034326055df8" name="TestCommitMultipleOperations" storage="c:\personal\bookdatabase\bookdatabase.api.tests\bin\debug\bookdatabase.api.tests.dll" type="Microsoft.VisualStudio.TestTools.TestTypes.Unit.UnitTestElement, Microsoft.VisualStudio.QualityTools.Tips.UnitTest.ObjectModel, Version=10.0.0.0, Culture=neutral, PublicKeyToken=b03f5f7f11d50a3a" />
        <TestLink id="9f05c7b2-0675-d57d-0fcc-ae4480dd4d4c" name="GetAllTest" storage="c:\personal\bookdatabase\bookdatabase.api.tests\bin\debug\bookdatabase.api.tests.dll" type="Microsoft.VisualStudio.TestTools.TestTypes.Unit.UnitTestElement, Microsoft.VisualStudio.QualityTools.Tips.UnitTest.ObjectModel, Version=10.0.0.0, Culture=neutral, PublicKeyToken=b03f5f7f11d50a3a" />
        <TestLink id="0835bebd-c3eb-6235-7b4f-1560788432b1" name="GetHashCodeTest" storage="c:\personal\bookdatabase\bookdatabase.api.tests\bin\debug\bookdatabase.api.tests.dll" type="Microsoft.VisualStudio.TestTools.TestTypes.Unit.UnitTestElement, Microsoft.VisualStudio.QualityTools.Tips.UnitTest.ObjectModel, Version=10.0.0.0, Culture=neutral, PublicKeyToken=b03f5f7f11d50a3a" />
        <TestLink id="d529485d-fa2f-1c4e-174f-6978fbbfcc07" name="TestRollbackWithNoOperations" storage="c:\personal\bookdatabase\bookdatabase.api.tests\bin\debug\bookdatabase.api.tests.dll" type="Microsoft.VisualStudio.TestTools.TestTypes.Unit.UnitTestElement, Microsoft.VisualStudio.QualityTools.Tips.UnitTest.ObjectModel, Version=10.0.0.0, Culture=neutral, PublicKeyToken=b03f5f7f11d50a3a" />
        <TestLink id="f4d46f45-8838-64b4-ba12-27783409ad91" name="TestDeleteAndCommit" storage="c:\personal\bookdatabase\bookdatabase.api.tests\bin\debug\bookdatabase.api.tests.dll" type="Microsoft.VisualStudio.TestTools.TestTypes.Unit.UnitTestElement, Microsoft.VisualStudio.QualityTools.Tips.UnitTest.ObjectModel, Version=10.0.0.0, Culture=neutral, PublicKeyToken=b03f5f7f11d50a3a" />
        <TestLink id="feb8d5ee-92de-5812-d4cd-efb5920e8445" name="EqualsMethodsTest" storage="c:\personal\bookdatabase\bookdatabase.api.tests\bin\debug\bookdatabase.api.tests.dll" type="Microsoft.VisualStudio.TestTools.TestTypes.Unit.UnitTestElement, Microsoft.VisualStudio.QualityTools.Tips.UnitTest.ObjectModel, Version=10.0.0.0, Culture=neutral, PublicKeyToken=b03f5f7f11d50a3a" />
        <TestLink id="b569f32b-9a57-6258-f5c2-759fd6bc77db" name="TestSaveAndRollback" storage="c:\personal\bookdatabase\bookdatabase.api.tests\bin\debug\bookdatabase.api.tests.dll" type="Microsoft.VisualStudio.TestTools.TestTypes.Unit.UnitTestElement, Microsoft.VisualStudio.QualityTools.Tips.UnitTest.ObjectModel, Version=10.0.0.0, Culture=neutral, PublicKeyToken=b03f5f7f11d50a3a" />
        <TestLink id="20fb7e57-9cdd-b09f-c18a-6c91d8874768" name="TestSaveAndCommit" storage="c:\personal\bookdatabase\bookdatabase.api.tests\bin\debug\bookdatabase.api.tests.dll" type="Microsoft.VisualStudio.TestTools.TestTypes.Unit.UnitTestElement, Microsoft.VisualStudio.QualityTools.Tips.UnitTest.ObjectModel, Version=10.0.0.0, Culture=neutral, PublicKeyToken=b03f5f7f11d50a3a" />
        <TestLink id="d6296fe5-485b-883b-9fe1-03a2f80ffcb3" name="TestDeleteAndRollback" storage="c:\personal\bookdatabase\bookdatabase.api.tests\bin\debug\bookdatabase.api.tests.dll" type="Microsoft.VisualStudio.TestTools.TestTypes.Unit.UnitTestElement, Microsoft.VisualStudio.QualityTools.Tips.UnitTest.ObjectModel, Version=10.0.0.0, Culture=neutral, PublicKeyToken=b03f5f7f11d50a3a" />
      </TestLinks>
    </TestList>
    <TestList name="All Loaded Results" id="19431567-8539-422a-85d7-44ee4e166bda" />
    <TestList name="Lists of Results" id="8c43106b-9dc1-4907-a29f-aa66a61bf5b6" />
    <TestList name="Integration Tests" id="79b14a06-edb4-4e10-9bec-ad659ff57ee9" parentListId="8c43106b-9dc1-4907-a29f-aa66a61bf5b6">
      <TestLinks>
        <TestLink id="0ffb65c9-a283-8957-c4cc-3455315a6cfb" name="UniqueNameTest" storage="c:\personal\bookdatabase\bookdatabase.api.tests\bin\debug\bookdatabase.api.tests.dll" type="Microsoft.VisualStudio.TestTools.TestTypes.Unit.UnitTestElement, Microsoft.VisualStudio.QualityTools.Tips.UnitTest.ObjectModel, Version=10.0.0.0, Culture=neutral, PublicKeyToken=b03f5f7f11d50a3a" />
        <TestLink id="0aeda2e7-79a3-7ffe-0672-3e6cf9b29613" name="MappingsTest" storage="c:\personal\bookdatabase\bookdatabase.api.tests\bin\debug\bookdatabase.api.tests.dll" type="Microsoft.VisualStudio.TestTools.TestTypes.Unit.UnitTestElement, Microsoft.VisualStudio.QualityTools.Tips.UnitTest.ObjectModel, Version=10.0.0.0, Culture=neutral, PublicKeyToken=b03f5f7f11d50a3a" />
      </TestLinks>
    </TestList>
  </TestLists>
  <TestEntries>
    <TestEntry testId="0ffb65c9-a283-8957-c4cc-3455315a6cfb" executionId="d0a44c4e-06ec-4e36-8ad1-408b449b1e67" testListId="79b14a06-edb4-4e10-9bec-ad659ff57ee9" />
    <TestEntry testId="0aeda2e7-79a3-7ffe-0672-3e6cf9b29613" executionId="c504344a-29e2-452f-8be9-3d4d7c26bba6" testListId="79b14a06-edb4-4e10-9bec-ad659ff57ee9" />
    <TestEntry testId="5f968232-ea73-59ef-f037-1c482ffec7f9" executionId="040dd6f0-bca0-4156-a8c7-4d8d08c68d28" testListId="8a28f9f9-b23b-4242-a0eb-f110a4fb49c3" />
    <TestEntry testId="0835bebd-c3eb-6235-7b4f-1560788432b1" executionId="4d2440b6-cafa-4ae3-aa92-e7cdb28295ab" testListId="8a28f9f9-b23b-4242-a0eb-f110a4fb49c3" />
    <TestEntry testId="d6296fe5-485b-883b-9fe1-03a2f80ffcb3" executionId="b284468f-d2c7-4e17-8f02-414c57537854" testListId="8a28f9f9-b23b-4242-a0eb-f110a4fb49c3" />
    <TestEntry testId="feb8d5ee-92de-5812-d4cd-efb5920e8445" executionId="75405aba-fc19-48d2-bc0c-41b76c7820cf" testListId="8a28f9f9-b23b-4242-a0eb-f110a4fb49c3" />
    <TestEntry testId="1e395a5e-32fa-339f-4c02-354f2f15fe03" executionId="348f5e2c-4bc5-4dc0-b1a9-06d28ee457ca" testListId="8a28f9f9-b23b-4242-a0eb-f110a4fb49c3" />
    <TestEntry testId="3c4e1c94-1f91-0d54-0766-68dba2980b33" executionId="1f58f883-349a-4871-8add-77de404639e8" testListId="8a28f9f9-b23b-4242-a0eb-f110a4fb49c3" />
    <TestEntry testId="69ccb285-2f44-6656-6e78-b6158a4c956d" executionId="68121cec-5d3f-4e0b-9d05-58b209de685d" testListId="8a28f9f9-b23b-4242-a0eb-f110a4fb49c3" />
    <TestEntry testId="b569f32b-9a57-6258-f5c2-759fd6bc77db" executionId="0aec3220-476c-4141-bd27-7a12dfd8c4dd" testListId="8a28f9f9-b23b-4242-a0eb-f110a4fb49c3" />
    <TestEntry testId="f4d46f45-8838-64b4-ba12-27783409ad91" executionId="77baefb0-49bc-44a9-b184-93a14e150699" testListId="8a28f9f9-b23b-4242-a0eb-f110a4fb49c3" />
    <TestEntry testId="29fc06c4-929c-34a4-7fdb-b207bcf5e089" executionId="fe82a497-9307-47f6-ab4b-ea058834377a" testListId="8a28f9f9-b23b-4242-a0eb-f110a4fb49c3" />
    <TestEntry testId="2eb6f7d4-1d64-4f3a-503a-034326055df8" executionId="dc1ce954-b5d0-44e9-919c-07e79d026be1" testListId="8a28f9f9-b23b-4242-a0eb-f110a4fb49c3" />
    <TestEntry testId="d529485d-fa2f-1c4e-174f-6978fbbfcc07" executionId="618bb479-28a1-49d4-81d2-6b8fef7e3fc7" testListId="8a28f9f9-b23b-4242-a0eb-f110a4fb49c3" />
    <TestEntry testId="20fb7e57-9cdd-b09f-c18a-6c91d8874768" executionId="9cbcb974-55b9-4cf1-aa22-063c175bd0df" testListId="8a28f9f9-b23b-4242-a0eb-f110a4fb49c3" />
    <TestEntry testId="9f05c7b2-0675-d57d-0fcc-ae4480dd4d4c" executionId="b8bec677-1172-40ca-8c4d-5b87e46ab0a2" testListId="8a28f9f9-b23b-4242-a0eb-f110a4fb49c3" />
  </TestEntries>
  <Results>
    <UnitTestResult executionId="d0a44c4e-06ec-4e36-8ad1-408b449b1e67" testId="0ffb65c9-a283-8957-c4cc-3455315a6cfb" testName="UniqueNameTest" computerName="UK017284" duration="00:00:01.6875546" startTime="2012-10-18T18:52:28.7944154+01:00" endTime="2012-10-18T18:52:30.6944180+01:00" testType="13cdc9d9-ddb5-4fa4-a97d-d965ccfc6d4b" outcome="Passed" testListId="79b14a06-edb4-4e10-9bec-ad659ff57ee9" relativeResultsDirectory="d0a44c4e-06ec-4e36-8ad1-408b449b1e67">
      <Output>
        <StdOut>NHibernate: INSERT INTO [User] (UserName, Password, FirstName, LastName) VALUES (@p0, @p1, @p2, @p3); select SCOPE_IDENTITY();@p0 = 'UserName' [Type: String (4000)], @p1 = 'Password' [Type: String (4000)], @p2 = 'FirstName' [Type: String (4000)], @p3 = 'LastName' [Type: String (4000)]
NHibernate: INSERT INTO [User] (UserName, Password, FirstName, LastName) VALUES (@p0, @p1, @p2, @p3); select SCOPE_IDENTITY();@p0 = 'UserName' [Type: String (4000)], @p1 = 'Password' [Type: String (4000)], @p2 = 'FirstName' [Type: String (4000)], @p3 = 'LastName' [Type: String (4000)]</StdOut>
        <StdErr>log4net:ERROR Failed to find configuration section 'log4net' in the application's .config file. Check your .config file for the &lt;log4net&gt; and &lt;configSections&gt; elements. The configuration section should look like: &lt;section name="log4net" type="log4net.Config.Log4NetConfigurationSectionHandler,log4net" /&gt;</StdErr>
        <DebugTrace>log4net:ERROR Failed to find configuration section 'log4net' in the application's .config file. Check your .config file for the &lt;log4net&gt; and &lt;configSections&gt; elements. The configuration section should look like: &lt;section name="log4net" type="log4net.Config.Log4NetConfigurationSectionHandler,log4net" /&gt;
</DebugTrace>
      </Output>
    </UnitTestResult>
    <UnitTestResult executionId="c504344a-29e2-452f-8be9-3d4d7c26bba6" testId="0aeda2e7-79a3-7ffe-0672-3e6cf9b29613" testName="MappingsTest" computerName="UK017284" duration="00:00:00.0363732" startTime="2012-10-18T18:52:30.6944180+01:00" endTime="2012-10-18T18:52:30.7344181+01:00" testType="13cdc9d9-ddb5-4fa4-a97d-d965ccfc6d4b" outcome="Failed" testListId="79b14a06-edb4-4e10-9bec-ad659ff57ee9" relativeResultsDirectory="c504344a-29e2-452f-8be9-3d4d7c26bba6">
      <Output>
        <StdOut>NHibernate: INSERT INTO [User] (UserName, Password, FirstName, LastName) VALUES (@p0, @p1, @p2, @p3); select SCOPE_IDENTITY();@p0 = 'UserName' [Type: String (4000)], @p1 = 'Password' [Type: String (4000)], @p2 = 'FirstName' [Type: String (4000)], @p3 = 'LastName' [Type: String (4000)]</StdOut>
        <ErrorInfo>
          <Message>Test method BookDatabase.Api.Tests.Mappings.Users.UserMappingTests.MappingsTest threw exception: 
NHibernate.Exceptions.GenericADOException: could not insert: [BookDatabase.Api.BusinessObjects.Users.User][SQL: INSERT INTO [User] (UserName, Password, FirstName, LastName) VALUES (?, ?, ?, ?); select SCOPE_IDENTITY()] ---&gt; System.Data.SqlClient.SqlException: Violation of UNIQUE KEY constraint 'UQ__User__C9F2845672C60C4A'. Cannot insert duplicate key in object 'dbo.User'.
The statement has been terminated.</Message>
          <StackTrace>    at System.Data.SqlClient.SqlConnection.OnError(SqlException exception, Boolean breakConnection)
   at System.Data.SqlClient.SqlInternalConnection.OnError(SqlException exception, Boolean breakConnection)
   at System.Data.SqlClient.TdsParser.ThrowExceptionAndWarning()
   at System.Data.SqlClient.TdsParser.Run(RunBehavior runBehavior, SqlCommand cmdHandler, SqlDataReader dataStream, BulkCopySimpleResultSet bulkCopyHandler, TdsParserStateObject stateObj)
   at System.Data.SqlClient.SqlDataReader.ConsumeMetaData()
   at System.Data.SqlClient.SqlDataReader.get_MetaData()
   at System.Data.SqlClient.SqlCommand.FinishExecuteReader(SqlDataReader ds, RunBehavior runBehavior, String resetOptionsString)
   at System.Data.SqlClient.SqlCommand.RunExecuteReaderTds(CommandBehavior cmdBehavior, RunBehavior runBehavior, Boolean returnStream, Boolean async)
   at System.Data.SqlClient.SqlCommand.RunExecuteReader(CommandBehavior cmdBehavior, RunBehavior runBehavior, Boolean returnStream, String method, DbAsyncResult result)
   at System.Data.SqlClient.SqlCommand.RunExecuteReader(CommandBehavior cmdBehavior, RunBehavior runBehavior, Boolean returnStream, String method)
   at System.Data.SqlClient.SqlCommand.ExecuteReader(CommandBehavior behavior, String method)
   at System.Data.SqlClient.SqlCommand.ExecuteDbDataReader(CommandBehavior behavior)
   at System.Data.Common.DbCommand.System.Data.IDbCommand.ExecuteReader()
   at NHibernate.AdoNet.AbstractBatcher.ExecuteReader(IDbCommand cmd)
   at NHibernate.Id.IdentityGenerator.InsertSelectDelegate.ExecuteAndExtract(IDbCommand insert, ISessionImplementor session)
   at NHibernate.Id.Insert.AbstractReturningDelegate.PerformInsert(SqlCommandInfo insertSQL, ISessionImplementor session, IBinder binder)
 --- End of inner exception stack trace ---
    at NHibernate.Id.Insert.AbstractReturningDelegate.PerformInsert(SqlCommandInfo insertSQL, ISessionImplementor session, IBinder binder)
   at NHibernate.Persister.Entity.AbstractEntityPersister.Insert(Object[] fields, Boolean[] notNull, SqlCommandInfo sql, Object obj, ISessionImplementor session)
   at NHibernate.Persister.Entity.AbstractEntityPersister.Insert(Object[] fields, Object obj, ISessionImplementor session)
   at NHibernate.Action.EntityIdentityInsertAction.Execute()
   at NHibernate.Engine.ActionQueue.Execute(IExecutable executable)
   at NHibernate.Event.Default.AbstractSaveEventListener.PerformSaveOrReplicate(Object entity, EntityKey key, IEntityPersister persister, Boolean useIdentityColumn, Object anything, IEventSource source, Boolean requiresImmediateIdAccess)
   at NHibernate.Event.Default.AbstractSaveEventListener.PerformSave(Object entity, Object id, IEntityPersister persister, Boolean useIdentityColumn, Object anything, IEventSource source, Boolean requiresImmediateIdAccess)
   at NHibernate.Event.Default.AbstractSaveEventListener.SaveWithGeneratedId(Object entity, String entityName, Object anything, IEventSource source, Boolean requiresImmediateIdAccess)
   at NHibernate.Event.Default.DefaultSaveOrUpdateEventListener.SaveWithGeneratedOrRequestedId(SaveOrUpdateEvent event)
   at NHibernate.Event.Default.DefaultSaveEventListener.SaveWithGeneratedOrRequestedId(SaveOrUpdateEvent event)
   at NHibernate.Event.Default.DefaultSaveOrUpdateEventListener.EntityIsTransient(SaveOrUpdateEvent event)
   at NHibernate.Event.Default.DefaultSaveEventListener.PerformSaveOrUpdate(SaveOrUpdateEvent event)
   at NHibernate.Event.Default.DefaultSaveOrUpdateEventListener.OnSaveOrUpdate(SaveOrUpdateEvent event)
   at NHibernate.Impl.SessionImpl.FireSave(SaveOrUpdateEvent event)
   at NHibernate.Impl.SessionImpl.Save(Object obj)
   at FluentNHibernate.Testing.PersistenceSpecification`1.TransactionalSave(Object propertyValue)
   at FluentNHibernate.Testing.PersistenceSpecification`1.VerifyTheMappings(T first)
   at FluentNHibernate.Testing.PersistenceSpecification`1.VerifyTheMappings()
   at BookDatabase.Api.Tests.Mappings.Users.UserMappingTests.MappingsTest() in C:\Personal\BookDatabase\BookDatabase.Api.Tests\Mappings\Users\UserMappingTests.cs:line 27
</StackTrace>
        </ErrorInfo>
      </Output>
    </UnitTestResult>
    <UnitTestResult executionId="040dd6f0-bca0-4156-a8c7-4d8d08c68d28" testId="5f968232-ea73-59ef-f037-1c482ffec7f9" testName="EqualityOperatorsTest" computerName="UK017284" duration="00:00:00.0038396" startTime="2012-10-18T18:52:30.7344181+01:00" endTime="2012-10-18T18:52:30.7444181+01:00" testType="13cdc9d9-ddb5-4fa4-a97d-d965ccfc6d4b" outcome="Passed" testListId="8a28f9f9-b23b-4242-a0eb-f110a4fb49c3" relativeResultsDirectory="040dd6f0-bca0-4156-a8c7-4d8d08c68d28">
    </UnitTestResult>
    <UnitTestResult executionId="4d2440b6-cafa-4ae3-aa92-e7cdb28295ab" testId="0835bebd-c3eb-6235-7b4f-1560788432b1" testName="GetHashCodeTest" computerName="UK017284" duration="00:00:00.0024276" startTime="2012-10-18T18:52:30.7444181+01:00" endTime="2012-10-18T18:52:30.7544181+01:00" testType="13cdc9d9-ddb5-4fa4-a97d-d965ccfc6d4b" outcome="Passed" testListId="8a28f9f9-b23b-4242-a0eb-f110a4fb49c3" relativeResultsDirectory="4d2440b6-cafa-4ae3-aa92-e7cdb28295ab">
    </UnitTestResult>
    <UnitTestResult executionId="b284468f-d2c7-4e17-8f02-414c57537854" testId="d6296fe5-485b-883b-9fe1-03a2f80ffcb3" testName="TestDeleteAndRollback" computerName="UK017284" duration="00:00:00.4231592" startTime="2012-10-18T18:52:30.7544181+01:00" endTime="2012-10-18T18:52:31.1844187+01:00" testType="13cdc9d9-ddb5-4fa4-a97d-d965ccfc6d4b" outcome="Passed" testListId="8a28f9f9-b23b-4242-a0eb-f110a4fb49c3" relativeResultsDirectory="b284468f-d2c7-4e17-8f02-414c57537854">
    </UnitTestResult>
    <UnitTestResult executionId="75405aba-fc19-48d2-bc0c-41b76c7820cf" testId="feb8d5ee-92de-5812-d4cd-efb5920e8445" testName="EqualsMethodsTest" computerName="UK017284" duration="00:00:00.0007281" startTime="2012-10-18T18:52:31.1844187+01:00" endTime="2012-10-18T18:52:31.1844187+01:00" testType="13cdc9d9-ddb5-4fa4-a97d-d965ccfc6d4b" outcome="Passed" testListId="8a28f9f9-b23b-4242-a0eb-f110a4fb49c3" relativeResultsDirectory="75405aba-fc19-48d2-bc0c-41b76c7820cf">
    </UnitTestResult>
    <UnitTestResult executionId="348f5e2c-4bc5-4dc0-b1a9-06d28ee457ca" testId="1e395a5e-32fa-339f-4c02-354f2f15fe03" testName="TestCommitMultipleTransactions" computerName="UK017284" duration="00:00:00.0106150" startTime="2012-10-18T18:52:31.1944187+01:00" endTime="2012-10-18T18:52:31.2044187+01:00" testType="13cdc9d9-ddb5-4fa4-a97d-d965ccfc6d4b" outcome="Passed" testListId="8a28f9f9-b23b-4242-a0eb-f110a4fb49c3" relativeResultsDirectory="348f5e2c-4bc5-4dc0-b1a9-06d28ee457ca">
    </UnitTestResult>
    <UnitTestResult executionId="1f58f883-349a-4871-8add-77de404639e8" testId="3c4e1c94-1f91-0d54-0766-68dba2980b33" testName="TestCommitWithNoOperations" computerName="UK017284" duration="00:00:00.0015730" startTime="2012-10-18T18:52:31.2044187+01:00" endTime="2012-10-18T18:52:31.2144187+01:00" testType="13cdc9d9-ddb5-4fa4-a97d-d965ccfc6d4b" outcome="Passed" testListId="8a28f9f9-b23b-4242-a0eb-f110a4fb49c3" relativeResultsDirectory="1f58f883-349a-4871-8add-77de404639e8">
    </UnitTestResult>
    <UnitTestResult executionId="68121cec-5d3f-4e0b-9d05-58b209de685d" testId="69ccb285-2f44-6656-6e78-b6158a4c956d" testName="IsNewTest" computerName="UK017284" duration="00:00:00.0003143" startTime="2012-10-18T18:52:31.2144187+01:00" endTime="2012-10-18T18:52:31.2144187+01:00" testType="13cdc9d9-ddb5-4fa4-a97d-d965ccfc6d4b" outcome="Passed" testListId="8a28f9f9-b23b-4242-a0eb-f110a4fb49c3" relativeResultsDirectory="68121cec-5d3f-4e0b-9d05-58b209de685d">
    </UnitTestResult>
    <UnitTestResult executionId="0aec3220-476c-4141-bd27-7a12dfd8c4dd" testId="b569f32b-9a57-6258-f5c2-759fd6bc77db" testName="TestSaveAndRollback" computerName="UK017284" duration="00:00:00.0055718" startTime="2012-10-18T18:52:31.2244188+01:00" endTime="2012-10-18T18:52:31.2344188+01:00" testType="13cdc9d9-ddb5-4fa4-a97d-d965ccfc6d4b" outcome="Passed" testListId="8a28f9f9-b23b-4242-a0eb-f110a4fb49c3" relativeResultsDirectory="0aec3220-476c-4141-bd27-7a12dfd8c4dd">
    </UnitTestResult>
    <UnitTestResult executionId="77baefb0-49bc-44a9-b184-93a14e150699" testId="f4d46f45-8838-64b4-ba12-27783409ad91" testName="TestDeleteAndCommit" computerName="UK017284" duration="00:00:00.0054647" startTime="2012-10-18T18:52:31.2344188+01:00" endTime="2012-10-18T18:52:31.2444188+01:00" testType="13cdc9d9-ddb5-4fa4-a97d-d965ccfc6d4b" outcome="Passed" testListId="8a28f9f9-b23b-4242-a0eb-f110a4fb49c3" relativeResultsDirectory="77baefb0-49bc-44a9-b184-93a14e150699">
    </UnitTestResult>
    <UnitTestResult executionId="fe82a497-9307-47f6-ab4b-ea058834377a" testId="29fc06c4-929c-34a4-7fdb-b207bcf5e089" testName="GetByIdTest" computerName="UK017284" duration="00:00:00.0090746" startTime="2012-10-18T18:52:31.2444188+01:00" endTime="2012-10-18T18:52:31.2544188+01:00" testType="13cdc9d9-ddb5-4fa4-a97d-d965ccfc6d4b" outcome="Passed" testListId="8a28f9f9-b23b-4242-a0eb-f110a4fb49c3" relativeResultsDirectory="fe82a497-9307-47f6-ab4b-ea058834377a">
    </UnitTestResult>
    <UnitTestResult executionId="dc1ce954-b5d0-44e9-919c-07e79d026be1" testId="2eb6f7d4-1d64-4f3a-503a-034326055df8" testName="TestCommitMultipleOperations" computerName="UK017284" duration="00:00:00.0059516" startTime="2012-10-18T18:52:31.2544188+01:00" endTime="2012-10-18T18:52:31.2644188+01:00" testType="13cdc9d9-ddb5-4fa4-a97d-d965ccfc6d4b" outcome="Passed" testListId="8a28f9f9-b23b-4242-a0eb-f110a4fb49c3" relativeResultsDirectory="dc1ce954-b5d0-44e9-919c-07e79d026be1">
    </UnitTestResult>
    <UnitTestResult executionId="618bb479-28a1-49d4-81d2-6b8fef7e3fc7" testId="d529485d-fa2f-1c4e-174f-6978fbbfcc07" testName="TestRollbackWithNoOperations" computerName="UK017284" duration="00:00:00.0017187" startTime="2012-10-18T18:52:31.2744188+01:00" endTime="2012-10-18T18:52:31.2744188+01:00" testType="13cdc9d9-ddb5-4fa4-a97d-d965ccfc6d4b" outcome="Passed" testListId="8a28f9f9-b23b-4242-a0eb-f110a4fb49c3" relativeResultsDirectory="618bb479-28a1-49d4-81d2-6b8fef7e3fc7">
    </UnitTestResult>
    <UnitTestResult executionId="9cbcb974-55b9-4cf1-aa22-063c175bd0df" testId="20fb7e57-9cdd-b09f-c18a-6c91d8874768" testName="TestSaveAndCommit" computerName="UK017284" duration="00:00:00.0047846" startTime="2012-10-18T18:52:31.2744188+01:00" endTime="2012-10-18T18:52:31.2844188+01:00" testType="13cdc9d9-ddb5-4fa4-a97d-d965ccfc6d4b" outcome="Passed" testListId="8a28f9f9-b23b-4242-a0eb-f110a4fb49c3" relativeResultsDirectory="9cbcb974-55b9-4cf1-aa22-063c175bd0df">
    </UnitTestResult>
    <UnitTestResult executionId="b8bec677-1172-40ca-8c4d-5b87e46ab0a2" testId="9f05c7b2-0675-d57d-0fcc-ae4480dd4d4c" testName="GetAllTest" computerName="UK017284" duration="00:00:00.0673779" startTime="2012-10-18T18:52:31.2944189+01:00" endTime="2012-10-18T18:52:31.3644190+01:00" testType="13cdc9d9-ddb5-4fa4-a97d-d965ccfc6d4b" outcome="Passed" testListId="8a28f9f9-b23b-4242-a0eb-f110a4fb49c3" relativeResultsDirectory="b8bec677-1172-40ca-8c4d-5b87e46ab0a2">
    </UnitTestResult>
  </Results>
</TestRun>