<?xml version="1.0" encoding="UTF-8"?>
<TestRun id="aed8c261-b644-47fa-a027-619f6f189526" name="Steve@UK017284 2012-10-18 18:51:12" runUser="UK017284\Steve" xmlns="http://microsoft.com/schemas/VisualStudio/TeamTest/2010">
  <TestSettings name="Local" id="2d87ad09-0d8b-450c-b43f-7b624737ef90">
    <Description>These are default test settings for a local test run.</Description>
    <Deployment runDeploymentRoot="Steve_UK017284 2012-10-18 18_51_12">
      <DeploymentItem filename="C:\Personal\BookDatabase\packages\log4net.2.0.0\lib\net40-full\log4net.dll" />
      <DeploymentItem filename="C:\Personal\BookDatabase\packages\Castle.Core.3.1.0\lib\net35\Castle.Core.dll" />
      <DeploymentItem filename="C:\Personal\BookDatabase\packages\FluentNHibernate.1.3.0.733\lib\FluentNHibernate.dll" />
      <DeploymentItem filename="C:\Personal\BookDatabase\packages\NHibernate.3.3.1.4000\lib\Net35\NHibernate.dll" />
      <DeploymentItem filename="C:\Personal\BookDatabase\BookDatabase.Api\bin\Debug\BookDatabase.Api.dll" />
      <DeploymentItem filename="C:\Personal\BookDatabase\packages\Moq.4.0.10827\lib\NET40\Moq.dll" />
      <DeploymentItem filename="C:\Personal\BookDatabase\packages\Iesi.Collections.3.2.0.4000\lib\Net35\Iesi.Collections.dll" />
    </Deployment>
    <Execution>
      <TestTypeSpecific>
        <UnitTestRunConfig testTypeId="13cdc9d9-ddb5-4fa4-a97d-d965ccfc6d4b">
          <AssemblyResolution>
            <TestDirectory useLoadContext="true" />
          </AssemblyResolution>
        </UnitTestRunConfig>
        <WebTestRunConfiguration testTypeId="4e7599fa-5ecb-43e9-a887-cd63cf72d207">
          <Browser name="Internet Explorer 7.0">
            <Headers>
              <Header name="User-Agent" value="Mozilla/4.0 (compatible; MSIE 7.0; Windows NT 5.1)" />
              <Header name="Accept" value="*/*" />
              <Header name="Accept-Language" value="{{$IEAcceptLanguage}}" />
              <Header name="Accept-Encoding" value="GZIP" />
            </Headers>
          </Browser>
        </WebTestRunConfiguration>
      </TestTypeSpecific>
      <AgentRule name="LocalMachineDefaultRole">
        <DataCollectors>
          <DataCollector uri="datacollector://microsoft/CodeCoverage/1.0" assemblyQualifiedName="Microsoft.VisualStudio.TestTools.CodeCoverage.CoveragePlugIn, Microsoft.VisualStudio.QualityTools.Plugins.CodeCoverage, Version=10.0.0.0, Culture=neutral, PublicKeyToken=b03f5f7f11d50a3a" friendlyName="Code Coverage">
            <Configuration>
              <CodeCoverage xmlns="">
                <Regular>
                  <CodeCoverageItem binaryFile="C:\Personal\BookDatabase\BookDatabase.Web\bin\BookDatabase.Web.dll" pdbFile="C:\Personal\BookDatabase\BookDatabase.Web\bin\BookDatabase.Web.instr.pdb" instrumentInPlace="true" outputDirectory="BookDatabase.Web\Bin" />
                  <CodeCoverageItem binaryFile="C:\Personal\BookDatabase\BookDatabase.Api\bin\Debug\BookDatabase.Api.dll" pdbFile="C:\Personal\BookDatabase\BookDatabase.Api\bin\Debug\BookDatabase.Api.instr.pdb" instrumentInPlace="true" />
                </Regular>
                <AspNet>
                  <AspNetCodeCoverageItem id="d5ce6748-635c-4b93-8967-bb199c6a3ae5" name="BookDatabase.Web" applicationRoot="/" url="http://localhost:0/" />
                </AspNet>
              </CodeCoverage>
            </Configuration>
          </DataCollector>
        </DataCollectors>
      </AgentRule>
    </Execution>
  </TestSettings>
  <Times creation="2012-10-18T18:51:12.8562880+01:00" queuing="2012-10-18T18:51:13.8262893+01:00" start="2012-10-18T18:51:13.8962894+01:00" finish="2012-10-18T18:51:21.4363000+01:00" />
  <ResultSummary outcome="Failed">
    <Counters total="16" executed="16" passed="15" error="0" failed="1" timeout="0" aborted="0" inconclusive="0" passedButRunAborted="0" notRunnable="0" notExecuted="0" disconnected="0" warning="0" completed="0" inProgress="0" pending="0" />
    <ResultFiles>
      <ResultFile path="UK017284\data.coverage" />
    </ResultFiles>
  </ResultSummary>
  <TestDefinitions>
    <UnitTest name="TestRollbackWithNoOperations" storage="c:\personal\bookdatabase\bookdatabase.api.tests\bin\debug\bookdatabase.api.tests.dll" id="d529485d-fa2f-1c4e-174f-6978fbbfcc07">
      <Execution id="9e249642-88e9-44e8-b3a5-db9133b71bee" />
      <TestMethod codeBase="C:/Personal/BookDatabase/BookDatabase.Api.Tests/bin/Debug/BookDatabase.Api.Tests.DLL" adapterTypeName="Microsoft.VisualStudio.TestTools.TestTypes.Unit.UnitTestAdapter, Microsoft.VisualStudio.QualityTools.Tips.UnitTest.Adapter, Version=10.0.0.0, Culture=neutral, PublicKeyToken=b03f5f7f11d50a3a" className="BookDatabase.Api.Tests.Data.Transactions.UnitOfWorkTests, BookDatabase.Api.Tests, Version=1.0.0.0, Culture=neutral, PublicKeyToken=null" name="TestRollbackWithNoOperations" />
    </UnitTest>
    <UnitTest name="TestCommitMultipleTransactions" storage="c:\personal\bookdatabase\bookdatabase.api.tests\bin\debug\bookdatabase.api.tests.dll" id="1e395a5e-32fa-339f-4c02-354f2f15fe03">
      <Execution id="02e04744-9c4a-4bde-8257-18df543510ff" />
      <TestMethod codeBase="C:/Personal/BookDatabase/BookDatabase.Api.Tests/bin/Debug/BookDatabase.Api.Tests.DLL" adapterTypeName="Microsoft.VisualStudio.TestTools.TestTypes.Unit.UnitTestAdapter, Microsoft.VisualStudio.QualityTools.Tips.UnitTest.Adapter, Version=10.0.0.0, Culture=neutral, PublicKeyToken=b03f5f7f11d50a3a" className="BookDatabase.Api.Tests.Data.Transactions.UnitOfWorkTests, BookDatabase.Api.Tests, Version=1.0.0.0, Culture=neutral, PublicKeyToken=null" name="TestCommitMultipleTransactions" />
    </UnitTest>
    <UnitTest name="TestDeleteAndRollback" storage="c:\personal\bookdatabase\bookdatabase.api.tests\bin\debug\bookdatabase.api.tests.dll" id="d6296fe5-485b-883b-9fe1-03a2f80ffcb3">
      <Execution id="a0c35fa2-6e24-4b61-bc3e-f3e99273ae75" />
      <TestMethod codeBase="C:/Personal/BookDatabase/BookDatabase.Api.Tests/bin/Debug/BookDatabase.Api.Tests.DLL" adapterTypeName="Microsoft.VisualStudio.TestTools.TestTypes.Unit.UnitTestAdapter, Microsoft.VisualStudio.QualityTools.Tips.UnitTest.Adapter, Version=10.0.0.0, Culture=neutral, PublicKeyToken=b03f5f7f11d50a3a" className="BookDatabase.Api.Tests.Data.Transactions.UnitOfWorkTests, BookDatabase.Api.Tests, Version=1.0.0.0, Culture=neutral, PublicKeyToken=null" name="TestDeleteAndRollback" />
    </UnitTest>
    <UnitTest name="TestCommitMultipleOperations" storage="c:\personal\bookdatabase\bookdatabase.api.tests\bin\debug\bookdatabase.api.tests.dll" id="2eb6f7d4-1d64-4f3a-503a-034326055df8">
      <Execution id="e684aa87-0d33-45e1-9404-daf0ae13f080" />
      <TestMethod codeBase="C:/Personal/BookDatabase/BookDatabase.Api.Tests/bin/Debug/BookDatabase.Api.Tests.DLL" adapterTypeName="Microsoft.VisualStudio.TestTools.TestTypes.Unit.UnitTestAdapter, Microsoft.VisualStudio.QualityTools.Tips.UnitTest.Adapter, Version=10.0.0.0, Culture=neutral, PublicKeyToken=b03f5f7f11d50a3a" className="BookDatabase.Api.Tests.Data.Transactions.UnitOfWorkTests, BookDatabase.Api.Tests, Version=1.0.0.0, Culture=neutral, PublicKeyToken=null" name="TestCommitMultipleOperations" />
    </UnitTest>
    <UnitTest name="TestDeleteAndCommit" storage="c:\personal\bookdatabase\bookdatabase.api.tests\bin\debug\bookdatabase.api.tests.dll" id="f4d46f45-8838-64b4-ba12-27783409ad91">
      <Execution id="2c2c6028-0553-4b62-ab28-fb4f4bec9865" />
      <TestMethod codeBase="C:/Personal/BookDatabase/BookDatabase.Api.Tests/bin/Debug/BookDatabase.Api.Tests.DLL" adapterTypeName="Microsoft.VisualStudio.TestTools.TestTypes.Unit.UnitTestAdapter, Microsoft.VisualStudio.QualityTools.Tips.UnitTest.Adapter, Version=10.0.0.0, Culture=neutral, PublicKeyToken=b03f5f7f11d50a3a" className="BookDatabase.Api.Tests.Data.Transactions.UnitOfWorkTests, BookDatabase.Api.Tests, Version=1.0.0.0, Culture=neutral, PublicKeyToken=null" name="TestDeleteAndCommit" />
    </UnitTest>
    <UnitTest name="TestCommitWithNoOperations" storage="c:\personal\bookdatabase\bookdatabase.api.tests\bin\debug\bookdatabase.api.tests.dll" id="3c4e1c94-1f91-0d54-0766-68dba2980b33">
      <Execution id="05855a63-d849-4930-a201-0482dcb42c89" />
      <TestMethod codeBase="C:/Personal/BookDatabase/BookDatabase.Api.Tests/bin/Debug/BookDatabase.Api.Tests.DLL" adapterTypeName="Microsoft.VisualStudio.TestTools.TestTypes.Unit.UnitTestAdapter, Microsoft.VisualStudio.QualityTools.Tips.UnitTest.Adapter, Version=10.0.0.0, Culture=neutral, PublicKeyToken=b03f5f7f11d50a3a" className="BookDatabase.Api.Tests.Data.Transactions.UnitOfWorkTests, BookDatabase.Api.Tests, Version=1.0.0.0, Culture=neutral, PublicKeyToken=null" name="TestCommitWithNoOperations" />
    </UnitTest>
    <UnitTest name="UniqueNameTest" storage="c:\personal\bookdatabase\bookdatabase.api.tests\bin\debug\bookdatabase.api.tests.dll" id="0ffb65c9-a283-8957-c4cc-3455315a6cfb">
      <Execution id="4c49deed-50c8-4f83-bedb-481a820a2ebb" />
      <TestMethod codeBase="C:/Personal/BookDatabase/BookDatabase.Api.Tests/bin/Debug/BookDatabase.Api.Tests.DLL" adapterTypeName="Microsoft.VisualStudio.TestTools.TestTypes.Unit.UnitTestAdapter, Microsoft.VisualStudio.QualityTools.Tips.UnitTest.Adapter, Version=10.0.0.0, Culture=neutral, PublicKeyToken=b03f5f7f11d50a3a" className="BookDatabase.Api.Tests.Mappings.Users.UserMappingTests, BookDatabase.Api.Tests, Version=1.0.0.0, Culture=neutral, PublicKeyToken=null" name="UniqueNameTest" />
    </UnitTest>
    <UnitTest name="TestSaveAndCommit" storage="c:\personal\bookdatabase\bookdatabase.api.tests\bin\debug\bookdatabase.api.tests.dll" id="20fb7e57-9cdd-b09f-c18a-6c91d8874768">
      <Execution id="d8fddf00-a9f5-42fa-a83d-3c898e4fd92f" />
      <TestMethod codeBase="C:/Personal/BookDatabase/BookDatabase.Api.Tests/bin/Debug/BookDatabase.Api.Tests.DLL" adapterTypeName="Microsoft.VisualStudio.TestTools.TestTypes.Unit.UnitTestAdapter, Microsoft.VisualStudio.QualityTools.Tips.UnitTest.Adapter, Version=10.0.0.0, Culture=neutral, PublicKeyToken=b03f5f7f11d50a3a" className="BookDatabase.Api.Tests.Data.Transactions.UnitOfWorkTests, BookDatabase.Api.Tests, Version=1.0.0.0, Culture=neutral, PublicKeyToken=null" name="TestSaveAndCommit" />
    </UnitTest>
    <UnitTest name="GetAllTest" storage="c:\personal\bookdatabase\bookdatabase.api.tests\bin\debug\bookdatabase.api.tests.dll" id="9f05c7b2-0675-d57d-0fcc-ae4480dd4d4c">
      <Execution id="6f75cfd7-f747-43ae-bd41-db5dbf33af73" />
      <TestMethod codeBase="C:/Personal/BookDatabase/BookDatabase.Api.Tests/bin/Debug/BookDatabase.Api.Tests.DLL" adapterTypeName="Microsoft.VisualStudio.TestTools.TestTypes.Unit.UnitTestAdapter, Microsoft.VisualStudio.QualityTools.Tips.UnitTest.Adapter, Version=10.0.0.0, Culture=neutral, PublicKeyToken=b03f5f7f11d50a3a" className="BookDatabase.Api.Tests.Data.Repositories.RepositoryTests, BookDatabase.Api.Tests, Version=1.0.0.0, Culture=neutral, PublicKeyToken=null" name="GetAllTest" />
    </UnitTest>
    <UnitTest name="GetByIdTest" storage="c:\personal\bookdatabase\bookdatabase.api.tests\bin\debug\bookdatabase.api.tests.dll" id="29fc06c4-929c-34a4-7fdb-b207bcf5e089">
      <Execution id="1c9f0df5-4a15-45bc-acfd-64865eba3c86" />
      <TestMethod codeBase="C:/Personal/BookDatabase/BookDatabase.Api.Tests/bin/Debug/BookDatabase.Api.Tests.DLL" adapterTypeName="Microsoft.VisualStudio.TestTools.TestTypes.Unit.UnitTestAdapter, Microsoft.VisualStudio.QualityTools.Tips.UnitTest.Adapter, Version=10.0.0.0, Culture=neutral, PublicKeyToken=b03f5f7f11d50a3a" className="BookDatabase.Api.Tests.Data.Repositories.RepositoryTests, BookDatabase.Api.Tests, Version=1.0.0.0, Culture=neutral, PublicKeyToken=null" name="GetByIdTest" />
    </UnitTest>
    <UnitTest name="IsNewTest" storage="c:\personal\bookdatabase\bookdatabase.api.tests\bin\debug\bookdatabase.api.tests.dll" id="69ccb285-2f44-6656-6e78-b6158a4c956d">
      <Execution id="4013f247-e5ed-4b7e-be18-2ed03fe13ef9" />
      <TestMethod codeBase="C:/Personal/BookDatabase/BookDatabase.Api.Tests/bin/Debug/BookDatabase.Api.Tests.DLL" adapterTypeName="Microsoft.VisualStudio.TestTools.TestTypes.Unit.UnitTestAdapter, Microsoft.VisualStudio.QualityTools.Tips.UnitTest.Adapter, Version=10.0.0.0, Culture=neutral, PublicKeyToken=b03f5f7f11d50a3a" className="BookDatabase.Api.Tests.BusinessObjects.BusinessObjectTests, BookDatabase.Api.Tests, Version=1.0.0.0, Culture=neutral, PublicKeyToken=null" name="IsNewTest" />
    </UnitTest>
    <UnitTest name="TestSaveAndRollback" storage="c:\personal\bookdatabase\bookdatabase.api.tests\bin\debug\bookdatabase.api.tests.dll" id="b569f32b-9a57-6258-f5c2-759fd6bc77db">
      <Execution id="3a7ce5a8-a354-41d9-90e4-fe191abadcda" />
      <TestMethod codeBase="C:/Personal/BookDatabase/BookDatabase.Api.Tests/bin/Debug/BookDatabase.Api.Tests.DLL" adapterTypeName="Microsoft.VisualStudio.TestTools.TestTypes.Unit.UnitTestAdapter, Microsoft.VisualStudio.QualityTools.Tips.UnitTest.Adapter, Version=10.0.0.0, Culture=neutral, PublicKeyToken=b03f5f7f11d50a3a" className="BookDatabase.Api.Tests.Data.Transactions.UnitOfWorkTests, BookDatabase.Api.Tests, Version=1.0.0.0, Culture=neutral, PublicKeyToken=null" name="TestSaveAndRollback" />
    </UnitTest>
    <UnitTest name="MappingsTest" storage="c:\personal\bookdatabase\bookdatabase.api.tests\bin\debug\bookdatabase.api.tests.dll" id="0aeda2e7-79a3-7ffe-0672-3e6cf9b29613">
      <Execution id="fe3140a0-686e-44d8-b08d-a2d4cb82ee05" />
      <TestMethod codeBase="C:/Personal/BookDatabase/BookDatabase.Api.Tests/bin/Debug/BookDatabase.Api.Tests.DLL" adapterTypeName="Microsoft.VisualStudio.TestTools.TestTypes.Unit.UnitTestAdapter, Microsoft.VisualStudio.QualityTools.Tips.UnitTest.Adapter, Version=10.0.0.0, Culture=neutral, PublicKeyToken=b03f5f7f11d50a3a" className="BookDatabase.Api.Tests.Mappings.Users.UserMappingTests, BookDatabase.Api.Tests, Version=1.0.0.0, Culture=neutral, PublicKeyToken=null" name="MappingsTest" />
    </UnitTest>
    <UnitTest name="GetHashCodeTest" storage="c:\personal\bookdatabase\bookdatabase.api.tests\bin\debug\bookdatabase.api.tests.dll" id="0835bebd-c3eb-6235-7b4f-1560788432b1">
      <Execution id="84293d5e-393f-433d-af25-34939775e28e" />
      <TestMethod codeBase="C:/Personal/BookDatabase/BookDatabase.Api.Tests/bin/Debug/BookDatabase.Api.Tests.DLL" adapterTypeName="Microsoft.VisualStudio.TestTools.TestTypes.Unit.UnitTestAdapter, Microsoft.VisualStudio.QualityTools.Tips.UnitTest.Adapter, Version=10.0.0.0, Culture=neutral, PublicKeyToken=b03f5f7f11d50a3a" className="BookDatabase.Api.Tests.BusinessObjects.BusinessObjectTests, BookDatabase.Api.Tests, Version=1.0.0.0, Culture=neutral, PublicKeyToken=null" name="GetHashCodeTest" />
    </UnitTest>
    <UnitTest name="EqualsMethodsTest" storage="c:\personal\bookdatabase\bookdatabase.api.tests\bin\debug\bookdatabase.api.tests.dll" id="feb8d5ee-92de-5812-d4cd-efb5920e8445">
      <Execution id="947ab221-d4f4-4ff7-98bb-6a7c6d55d5d8" />
      <TestMethod codeBase="C:/Personal/BookDatabase/BookDatabase.Api.Tests/bin/Debug/BookDatabase.Api.Tests.DLL" adapterTypeName="Microsoft.VisualStudio.TestTools.TestTypes.Unit.UnitTestAdapter, Microsoft.VisualStudio.QualityTools.Tips.UnitTest.Adapter, Version=10.0.0.0, Culture=neutral, PublicKeyToken=b03f5f7f11d50a3a" className="BookDatabase.Api.Tests.BusinessObjects.BusinessObjectTests, BookDatabase.Api.Tests, Version=1.0.0.0, Culture=neutral, PublicKeyToken=null" name="EqualsMethodsTest" />
    </UnitTest>
    <UnitTest name="EqualityOperatorsTest" storage="c:\personal\bookdatabase\bookdatabase.api.tests\bin\debug\bookdatabase.api.tests.dll" id="5f968232-ea73-59ef-f037-1c482ffec7f9">
      <Execution id="9ec16c69-b93c-450e-a827-57e3a10d8eef" />
      <TestMethod codeBase="C:/Personal/BookDatabase/BookDatabase.Api.Tests/bin/Debug/BookDatabase.Api.Tests.DLL" adapterTypeName="Microsoft.VisualStudio.TestTools.TestTypes.Unit.UnitTestAdapter, Microsoft.VisualStudio.QualityTools.Tips.UnitTest.Adapter, Version=10.0.0.0, Culture=neutral, PublicKeyToken=b03f5f7f11d50a3a" className="BookDatabase.Api.Tests.BusinessObjects.BusinessObjectTests, BookDatabase.Api.Tests, Version=1.0.0.0, Culture=neutral, PublicKeyToken=null" name="EqualityOperatorsTest" />
    </UnitTest>
  </TestDefinitions>
  <TestLists>
    <TestList name="Unit Tests" id="8a28f9f9-b23b-4242-a0eb-f110a4fb49c3" parentListId="8c43106b-9dc1-4907-a29f-aa66a61bf5b6">
      <TestLinks>
        <TestLink id="5f968232-ea73-59ef-f037-1c482ffec7f9" name="EqualityOperatorsTest" storage="c:\personal\bookdatabase\bookdatabase.api.tests\bin\debug\bookdatabase.api.tests.dll" type="Microsoft.VisualStudio.TestTools.TestTypes.Unit.UnitTestElement, Microsoft.VisualStudio.QualityTools.Tips.UnitTest.ObjectModel, Version=10.0.0.0, Culture=neutral, PublicKeyToken=b03f5f7f11d50a3a" />
        <TestLink id="1e395a5e-32fa-339f-4c02-354f2f15fe03" name="TestCommitMultipleTransactions" storage="c:\personal\bookdatabase\bookdatabase.api.tests\bin\debug\bookdatabase.api.tests.dll" type="Microsoft.VisualStudio.TestTools.TestTypes.Unit.UnitTestElement, Microsoft.VisualStudio.QualityTools.Tips.UnitTest.ObjectModel, Version=10.0.0.0, Culture=neutral, PublicKeyToken=b03f5f7f11d50a3a" />
        <TestLink id="3c4e1c94-1f91-0d54-0766-68dba2980b33" name="TestCommitWithNoOperations" storage="c:\personal\bookdatabase\bookdatabase.api.tests\bin\debug\bookdatabase.api.tests.dll" type="Microsoft.VisualStudio.TestTools.TestTypes.Unit.UnitTestElement, Microsoft.VisualStudio.QualityTools.Tips.UnitTest.ObjectModel, Version=10.0.0.0, Culture=neutral, PublicKeyToken=b03f5f7f11d50a3a" />
        <TestLink id="69ccb285-2f44-6656-6e78-b6158a4c956d" name="IsNewTest" storage="c:\personal\bookdatabase\bookdatabase.api.tests\bin\debug\bookdatabase.api.tests.dll" type="Microsoft.VisualStudio.TestTools.TestTypes.Unit.UnitTestElement, Microsoft.VisualStudio.QualityTools.Tips.UnitTest.ObjectModel, Version=10.0.0.0, Culture=neutral, PublicKeyToken=b03f5f7f11d50a3a" />
        <TestLink id="29fc06c4-929c-34a4-7fdb-b207bcf5e089" name="GetByIdTest" storage="c:\personal\bookdatabase\bookdatabase.api.tests\bin\debug\bookdatabase.api.tests.dll" type="Microsoft.VisualStudio.TestTools.TestTypes.Unit.UnitTestElement, Microsoft.VisualStudio.QualityTools.Tips.UnitTest.ObjectModel, Version=10.0.0.0, Culture=neutral, PublicKeyToken=b03f5f7f11d50a3a" />
        <TestLink id="2eb6f7d4-1d64-4f3a-503a-034326055df8" name="TestCommitMultipleOperations" storage="c:\personal\bookdatabase\bookdatabase.api.tests\bin\debug\bookdatabase.api.tests.dll" type="Microsoft.VisualStudio.TestTools.TestTypes.Unit.UnitTestElement, Microsoft.VisualStudio.QualityTools.Tips.UnitTest.ObjectModel, Version=10.0.0.0, Culture=neutral, PublicKeyToken=b03f5f7f11d50a3a" />
        <TestLink id="9f05c7b2-0675-d57d-0fcc-ae4480dd4d4c" name="GetAllTest" storage="c:\personal\bookdatabase\bookdatabase.api.tests\bin\debug\bookdatabase.api.tests.dll" type="Microsoft.VisualStudio.TestTools.TestTypes.Unit.UnitTestElement, Microsoft.VisualStudio.QualityTools.Tips.UnitTest.ObjectModel, Version=10.0.0.0, Culture=neutral, PublicKeyToken=b03f5f7f11d50a3a" />
        <TestLink id="0835bebd-c3eb-6235-7b4f-1560788432b1" name="GetHashCodeTest" storage="c:\personal\bookdatabase\bookdatabase.api.tests\bin\debug\bookdatabase.api.tests.dll" type="Microsoft.VisualStudio.TestTools.TestTypes.Unit.UnitTestElement, Microsoft.VisualStudio.QualityTools.Tips.UnitTest.ObjectModel, Version=10.0.0.0, Culture=neutral, PublicKeyToken=b03f5f7f11d50a3a" />
        <TestLink id="d529485d-fa2f-1c4e-174f-6978fbbfcc07" name="TestRollbackWithNoOperations" storage="c:\personal\bookdatabase\bookdatabase.api.tests\bin\debug\bookdatabase.api.tests.dll" type="Microsoft.VisualStudio.TestTools.TestTypes.Unit.UnitTestElement, Microsoft.VisualStudio.QualityTools.Tips.UnitTest.ObjectModel, Version=10.0.0.0, Culture=neutral, PublicKeyToken=b03f5f7f11d50a3a" />
        <TestLink id="f4d46f45-8838-64b4-ba12-27783409ad91" name="TestDeleteAndCommit" storage="c:\personal\bookdatabase\bookdatabase.api.tests\bin\debug\bookdatabase.api.tests.dll" type="Microsoft.VisualStudio.TestTools.TestTypes.Unit.UnitTestElement, Microsoft.VisualStudio.QualityTools.Tips.UnitTest.ObjectModel, Version=10.0.0.0, Culture=neutral, PublicKeyToken=b03f5f7f11d50a3a" />
        <TestLink id="feb8d5ee-92de-5812-d4cd-efb5920e8445" name="EqualsMethodsTest" storage="c:\personal\bookdatabase\bookdatabase.api.tests\bin\debug\bookdatabase.api.tests.dll" type="Microsoft.VisualStudio.TestTools.TestTypes.Unit.UnitTestElement, Microsoft.VisualStudio.QualityTools.Tips.UnitTest.ObjectModel, Version=10.0.0.0, Culture=neutral, PublicKeyToken=b03f5f7f11d50a3a" />
        <TestLink id="b569f32b-9a57-6258-f5c2-759fd6bc77db" name="TestSaveAndRollback" storage="c:\personal\bookdatabase\bookdatabase.api.tests\bin\debug\bookdatabase.api.tests.dll" type="Microsoft.VisualStudio.TestTools.TestTypes.Unit.UnitTestElement, Microsoft.VisualStudio.QualityTools.Tips.UnitTest.ObjectModel, Version=10.0.0.0, Culture=neutral, PublicKeyToken=b03f5f7f11d50a3a" />
        <TestLink id="20fb7e57-9cdd-b09f-c18a-6c91d8874768" name="TestSaveAndCommit" storage="c:\personal\bookdatabase\bookdatabase.api.tests\bin\debug\bookdatabase.api.tests.dll" type="Microsoft.VisualStudio.TestTools.TestTypes.Unit.UnitTestElement, Microsoft.VisualStudio.QualityTools.Tips.UnitTest.ObjectModel, Version=10.0.0.0, Culture=neutral, PublicKeyToken=b03f5f7f11d50a3a" />
        <TestLink id="d6296fe5-485b-883b-9fe1-03a2f80ffcb3" name="TestDeleteAndRollback" storage="c:\personal\bookdatabase\bookdatabase.api.tests\bin\debug\bookdatabase.api.tests.dll" type="Microsoft.VisualStudio.TestTools.TestTypes.Unit.UnitTestElement, Microsoft.VisualStudio.QualityTools.Tips.UnitTest.ObjectModel, Version=10.0.0.0, Culture=neutral, PublicKeyToken=b03f5f7f11d50a3a" />
      </TestLinks>
    </TestList>
    <TestList name="All Loaded Results" id="19431567-8539-422a-85d7-44ee4e166bda" />
    <TestList name="Lists of Results" id="8c43106b-9dc1-4907-a29f-aa66a61bf5b6" />
    <TestList name="Integration Tests" id="79b14a06-edb4-4e10-9bec-ad659ff57ee9" parentListId="8c43106b-9dc1-4907-a29f-aa66a61bf5b6">
      <TestLinks>
        <TestLink id="0ffb65c9-a283-8957-c4cc-3455315a6cfb" name="UniqueNameTest" storage="c:\personal\bookdatabase\bookdatabase.api.tests\bin\debug\bookdatabase.api.tests.dll" type="Microsoft.VisualStudio.TestTools.TestTypes.Unit.UnitTestElement, Microsoft.VisualStudio.QualityTools.Tips.UnitTest.ObjectModel, Version=10.0.0.0, Culture=neutral, PublicKeyToken=b03f5f7f11d50a3a" />
        <TestLink id="0aeda2e7-79a3-7ffe-0672-3e6cf9b29613" name="MappingsTest" storage="c:\personal\bookdatabase\bookdatabase.api.tests\bin\debug\bookdatabase.api.tests.dll" type="Microsoft.VisualStudio.TestTools.TestTypes.Unit.UnitTestElement, Microsoft.VisualStudio.QualityTools.Tips.UnitTest.ObjectModel, Version=10.0.0.0, Culture=neutral, PublicKeyToken=b03f5f7f11d50a3a" />
      </TestLinks>
    </TestList>
  </TestLists>
  <TestEntries>
    <TestEntry testId="0ffb65c9-a283-8957-c4cc-3455315a6cfb" executionId="4c49deed-50c8-4f83-bedb-481a820a2ebb" testListId="79b14a06-edb4-4e10-9bec-ad659ff57ee9" />
    <TestEntry testId="0aeda2e7-79a3-7ffe-0672-3e6cf9b29613" executionId="fe3140a0-686e-44d8-b08d-a2d4cb82ee05" testListId="79b14a06-edb4-4e10-9bec-ad659ff57ee9" />
    <TestEntry testId="5f968232-ea73-59ef-f037-1c482ffec7f9" executionId="9ec16c69-b93c-450e-a827-57e3a10d8eef" testListId="8a28f9f9-b23b-4242-a0eb-f110a4fb49c3" />
    <TestEntry testId="0835bebd-c3eb-6235-7b4f-1560788432b1" executionId="84293d5e-393f-433d-af25-34939775e28e" testListId="8a28f9f9-b23b-4242-a0eb-f110a4fb49c3" />
    <TestEntry testId="d6296fe5-485b-883b-9fe1-03a2f80ffcb3" executionId="a0c35fa2-6e24-4b61-bc3e-f3e99273ae75" testListId="8a28f9f9-b23b-4242-a0eb-f110a4fb49c3" />
    <TestEntry testId="feb8d5ee-92de-5812-d4cd-efb5920e8445" executionId="947ab221-d4f4-4ff7-98bb-6a7c6d55d5d8" testListId="8a28f9f9-b23b-4242-a0eb-f110a4fb49c3" />
    <TestEntry testId="1e395a5e-32fa-339f-4c02-354f2f15fe03" executionId="02e04744-9c4a-4bde-8257-18df543510ff" testListId="8a28f9f9-b23b-4242-a0eb-f110a4fb49c3" />
    <TestEntry testId="3c4e1c94-1f91-0d54-0766-68dba2980b33" executionId="05855a63-d849-4930-a201-0482dcb42c89" testListId="8a28f9f9-b23b-4242-a0eb-f110a4fb49c3" />
    <TestEntry testId="69ccb285-2f44-6656-6e78-b6158a4c956d" executionId="4013f247-e5ed-4b7e-be18-2ed03fe13ef9" testListId="8a28f9f9-b23b-4242-a0eb-f110a4fb49c3" />
    <TestEntry testId="b569f32b-9a57-6258-f5c2-759fd6bc77db" executionId="3a7ce5a8-a354-41d9-90e4-fe191abadcda" testListId="8a28f9f9-b23b-4242-a0eb-f110a4fb49c3" />
    <TestEntry testId="f4d46f45-8838-64b4-ba12-27783409ad91" executionId="2c2c6028-0553-4b62-ab28-fb4f4bec9865" testListId="8a28f9f9-b23b-4242-a0eb-f110a4fb49c3" />
    <TestEntry testId="29fc06c4-929c-34a4-7fdb-b207bcf5e089" executionId="1c9f0df5-4a15-45bc-acfd-64865eba3c86" testListId="8a28f9f9-b23b-4242-a0eb-f110a4fb49c3" />
    <TestEntry testId="2eb6f7d4-1d64-4f3a-503a-034326055df8" executionId="e684aa87-0d33-45e1-9404-daf0ae13f080" testListId="8a28f9f9-b23b-4242-a0eb-f110a4fb49c3" />
    <TestEntry testId="d529485d-fa2f-1c4e-174f-6978fbbfcc07" executionId="9e249642-88e9-44e8-b3a5-db9133b71bee" testListId="8a28f9f9-b23b-4242-a0eb-f110a4fb49c3" />
    <TestEntry testId="20fb7e57-9cdd-b09f-c18a-6c91d8874768" executionId="d8fddf00-a9f5-42fa-a83d-3c898e4fd92f" testListId="8a28f9f9-b23b-4242-a0eb-f110a4fb49c3" />
    <TestEntry testId="9f05c7b2-0675-d57d-0fcc-ae4480dd4d4c" executionId="6f75cfd7-f747-43ae-bd41-db5dbf33af73" testListId="8a28f9f9-b23b-4242-a0eb-f110a4fb49c3" />
  </TestEntries>
  <Results>
    <UnitTestResult executionId="4c49deed-50c8-4f83-bedb-481a820a2ebb" testId="0ffb65c9-a283-8957-c4cc-3455315a6cfb" testName="UniqueNameTest" computerName="UK017284" duration="00:00:01.7436034" startTime="2012-10-18T18:51:17.0262938+01:00" endTime="2012-10-18T18:51:18.9762965+01:00" testType="13cdc9d9-ddb5-4fa4-a97d-d965ccfc6d4b" outcome="Passed" testListId="79b14a06-edb4-4e10-9bec-ad659ff57ee9" relativeResultsDirectory="4c49deed-50c8-4f83-bedb-481a820a2ebb">
      <Output>
        <StdOut>NHibernate: INSERT INTO [User] (UserName, Password, FirstName, LastName) VALUES (@p0, @p1, @p2, @p3); select SCOPE_IDENTITY();@p0 = 'UserName' [Type: String (4000)], @p1 = 'Password' [Type: String (4000)], @p2 = 'FirstName' [Type: String (4000)], @p3 = 'LastName' [Type: String (4000)]
NHibernate: INSERT INTO [User] (UserName, Password, FirstName, LastName) VALUES (@p0, @p1, @p2, @p3); select SCOPE_IDENTITY();@p0 = 'UserName' [Type: String (4000)], @p1 = 'Password' [Type: String (4000)], @p2 = 'FirstName' [Type: String (4000)], @p3 = 'LastName' [Type: String (4000)]</StdOut>
        <StdErr>log4net:ERROR Failed to find configuration section 'log4net' in the application's .config file. Check your .config file for the &lt;log4net&gt; and &lt;configSections&gt; elements. The configuration section should look like: &lt;section name="log4net" type="log4net.Config.Log4NetConfigurationSectionHandler,log4net" /&gt;</StdErr>
        <DebugTrace>log4net:ERROR Failed to find configuration section 'log4net' in the application's .config file. Check your .config file for the &lt;log4net&gt; and &lt;configSections&gt; elements. The configuration section should look like: &lt;section name="log4net" type="log4net.Config.Log4NetConfigurationSectionHandler,log4net" /&gt;
</DebugTrace>
      </Output>
    </UnitTestResult>
    <UnitTestResult executionId="fe3140a0-686e-44d8-b08d-a2d4cb82ee05" testId="0aeda2e7-79a3-7ffe-0672-3e6cf9b29613" testName="MappingsTest" computerName="UK017284" duration="00:00:00.0375587" startTime="2012-10-18T18:51:19.0162966+01:00" endTime="2012-10-18T18:51:19.0562966+01:00" testType="13cdc9d9-ddb5-4fa4-a97d-d965ccfc6d4b" outcome="Failed" testListId="79b14a06-edb4-4e10-9bec-ad659ff57ee9" relativeResultsDirectory="fe3140a0-686e-44d8-b08d-a2d4cb82ee05">
      <Output>
        <StdOut>NHibernate: INSERT INTO [User] (UserName, Password, FirstName, LastName) VALUES (@p0, @p1, @p2, @p3); select SCOPE_IDENTITY();@p0 = 'UserName' [Type: String (4000)], @p1 = 'Password' [Type: String (4000)], @p2 = 'FirstName' [Type: String (4000)], @p3 = 'LastName' [Type: String (4000)]</StdOut>
        <ErrorInfo>
          <Message>Test method BookDatabase.Api.Tests.Mappings.Users.UserMappingTests.MappingsTest threw exception: 
NHibernate.Exceptions.GenericADOException: could not insert: [BookDatabase.Api.BusinessObjects.Users.User][SQL: INSERT INTO [User] (UserName, Password, FirstName, LastName) VALUES (?, ?, ?, ?); select SCOPE_IDENTITY()] ---&gt; System.Data.SqlClient.SqlException: Violation of UNIQUE KEY constraint 'UQ__User__C9F28456656C112C'. Cannot insert duplicate key in object 'dbo.User'.
The statement has been terminated.</Message>
          <StackTrace>    at System.Data.SqlClient.SqlConnection.OnError(SqlException exception, Boolean breakConnection)
   at System.Data.SqlClient.SqlInternalConnection.OnError(SqlException exception, Boolean breakConnection)
   at System.Data.SqlClient.TdsParser.ThrowExceptionAndWarning()
   at System.Data.SqlClient.TdsParser.Run(RunBehavior runBehavior, SqlCommand cmdHandler, SqlDataReader dataStream, BulkCopySimpleResultSet bulkCopyHandler, TdsParserStateObject stateObj)
   at System.Data.SqlClient.SqlDataReader.ConsumeMetaData()
   at System.Data.SqlClient.SqlDataReader.get_MetaData()
   at System.Data.SqlClient.SqlCommand.FinishExecuteReader(SqlDataReader ds, RunBehavior runBehavior, String resetOptionsString)
   at System.Data.SqlClient.SqlCommand.RunExecuteReaderTds(CommandBehavior cmdBehavior, RunBehavior runBehavior, Boolean returnStream, Boolean async)
   at System.Data.SqlClient.SqlCommand.RunExecuteReader(CommandBehavior cmdBehavior, RunBehavior runBehavior, Boolean returnStream, String method, DbAsyncResult result)
   at System.Data.SqlClient.SqlCommand.RunExecuteReader(CommandBehavior cmdBehavior, RunBehavior runBehavior, Boolean returnStream, String method)
   at System.Data.SqlClient.SqlCommand.ExecuteReader(CommandBehavior behavior, String method)
   at System.Data.SqlClient.SqlCommand.ExecuteDbDataReader(CommandBehavior behavior)
   at System.Data.Common.DbCommand.System.Data.IDbCommand.ExecuteReader()
   at NHibernate.AdoNet.AbstractBatcher.ExecuteReader(IDbCommand cmd)
   at NHibernate.Id.IdentityGenerator.InsertSelectDelegate.ExecuteAndExtract(IDbCommand insert, ISessionImplementor session)
   at NHibernate.Id.Insert.AbstractReturningDelegate.PerformInsert(SqlCommandInfo insertSQL, ISessionImplementor session, IBinder binder)
 --- End of inner exception stack trace ---
    at NHibernate.Id.Insert.AbstractReturningDelegate.PerformInsert(SqlCommandInfo insertSQL, ISessionImplementor session, IBinder binder)
   at NHibernate.Persister.Entity.AbstractEntityPersister.Insert(Object[] fields, Boolean[] notNull, SqlCommandInfo sql, Object obj, ISessionImplementor session)
   at NHibernate.Persister.Entity.AbstractEntityPersister.Insert(Object[] fields, Object obj, ISessionImplementor session)
   at NHibernate.Action.EntityIdentityInsertAction.Execute()
   at NHibernate.Engine.ActionQueue.Execute(IExecutable executable)
   at NHibernate.Event.Default.AbstractSaveEventListener.PerformSaveOrReplicate(Object entity, EntityKey key, IEntityPersister persister, Boolean useIdentityColumn, Object anything, IEventSource source, Boolean requiresImmediateIdAccess)
   at NHibernate.Event.Default.AbstractSaveEventListener.PerformSave(Object entity, Object id, IEntityPersister persister, Boolean useIdentityColumn, Object anything, IEventSource source, Boolean requiresImmediateIdAccess)
   at NHibernate.Event.Default.AbstractSaveEventListener.SaveWithGeneratedId(Object entity, String entityName, Object anything, IEventSource source, Boolean requiresImmediateIdAccess)
   at NHibernate.Event.Default.DefaultSaveOrUpdateEventListener.SaveWithGeneratedOrRequestedId(SaveOrUpdateEvent event)
   at NHibernate.Event.Default.DefaultSaveEventListener.SaveWithGeneratedOrRequestedId(SaveOrUpdateEvent event)
   at NHibernate.Event.Default.DefaultSaveOrUpdateEventListener.EntityIsTransient(SaveOrUpdateEvent event)
   at NHibernate.Event.Default.DefaultSaveEventListener.PerformSaveOrUpdate(SaveOrUpdateEvent event)
   at NHibernate.Event.Default.DefaultSaveOrUpdateEventListener.OnSaveOrUpdate(SaveOrUpdateEvent event)
   at NHibernate.Impl.SessionImpl.FireSave(SaveOrUpdateEvent event)
   at NHibernate.Impl.SessionImpl.Save(Object obj)
   at FluentNHibernate.Testing.PersistenceSpecification`1.TransactionalSave(Object propertyValue)
   at FluentNHibernate.Testing.PersistenceSpecification`1.VerifyTheMappings(T first)
   at FluentNHibernate.Testing.PersistenceSpecification`1.VerifyTheMappings()
   at BookDatabase.Api.Tests.Mappings.Users.UserMappingTests.MappingsTest() in C:\Personal\BookDatabase\BookDatabase.Api.Tests\Mappings\Users\UserMappingTests.cs:line 27
</StackTrace>
        </ErrorInfo>
      </Output>
    </UnitTestResult>
    <UnitTestResult executionId="9ec16c69-b93c-450e-a827-57e3a10d8eef" testId="5f968232-ea73-59ef-f037-1c482ffec7f9" testName="EqualityOperatorsTest" computerName="UK017284" duration="00:00:00.0035926" startTime="2012-10-18T18:51:19.0562966+01:00" endTime="2012-10-18T18:51:19.0662966+01:00" testType="13cdc9d9-ddb5-4fa4-a97d-d965ccfc6d4b" outcome="Passed" testListId="8a28f9f9-b23b-4242-a0eb-f110a4fb49c3" relativeResultsDirectory="9ec16c69-b93c-450e-a827-57e3a10d8eef">
    </UnitTestResult>
    <UnitTestResult executionId="84293d5e-393f-433d-af25-34939775e28e" testId="0835bebd-c3eb-6235-7b4f-1560788432b1" testName="GetHashCodeTest" computerName="UK017284" duration="00:00:00.0020080" startTime="2012-10-18T18:51:19.0662966+01:00" endTime="2012-10-18T18:51:19.0762967+01:00" testType="13cdc9d9-ddb5-4fa4-a97d-d965ccfc6d4b" outcome="Passed" testListId="8a28f9f9-b23b-4242-a0eb-f110a4fb49c3" relativeResultsDirectory="84293d5e-393f-433d-af25-34939775e28e">
    </UnitTestResult>
    <UnitTestResult executionId="a0c35fa2-6e24-4b61-bc3e-f3e99273ae75" testId="d6296fe5-485b-883b-9fe1-03a2f80ffcb3" testName="TestDeleteAndRollback" computerName="UK017284" duration="00:00:00.4335978" startTime="2012-10-18T18:51:19.0762967+01:00" endTime="2012-10-18T18:51:19.5162973+01:00" testType="13cdc9d9-ddb5-4fa4-a97d-d965ccfc6d4b" outcome="Passed" testListId="8a28f9f9-b23b-4242-a0eb-f110a4fb49c3" relativeResultsDirectory="a0c35fa2-6e24-4b61-bc3e-f3e99273ae75">
    </UnitTestResult>
    <UnitTestResult executionId="947ab221-d4f4-4ff7-98bb-6a7c6d55d5d8" testId="feb8d5ee-92de-5812-d4cd-efb5920e8445" testName="EqualsMethodsTest" computerName="UK017284" duration="00:00:00.0009873" startTime="2012-10-18T18:51:19.5262973+01:00" endTime="2012-10-18T18:51:19.5362973+01:00" testType="13cdc9d9-ddb5-4fa4-a97d-d965ccfc6d4b" outcome="Passed" testListId="8a28f9f9-b23b-4242-a0eb-f110a4fb49c3" relativeResultsDirectory="947ab221-d4f4-4ff7-98bb-6a7c6d55d5d8">
    </UnitTestResult>
    <UnitTestResult executionId="02e04744-9c4a-4bde-8257-18df543510ff" testId="1e395a5e-32fa-339f-4c02-354f2f15fe03" testName="TestCommitMultipleTransactions" computerName="UK017284" duration="00:00:00.0139055" startTime="2012-10-18T18:51:19.5362973+01:00" endTime="2012-10-18T18:51:19.5562973+01:00" testType="13cdc9d9-ddb5-4fa4-a97d-d965ccfc6d4b" outcome="Passed" testListId="8a28f9f9-b23b-4242-a0eb-f110a4fb49c3" relativeResultsDirectory="02e04744-9c4a-4bde-8257-18df543510ff">
    </UnitTestResult>
    <UnitTestResult executionId="05855a63-d849-4930-a201-0482dcb42c89" testId="3c4e1c94-1f91-0d54-0766-68dba2980b33" testName="TestCommitWithNoOperations" computerName="UK017284" duration="00:00:00.0014274" startTime="2012-10-18T18:51:19.5662973+01:00" endTime="2012-10-18T18:51:19.5662973+01:00" testType="13cdc9d9-ddb5-4fa4-a97d-d965ccfc6d4b" outcome="Passed" testListId="8a28f9f9-b23b-4242-a0eb-f110a4fb49c3" relativeResultsDirectory="05855a63-d849-4930-a201-0482dcb42c89">
    </UnitTestResult>
    <UnitTestResult executionId="4013f247-e5ed-4b7e-be18-2ed03fe13ef9" testId="69ccb285-2f44-6656-6e78-b6158a4c956d" testName="IsNewTest" computerName="UK017284" duration="00:00:00.0003066" startTime="2012-10-18T18:51:19.5662973+01:00" endTime="2012-10-18T18:51:19.5762974+01:00" testType="13cdc9d9-ddb5-4fa4-a97d-d965ccfc6d4b" outcome="Passed" testListId="8a28f9f9-b23b-4242-a0eb-f110a4fb49c3" relativeResultsDirectory="4013f247-e5ed-4b7e-be18-2ed03fe13ef9">
    </UnitTestResult>
    <UnitTestResult executionId="3a7ce5a8-a354-41d9-90e4-fe191abadcda" testId="b569f32b-9a57-6258-f5c2-759fd6bc77db" testName="TestSaveAndRollback" computerName="UK017284" duration="00:00:00.0034957" startTime="2012-10-18T18:51:19.5762974+01:00" endTime="2012-10-18T18:51:19.5762974+01:00" testType="13cdc9d9-ddb5-4fa4-a97d-d965ccfc6d4b" outcome="Passed" testListId="8a28f9f9-b23b-4242-a0eb-f110a4fb49c3" relativeResultsDirectory="3a7ce5a8-a354-41d9-90e4-fe191abadcda">
    </UnitTestResult>
    <UnitTestResult executionId="2c2c6028-0553-4b62-ab28-fb4f4bec9865" testId="f4d46f45-8838-64b4-ba12-27783409ad91" testName="TestDeleteAndCommit" computerName="UK017284" duration="00:00:00.0034412" startTime="2012-10-18T18:51:19.5862974+01:00" endTime="2012-10-18T18:51:19.5862974+01:00" testType="13cdc9d9-ddb5-4fa4-a97d-d965ccfc6d4b" outcome="Passed" testListId="8a28f9f9-b23b-4242-a0eb-f110a4fb49c3" relativeResultsDirectory="2c2c6028-0553-4b62-ab28-fb4f4bec9865">
    </UnitTestResult>
    <UnitTestResult executionId="1c9f0df5-4a15-45bc-acfd-64865eba3c86" testId="29fc06c4-929c-34a4-7fdb-b207bcf5e089" testName="GetByIdTest" computerName="UK017284" duration="00:00:00.0094095" startTime="2012-10-18T18:51:19.5862974+01:00" endTime="2012-10-18T18:51:19.6062974+01:00" testType="13cdc9d9-ddb5-4fa4-a97d-d965ccfc6d4b" outcome="Passed" testListId="8a28f9f9-b23b-4242-a0eb-f110a4fb49c3" relativeResultsDirectory="1c9f0df5-4a15-45bc-acfd-64865eba3c86">
    </UnitTestResult>
    <UnitTestResult executionId="e684aa87-0d33-45e1-9404-daf0ae13f080" testId="2eb6f7d4-1d64-4f3a-503a-034326055df8" testName="TestCommitMultipleOperations" computerName="UK017284" duration="00:00:00.0055455" startTime="2012-10-18T18:51:19.6062974+01:00" endTime="2012-10-18T18:51:19.6162974+01:00" testType="13cdc9d9-ddb5-4fa4-a97d-d965ccfc6d4b" outcome="Passed" testListId="8a28f9f9-b23b-4242-a0eb-f110a4fb49c3" relativeResultsDirectory="e684aa87-0d33-45e1-9404-daf0ae13f080">
    </UnitTestResult>
    <UnitTestResult executionId="9e249642-88e9-44e8-b3a5-db9133b71bee" testId="d529485d-fa2f-1c4e-174f-6978fbbfcc07" testName="TestRollbackWithNoOperations" computerName="UK017284" duration="00:00:00.0014075" startTime="2012-10-18T18:51:19.6162974+01:00" endTime="2012-10-18T18:51:19.6162974+01:00" testType="13cdc9d9-ddb5-4fa4-a97d-d965ccfc6d4b" outcome="Passed" testListId="8a28f9f9-b23b-4242-a0eb-f110a4fb49c3" relativeResultsDirectory="9e249642-88e9-44e8-b3a5-db9133b71bee">
    </UnitTestResult>
    <UnitTestResult executionId="d8fddf00-a9f5-42fa-a83d-3c898e4fd92f" testId="20fb7e57-9cdd-b09f-c18a-6c91d8874768" testName="TestSaveAndCommit" computerName="UK017284" duration="00:00:00.0039987" startTime="2012-10-18T18:51:19.6262974+01:00" endTime="2012-10-18T18:51:19.6262974+01:00" testType="13cdc9d9-ddb5-4fa4-a97d-d965ccfc6d4b" outcome="Passed" testListId="8a28f9f9-b23b-4242-a0eb-f110a4fb49c3" relativeResultsDirectory="d8fddf00-a9f5-42fa-a83d-3c898e4fd92f">
    </UnitTestResult>
    <UnitTestResult executionId="6f75cfd7-f747-43ae-bd41-db5dbf33af73" testId="9f05c7b2-0675-d57d-0fcc-ae4480dd4d4c" testName="GetAllTest" computerName="UK017284" duration="00:00:00.0547484" startTime="2012-10-18T18:51:19.6262974+01:00" endTime="2012-10-18T18:51:19.6862975+01:00" testType="13cdc9d9-ddb5-4fa4-a97d-d965ccfc6d4b" outcome="Passed" testListId="8a28f9f9-b23b-4242-a0eb-f110a4fb49c3" relativeResultsDirectory="6f75cfd7-f747-43ae-bd41-db5dbf33af73">
    </UnitTestResult>
  </Results>
</TestRun>