<?xml version="1.0" encoding="UTF-8"?>
<TestRun id="21604a2e-8a20-43a1-b662-1fd3b0f4065f" name="Steve@UK017284 2012-10-09 22:07:48" runUser="UK017284\Steve" xmlns="http://microsoft.com/schemas/VisualStudio/TeamTest/2010">
  <TestSettings name="Local" id="2d87ad09-0d8b-450c-b43f-7b624737ef90">
    <Description>These are default test settings for a local test run.</Description>
    <Deployment userDeploymentRoot="C:\Personal\BookDatabase\TestResults" useDefaultDeploymentRoot="false" runDeploymentRoot="Steve_UK017284 2012-10-09 22_07_48">
      <DeploymentItem filename="C:\Personal\BookDatabase\packages\NHibernate.3.3.1.4000\lib\Net35\NHibernate.dll" />
      <DeploymentItem filename="C:\Personal\BookDatabase\packages\FluentNHibernate.1.3.0.733\lib\FluentNHibernate.dll" />
      <DeploymentItem filename="C:\Personal\BookDatabase\packages\log4net.2.0.0\lib\net40-full\log4net.dll" />
      <DeploymentItem filename="C:\Personal\BookDatabase\BookDatabase.Api\bin\Debug\BookDatabase.Api.dll" />
      <DeploymentItem filename="C:\Personal\BookDatabase\packages\Iesi.Collections.3.2.0.4000\lib\Net35\Iesi.Collections.dll" />
    </Deployment>
    <Execution>
      <TestTypeSpecific>
        <UnitTestRunConfig testTypeId="13cdc9d9-ddb5-4fa4-a97d-d965ccfc6d4b">
          <AssemblyResolution>
            <TestDirectory useLoadContext="true" />
          </AssemblyResolution>
        </UnitTestRunConfig>
        <WebTestRunConfiguration testTypeId="4e7599fa-5ecb-43e9-a887-cd63cf72d207">
          <Browser name="Internet Explorer 7.0">
            <Headers>
              <Header name="User-Agent" value="Mozilla/4.0 (compatible; MSIE 7.0; Windows NT 5.1)" />
              <Header name="Accept" value="*/*" />
              <Header name="Accept-Language" value="{{$IEAcceptLanguage}}" />
              <Header name="Accept-Encoding" value="GZIP" />
            </Headers>
          </Browser>
        </WebTestRunConfiguration>
      </TestTypeSpecific>
      <AgentRule name="LocalMachineDefaultRole">
        <DataCollectors>
          <DataCollector uri="datacollector://microsoft/CodeCoverage/1.0" assemblyQualifiedName="Microsoft.VisualStudio.TestTools.CodeCoverage.CoveragePlugIn, Microsoft.VisualStudio.QualityTools.Plugins.CodeCoverage, Version=10.0.0.0, Culture=neutral, PublicKeyToken=b03f5f7f11d50a3a" friendlyName="Code Coverage" enabled="false">
            <Configuration>
              <CodeCoverage xmlns="">
                <Regular>
                  <CodeCoverageItem binaryFile="C:\Personal\BookDatabase\BookDatabase.Web\bin\BookDatabase.Web.dll" pdbFile="C:\Personal\BookDatabase\BookDatabase.Web\bin\BookDatabase.Web.instr.pdb" instrumentInPlace="true" outputDirectory="BookDatabase.Web\Bin" />
                  <CodeCoverageItem binaryFile="C:\Personal\BookDatabase\BookDatabase.Api\bin\Debug\BookDatabase.Api.dll" pdbFile="C:\Personal\BookDatabase\BookDatabase.Api\bin\Debug\BookDatabase.Api.instr.pdb" instrumentInPlace="true" />
                </Regular>
                <AspNet>
                  <AspNetCodeCoverageItem id="d5ce6748-635c-4b93-8967-bb199c6a3ae5" name="BookDatabase.Web" applicationRoot="/" url="http://localhost:0/" />
                </AspNet>
              </CodeCoverage>
            </Configuration>
          </DataCollector>
        </DataCollectors>
      </AgentRule>
    </Execution>
  </TestSettings>
  <Times creation="2012-10-09T22:07:48.2980601+01:00" queuing="2012-10-09T22:07:50.2441714+01:00" start="2012-10-09T22:07:50.5301878+01:00" finish="2012-10-09T22:08:59.2921207+01:00" />
  <ResultSummary outcome="Completed">
    <Counters total="2" executed="2" passed="2" error="0" failed="0" timeout="0" aborted="0" inconclusive="0" passedButRunAborted="0" notRunnable="0" notExecuted="0" disconnected="0" warning="0" completed="0" inProgress="0" pending="0" />
  </ResultSummary>
  <TestDefinitions>
    <UnitTest name="UniqueNameTest" storage="c:\personal\bookdatabase\bookdatabase.api.tests\bin\debug\bookdatabase.api.tests.dll" id="5bd4587f-41e0-91b5-4794-a7646651402d">
      <Execution id="4d32f3ea-d4de-46c4-bdeb-2701d2df9c99" />
      <TestMethod codeBase="C:/Personal/BookDatabase/BookDatabase.Api.Tests/bin/Debug/BookDatabase.Api.Tests.DLL" adapterTypeName="Microsoft.VisualStudio.TestTools.TestTypes.Unit.UnitTestAdapter, Microsoft.VisualStudio.QualityTools.Tips.UnitTest.Adapter, Version=10.0.0.0, Culture=neutral, PublicKeyToken=b03f5f7f11d50a3a" className="BookDatabase.Api.Tests.Mappings.Users.UserMappingTest, BookDatabase.Api.Tests, Version=1.0.0.0, Culture=neutral, PublicKeyToken=null" name="UniqueNameTest" />
    </UnitTest>
    <UnitTest name="MappingsTest" storage="c:\personal\bookdatabase\bookdatabase.api.tests\bin\debug\bookdatabase.api.tests.dll" id="d8efba07-27ca-1415-5377-ef3f1a710e6d">
      <Execution id="595f7247-d489-4fc8-951b-b317fe38db81" />
      <TestMethod codeBase="C:/Personal/BookDatabase/BookDatabase.Api.Tests/bin/Debug/BookDatabase.Api.Tests.DLL" adapterTypeName="Microsoft.VisualStudio.TestTools.TestTypes.Unit.UnitTestAdapter, Microsoft.VisualStudio.QualityTools.Tips.UnitTest.Adapter, Version=10.0.0.0, Culture=neutral, PublicKeyToken=b03f5f7f11d50a3a" className="BookDatabase.Api.Tests.Mappings.Users.UserMappingTest, BookDatabase.Api.Tests, Version=1.0.0.0, Culture=neutral, PublicKeyToken=null" name="MappingsTest" />
    </UnitTest>
  </TestDefinitions>
  <TestLists>
    <TestList name="All Loaded Results" id="19431567-8539-422a-85d7-44ee4e166bda" />
    <TestList name="Lists of Results" id="8c43106b-9dc1-4907-a29f-aa66a61bf5b6" />
    <TestList name="Integration Tests" id="79b14a06-edb4-4e10-9bec-ad659ff57ee9" parentListId="8c43106b-9dc1-4907-a29f-aa66a61bf5b6">
      <TestLinks>
        <TestLink id="5bd4587f-41e0-91b5-4794-a7646651402d" name="UniqueNameTest" storage="c:\personal\bookdatabase\bookdatabase.api.tests\bin\debug\bookdatabase.api.tests.dll" type="Microsoft.VisualStudio.TestTools.TestTypes.Unit.UnitTestElement, Microsoft.VisualStudio.QualityTools.Tips.UnitTest.ObjectModel, Version=10.0.0.0, Culture=neutral, PublicKeyToken=b03f5f7f11d50a3a" />
        <TestLink id="d8efba07-27ca-1415-5377-ef3f1a710e6d" name="MappingsTest" storage="c:\personal\bookdatabase\bookdatabase.api.tests\bin\debug\bookdatabase.api.tests.dll" type="Microsoft.VisualStudio.TestTools.TestTypes.Unit.UnitTestElement, Microsoft.VisualStudio.QualityTools.Tips.UnitTest.ObjectModel, Version=10.0.0.0, Culture=neutral, PublicKeyToken=b03f5f7f11d50a3a" />
      </TestLinks>
    </TestList>
  </TestLists>
  <TestEntries>
    <TestEntry testId="5bd4587f-41e0-91b5-4794-a7646651402d" executionId="4d32f3ea-d4de-46c4-bdeb-2701d2df9c99" testListId="79b14a06-edb4-4e10-9bec-ad659ff57ee9" />
    <TestEntry testId="d8efba07-27ca-1415-5377-ef3f1a710e6d" executionId="595f7247-d489-4fc8-951b-b317fe38db81" testListId="79b14a06-edb4-4e10-9bec-ad659ff57ee9" />
  </TestEntries>
  <Results>
    <UnitTestResult executionId="4d32f3ea-d4de-46c4-bdeb-2701d2df9c99" testId="5bd4587f-41e0-91b5-4794-a7646651402d" testName="UniqueNameTest" computerName="UK017284" duration="00:00:57.5869533" startTime="2012-10-09T22:07:50.8202044+01:00" endTime="2012-10-09T22:08:51.4586727+01:00" testType="13cdc9d9-ddb5-4fa4-a97d-d965ccfc6d4b" outcome="Passed" testListId="79b14a06-edb4-4e10-9bec-ad659ff57ee9" relativeResultsDirectory="4d32f3ea-d4de-46c4-bdeb-2701d2df9c99">
      <Output>
        <StdOut>NHibernate: INSERT INTO [User] (UserName, FirstName, LastName) VALUES (@p0, @p1, @p2); select SCOPE_IDENTITY();@p0 = 'UserName1' [Type: String (4000)], @p1 = 'FirstName' [Type: String (4000)], @p2 = 'LastName' [Type: String (4000)]
NHibernate: INSERT INTO [User] (UserName, FirstName, LastName) VALUES (@p0, @p1, @p2); select SCOPE_IDENTITY();@p0 = 'UserName1' [Type: String (4000)], @p1 = 'FirstName' [Type: String (4000)], @p2 = 'LastName' [Type: String (4000)]</StdOut>
        <StdErr>log4net:ERROR Failed to find configuration section 'log4net' in the application's .config file. Check your .config file for the &lt;log4net&gt; and &lt;configSections&gt; elements. The configuration section should look like: &lt;section name="log4net" type="log4net.Config.Log4NetConfigurationSectionHandler,log4net" /&gt;</StdErr>
        <DebugTrace>log4net:ERROR Failed to find configuration section 'log4net' in the application's .config file. Check your .config file for the &lt;log4net&gt; and &lt;configSections&gt; elements. The configuration section should look like: &lt;section name="log4net" type="log4net.Config.Log4NetConfigurationSectionHandler,log4net" /&gt;
</DebugTrace>
      </Output>
    </UnitTestResult>
    <UnitTestResult executionId="595f7247-d489-4fc8-951b-b317fe38db81" testId="d8efba07-27ca-1415-5377-ef3f1a710e6d" testName="MappingsTest" computerName="UK017284" duration="00:00:07.0538586" startTime="2012-10-09T22:08:51.4706734+01:00" endTime="2012-10-09T22:08:59.1781142+01:00" testType="13cdc9d9-ddb5-4fa4-a97d-d965ccfc6d4b" outcome="Passed" testListId="79b14a06-edb4-4e10-9bec-ad659ff57ee9" relativeResultsDirectory="595f7247-d489-4fc8-951b-b317fe38db81">
      <Output>
        <StdOut>NHibernate: INSERT INTO [User] (UserName, FirstName, LastName) VALUES (@p0, @p1, @p2); select SCOPE_IDENTITY();@p0 = 'UserName' [Type: String (4000)], @p1 = 'FirstName' [Type: String (4000)], @p2 = 'LastName' [Type: String (4000)]
NHibernate: SELECT user0_.Id as Id0_0_, user0_.UserName as UserName0_0_, user0_.FirstName as FirstName0_0_, user0_.LastName as LastName0_0_ FROM [User] user0_ WHERE user0_.Id=@p0;@p0 = 3 [Type: Int32 (0)]</StdOut>
      </Output>
    </UnitTestResult>
  </Results>
</TestRun>