<?xml version="1.0" encoding="UTF-8"?>
<TestRun id="50f35395-42c4-44a9-8f80-fb35d2c04fc3" name="Steve@UK017284 2012-10-18 18:43:10" runUser="UK017284\Steve" xmlns="http://microsoft.com/schemas/VisualStudio/TeamTest/2010">
  <TestSettings name="Local" id="2d87ad09-0d8b-450c-b43f-7b624737ef90">
    <Description>These are default test settings for a local test run.</Description>
    <Deployment runDeploymentRoot="Steve_UK017284 2012-10-18 18_43_10">
      <DeploymentItem filename="C:\Personal\BookDatabase\packages\log4net.2.0.0\lib\net40-full\log4net.dll" />
      <DeploymentItem filename="C:\Personal\BookDatabase\packages\Castle.Core.3.1.0\lib\net35\Castle.Core.dll" />
      <DeploymentItem filename="C:\Personal\BookDatabase\packages\FluentNHibernate.1.3.0.733\lib\FluentNHibernate.dll" />
      <DeploymentItem filename="C:\Personal\BookDatabase\packages\NHibernate.3.3.1.4000\lib\Net35\NHibernate.dll" />
      <DeploymentItem filename="C:\Personal\BookDatabase\BookDatabase.Api\bin\Debug\BookDatabase.Api.dll" />
      <DeploymentItem filename="C:\Personal\BookDatabase\packages\Moq.4.0.10827\lib\NET40\Moq.dll" />
      <DeploymentItem filename="C:\Personal\BookDatabase\packages\Iesi.Collections.3.2.0.4000\lib\Net35\Iesi.Collections.dll" />
    </Deployment>
    <Execution>
      <TestTypeSpecific>
        <UnitTestRunConfig testTypeId="13cdc9d9-ddb5-4fa4-a97d-d965ccfc6d4b">
          <AssemblyResolution>
            <TestDirectory useLoadContext="true" />
          </AssemblyResolution>
        </UnitTestRunConfig>
        <WebTestRunConfiguration testTypeId="4e7599fa-5ecb-43e9-a887-cd63cf72d207">
          <Browser name="Internet Explorer 7.0">
            <Headers>
              <Header name="User-Agent" value="Mozilla/4.0 (compatible; MSIE 7.0; Windows NT 5.1)" />
              <Header name="Accept" value="*/*" />
              <Header name="Accept-Language" value="{{$IEAcceptLanguage}}" />
              <Header name="Accept-Encoding" value="GZIP" />
            </Headers>
          </Browser>
        </WebTestRunConfiguration>
      </TestTypeSpecific>
      <AgentRule name="LocalMachineDefaultRole">
        <DataCollectors>
          <DataCollector uri="datacollector://microsoft/CodeCoverage/1.0" assemblyQualifiedName="Microsoft.VisualStudio.TestTools.CodeCoverage.CoveragePlugIn, Microsoft.VisualStudio.QualityTools.Plugins.CodeCoverage, Version=10.0.0.0, Culture=neutral, PublicKeyToken=b03f5f7f11d50a3a" friendlyName="Code Coverage">
            <Configuration>
              <CodeCoverage xmlns="">
                <Regular>
                  <CodeCoverageItem binaryFile="C:\Personal\BookDatabase\BookDatabase.Web\bin\BookDatabase.Web.dll" pdbFile="C:\Personal\BookDatabase\BookDatabase.Web\bin\BookDatabase.Web.instr.pdb" instrumentInPlace="true" outputDirectory="BookDatabase.Web\Bin" />
                  <CodeCoverageItem binaryFile="C:\Personal\BookDatabase\BookDatabase.Api\bin\Debug\BookDatabase.Api.dll" pdbFile="C:\Personal\BookDatabase\BookDatabase.Api\bin\Debug\BookDatabase.Api.instr.pdb" instrumentInPlace="true" />
                </Regular>
                <AspNet>
                  <AspNetCodeCoverageItem id="d5ce6748-635c-4b93-8967-bb199c6a3ae5" name="BookDatabase.Web" applicationRoot="/" url="http://localhost:0/" />
                </AspNet>
              </CodeCoverage>
            </Configuration>
          </DataCollector>
        </DataCollectors>
      </AgentRule>
    </Execution>
  </TestSettings>
  <Times creation="2012-10-18T18:43:10.1603703+01:00" queuing="2012-10-18T18:43:11.0803716+01:00" start="2012-10-18T18:43:11.1603717+01:00" finish="2012-10-18T18:43:18.5903821+01:00" />
  <ResultSummary outcome="Failed">
    <Counters total="16" executed="16" passed="9" error="0" failed="7" timeout="0" aborted="0" inconclusive="0" passedButRunAborted="0" notRunnable="0" notExecuted="0" disconnected="0" warning="0" completed="0" inProgress="0" pending="0" />
    <ResultFiles>
      <ResultFile path="UK017284\data.coverage" />
    </ResultFiles>
  </ResultSummary>
  <TestDefinitions>
    <UnitTest name="TestRollbackWithNoOperations" storage="c:\personal\bookdatabase\bookdatabase.api.tests\bin\debug\bookdatabase.api.tests.dll" id="d529485d-fa2f-1c4e-174f-6978fbbfcc07">
      <Execution id="3c84037f-257a-46a3-9fa3-c5adfbe01d99" />
      <TestMethod codeBase="C:/Personal/BookDatabase/BookDatabase.Api.Tests/bin/Debug/BookDatabase.Api.Tests.DLL" adapterTypeName="Microsoft.VisualStudio.TestTools.TestTypes.Unit.UnitTestAdapter, Microsoft.VisualStudio.QualityTools.Tips.UnitTest.Adapter, Version=10.0.0.0, Culture=neutral, PublicKeyToken=b03f5f7f11d50a3a" className="BookDatabase.Api.Tests.Data.Transactions.UnitOfWorkTests, BookDatabase.Api.Tests, Version=1.0.0.0, Culture=neutral, PublicKeyToken=null" name="TestRollbackWithNoOperations" />
    </UnitTest>
    <UnitTest name="TestCommitMultipleTransactions" storage="c:\personal\bookdatabase\bookdatabase.api.tests\bin\debug\bookdatabase.api.tests.dll" id="1e395a5e-32fa-339f-4c02-354f2f15fe03">
      <Execution id="bc86b83d-1da0-48b0-9740-c898a4f67413" />
      <TestMethod codeBase="C:/Personal/BookDatabase/BookDatabase.Api.Tests/bin/Debug/BookDatabase.Api.Tests.DLL" adapterTypeName="Microsoft.VisualStudio.TestTools.TestTypes.Unit.UnitTestAdapter, Microsoft.VisualStudio.QualityTools.Tips.UnitTest.Adapter, Version=10.0.0.0, Culture=neutral, PublicKeyToken=b03f5f7f11d50a3a" className="BookDatabase.Api.Tests.Data.Transactions.UnitOfWorkTests, BookDatabase.Api.Tests, Version=1.0.0.0, Culture=neutral, PublicKeyToken=null" name="TestCommitMultipleTransactions" />
    </UnitTest>
    <UnitTest name="TestDeleteAndRollback" storage="c:\personal\bookdatabase\bookdatabase.api.tests\bin\debug\bookdatabase.api.tests.dll" id="d6296fe5-485b-883b-9fe1-03a2f80ffcb3">
      <Execution id="4e7060dd-3c04-424e-958b-0b8fca5c0030" />
      <TestMethod codeBase="C:/Personal/BookDatabase/BookDatabase.Api.Tests/bin/Debug/BookDatabase.Api.Tests.DLL" adapterTypeName="Microsoft.VisualStudio.TestTools.TestTypes.Unit.UnitTestAdapter, Microsoft.VisualStudio.QualityTools.Tips.UnitTest.Adapter, Version=10.0.0.0, Culture=neutral, PublicKeyToken=b03f5f7f11d50a3a" className="BookDatabase.Api.Tests.Data.Transactions.UnitOfWorkTests, BookDatabase.Api.Tests, Version=1.0.0.0, Culture=neutral, PublicKeyToken=null" name="TestDeleteAndRollback" />
    </UnitTest>
    <UnitTest name="TestCommitMultipleOperations" storage="c:\personal\bookdatabase\bookdatabase.api.tests\bin\debug\bookdatabase.api.tests.dll" id="2eb6f7d4-1d64-4f3a-503a-034326055df8">
      <Execution id="afb6c5ee-0bc4-4c29-bfb5-a78cb33dbf6d" />
      <TestMethod codeBase="C:/Personal/BookDatabase/BookDatabase.Api.Tests/bin/Debug/BookDatabase.Api.Tests.DLL" adapterTypeName="Microsoft.VisualStudio.TestTools.TestTypes.Unit.UnitTestAdapter, Microsoft.VisualStudio.QualityTools.Tips.UnitTest.Adapter, Version=10.0.0.0, Culture=neutral, PublicKeyToken=b03f5f7f11d50a3a" className="BookDatabase.Api.Tests.Data.Transactions.UnitOfWorkTests, BookDatabase.Api.Tests, Version=1.0.0.0, Culture=neutral, PublicKeyToken=null" name="TestCommitMultipleOperations" />
    </UnitTest>
    <UnitTest name="TestDeleteAndCommit" storage="c:\personal\bookdatabase\bookdatabase.api.tests\bin\debug\bookdatabase.api.tests.dll" id="f4d46f45-8838-64b4-ba12-27783409ad91">
      <Execution id="f2ce6e90-525e-4e13-ba65-246ea8f03a8d" />
      <TestMethod codeBase="C:/Personal/BookDatabase/BookDatabase.Api.Tests/bin/Debug/BookDatabase.Api.Tests.DLL" adapterTypeName="Microsoft.VisualStudio.TestTools.TestTypes.Unit.UnitTestAdapter, Microsoft.VisualStudio.QualityTools.Tips.UnitTest.Adapter, Version=10.0.0.0, Culture=neutral, PublicKeyToken=b03f5f7f11d50a3a" className="BookDatabase.Api.Tests.Data.Transactions.UnitOfWorkTests, BookDatabase.Api.Tests, Version=1.0.0.0, Culture=neutral, PublicKeyToken=null" name="TestDeleteAndCommit" />
    </UnitTest>
    <UnitTest name="TestCommitWithNoOperations" storage="c:\personal\bookdatabase\bookdatabase.api.tests\bin\debug\bookdatabase.api.tests.dll" id="3c4e1c94-1f91-0d54-0766-68dba2980b33">
      <Execution id="65a504de-04a3-436b-9b94-2216606dd22a" />
      <TestMethod codeBase="C:/Personal/BookDatabase/BookDatabase.Api.Tests/bin/Debug/BookDatabase.Api.Tests.DLL" adapterTypeName="Microsoft.VisualStudio.TestTools.TestTypes.Unit.UnitTestAdapter, Microsoft.VisualStudio.QualityTools.Tips.UnitTest.Adapter, Version=10.0.0.0, Culture=neutral, PublicKeyToken=b03f5f7f11d50a3a" className="BookDatabase.Api.Tests.Data.Transactions.UnitOfWorkTests, BookDatabase.Api.Tests, Version=1.0.0.0, Culture=neutral, PublicKeyToken=null" name="TestCommitWithNoOperations" />
    </UnitTest>
    <UnitTest name="UniqueNameTest" storage="c:\personal\bookdatabase\bookdatabase.api.tests\bin\debug\bookdatabase.api.tests.dll" id="0ffb65c9-a283-8957-c4cc-3455315a6cfb">
      <Execution id="ba015e87-11e9-4cec-8571-eb6b51b14e90" />
      <TestMethod codeBase="C:/Personal/BookDatabase/BookDatabase.Api.Tests/bin/Debug/BookDatabase.Api.Tests.DLL" adapterTypeName="Microsoft.VisualStudio.TestTools.TestTypes.Unit.UnitTestAdapter, Microsoft.VisualStudio.QualityTools.Tips.UnitTest.Adapter, Version=10.0.0.0, Culture=neutral, PublicKeyToken=b03f5f7f11d50a3a" className="BookDatabase.Api.Tests.Mappings.Users.UserMappingTests, BookDatabase.Api.Tests, Version=1.0.0.0, Culture=neutral, PublicKeyToken=null" name="UniqueNameTest" />
    </UnitTest>
    <UnitTest name="TestSaveAndCommit" storage="c:\personal\bookdatabase\bookdatabase.api.tests\bin\debug\bookdatabase.api.tests.dll" id="20fb7e57-9cdd-b09f-c18a-6c91d8874768">
      <Execution id="3741f1c4-325d-4cad-b2e0-c07f70035569" />
      <TestMethod codeBase="C:/Personal/BookDatabase/BookDatabase.Api.Tests/bin/Debug/BookDatabase.Api.Tests.DLL" adapterTypeName="Microsoft.VisualStudio.TestTools.TestTypes.Unit.UnitTestAdapter, Microsoft.VisualStudio.QualityTools.Tips.UnitTest.Adapter, Version=10.0.0.0, Culture=neutral, PublicKeyToken=b03f5f7f11d50a3a" className="BookDatabase.Api.Tests.Data.Transactions.UnitOfWorkTests, BookDatabase.Api.Tests, Version=1.0.0.0, Culture=neutral, PublicKeyToken=null" name="TestSaveAndCommit" />
    </UnitTest>
    <UnitTest name="GetAllTest" storage="c:\personal\bookdatabase\bookdatabase.api.tests\bin\debug\bookdatabase.api.tests.dll" id="9f05c7b2-0675-d57d-0fcc-ae4480dd4d4c">
      <Execution id="0abf3baa-4387-431b-8725-2c5e9b09c124" />
      <TestMethod codeBase="C:/Personal/BookDatabase/BookDatabase.Api.Tests/bin/Debug/BookDatabase.Api.Tests.DLL" adapterTypeName="Microsoft.VisualStudio.TestTools.TestTypes.Unit.UnitTestAdapter, Microsoft.VisualStudio.QualityTools.Tips.UnitTest.Adapter, Version=10.0.0.0, Culture=neutral, PublicKeyToken=b03f5f7f11d50a3a" className="BookDatabase.Api.Tests.Data.Repositories.RepositoryTests, BookDatabase.Api.Tests, Version=1.0.0.0, Culture=neutral, PublicKeyToken=null" name="GetAllTest" />
    </UnitTest>
    <UnitTest name="GetByIdTest" storage="c:\personal\bookdatabase\bookdatabase.api.tests\bin\debug\bookdatabase.api.tests.dll" id="29fc06c4-929c-34a4-7fdb-b207bcf5e089">
      <Execution id="fa4d175a-37c6-49f9-aa75-73284bd84fc5" />
      <TestMethod codeBase="C:/Personal/BookDatabase/BookDatabase.Api.Tests/bin/Debug/BookDatabase.Api.Tests.DLL" adapterTypeName="Microsoft.VisualStudio.TestTools.TestTypes.Unit.UnitTestAdapter, Microsoft.VisualStudio.QualityTools.Tips.UnitTest.Adapter, Version=10.0.0.0, Culture=neutral, PublicKeyToken=b03f5f7f11d50a3a" className="BookDatabase.Api.Tests.Data.Repositories.RepositoryTests, BookDatabase.Api.Tests, Version=1.0.0.0, Culture=neutral, PublicKeyToken=null" name="GetByIdTest" />
    </UnitTest>
    <UnitTest name="IsNewTest" storage="c:\personal\bookdatabase\bookdatabase.api.tests\bin\debug\bookdatabase.api.tests.dll" id="69ccb285-2f44-6656-6e78-b6158a4c956d">
      <Execution id="b5c92673-27c8-4be7-99a8-c81c02e56cfa" />
      <TestMethod codeBase="C:/Personal/BookDatabase/BookDatabase.Api.Tests/bin/Debug/BookDatabase.Api.Tests.DLL" adapterTypeName="Microsoft.VisualStudio.TestTools.TestTypes.Unit.UnitTestAdapter, Microsoft.VisualStudio.QualityTools.Tips.UnitTest.Adapter, Version=10.0.0.0, Culture=neutral, PublicKeyToken=b03f5f7f11d50a3a" className="BookDatabase.Api.Tests.BusinessObjects.BusinessObjectTests, BookDatabase.Api.Tests, Version=1.0.0.0, Culture=neutral, PublicKeyToken=null" name="IsNewTest" />
    </UnitTest>
    <UnitTest name="TestSaveAndRollback" storage="c:\personal\bookdatabase\bookdatabase.api.tests\bin\debug\bookdatabase.api.tests.dll" id="b569f32b-9a57-6258-f5c2-759fd6bc77db">
      <Execution id="1bc1b71c-2eda-4163-b1be-941a0f12adb7" />
      <TestMethod codeBase="C:/Personal/BookDatabase/BookDatabase.Api.Tests/bin/Debug/BookDatabase.Api.Tests.DLL" adapterTypeName="Microsoft.VisualStudio.TestTools.TestTypes.Unit.UnitTestAdapter, Microsoft.VisualStudio.QualityTools.Tips.UnitTest.Adapter, Version=10.0.0.0, Culture=neutral, PublicKeyToken=b03f5f7f11d50a3a" className="BookDatabase.Api.Tests.Data.Transactions.UnitOfWorkTests, BookDatabase.Api.Tests, Version=1.0.0.0, Culture=neutral, PublicKeyToken=null" name="TestSaveAndRollback" />
    </UnitTest>
    <UnitTest name="MappingsTest" storage="c:\personal\bookdatabase\bookdatabase.api.tests\bin\debug\bookdatabase.api.tests.dll" id="0aeda2e7-79a3-7ffe-0672-3e6cf9b29613">
      <Execution id="7757c3eb-dd2d-459c-84cb-372b0b8401e4" />
      <TestMethod codeBase="C:/Personal/BookDatabase/BookDatabase.Api.Tests/bin/Debug/BookDatabase.Api.Tests.DLL" adapterTypeName="Microsoft.VisualStudio.TestTools.TestTypes.Unit.UnitTestAdapter, Microsoft.VisualStudio.QualityTools.Tips.UnitTest.Adapter, Version=10.0.0.0, Culture=neutral, PublicKeyToken=b03f5f7f11d50a3a" className="BookDatabase.Api.Tests.Mappings.Users.UserMappingTests, BookDatabase.Api.Tests, Version=1.0.0.0, Culture=neutral, PublicKeyToken=null" name="MappingsTest" />
    </UnitTest>
    <UnitTest name="GetHashCodeTest" storage="c:\personal\bookdatabase\bookdatabase.api.tests\bin\debug\bookdatabase.api.tests.dll" id="0835bebd-c3eb-6235-7b4f-1560788432b1">
      <Execution id="5f45c8c6-de91-4431-a3ed-3ffaa219a888" />
      <TestMethod codeBase="C:/Personal/BookDatabase/BookDatabase.Api.Tests/bin/Debug/BookDatabase.Api.Tests.DLL" adapterTypeName="Microsoft.VisualStudio.TestTools.TestTypes.Unit.UnitTestAdapter, Microsoft.VisualStudio.QualityTools.Tips.UnitTest.Adapter, Version=10.0.0.0, Culture=neutral, PublicKeyToken=b03f5f7f11d50a3a" className="BookDatabase.Api.Tests.BusinessObjects.BusinessObjectTests, BookDatabase.Api.Tests, Version=1.0.0.0, Culture=neutral, PublicKeyToken=null" name="GetHashCodeTest" />
    </UnitTest>
    <UnitTest name="EqualsMethodsTest" storage="c:\personal\bookdatabase\bookdatabase.api.tests\bin\debug\bookdatabase.api.tests.dll" id="feb8d5ee-92de-5812-d4cd-efb5920e8445">
      <Execution id="07f2a4ff-a046-4bc7-b95d-7b8795f7368c" />
      <TestMethod codeBase="C:/Personal/BookDatabase/BookDatabase.Api.Tests/bin/Debug/BookDatabase.Api.Tests.DLL" adapterTypeName="Microsoft.VisualStudio.TestTools.TestTypes.Unit.UnitTestAdapter, Microsoft.VisualStudio.QualityTools.Tips.UnitTest.Adapter, Version=10.0.0.0, Culture=neutral, PublicKeyToken=b03f5f7f11d50a3a" className="BookDatabase.Api.Tests.BusinessObjects.BusinessObjectTests, BookDatabase.Api.Tests, Version=1.0.0.0, Culture=neutral, PublicKeyToken=null" name="EqualsMethodsTest" />
    </UnitTest>
    <UnitTest name="EqualityOperatorsTest" storage="c:\personal\bookdatabase\bookdatabase.api.tests\bin\debug\bookdatabase.api.tests.dll" id="5f968232-ea73-59ef-f037-1c482ffec7f9">
      <Execution id="6ab31b82-9dfb-45e0-84fd-6008f2f58619" />
      <TestMethod codeBase="C:/Personal/BookDatabase/BookDatabase.Api.Tests/bin/Debug/BookDatabase.Api.Tests.DLL" adapterTypeName="Microsoft.VisualStudio.TestTools.TestTypes.Unit.UnitTestAdapter, Microsoft.VisualStudio.QualityTools.Tips.UnitTest.Adapter, Version=10.0.0.0, Culture=neutral, PublicKeyToken=b03f5f7f11d50a3a" className="BookDatabase.Api.Tests.BusinessObjects.BusinessObjectTests, BookDatabase.Api.Tests, Version=1.0.0.0, Culture=neutral, PublicKeyToken=null" name="EqualityOperatorsTest" />
    </UnitTest>
  </TestDefinitions>
  <TestLists>
    <TestList name="Unit Tests" id="8a28f9f9-b23b-4242-a0eb-f110a4fb49c3" parentListId="8c43106b-9dc1-4907-a29f-aa66a61bf5b6">
      <TestLinks>
        <TestLink id="5f968232-ea73-59ef-f037-1c482ffec7f9" name="EqualityOperatorsTest" storage="c:\personal\bookdatabase\bookdatabase.api.tests\bin\debug\bookdatabase.api.tests.dll" type="Microsoft.VisualStudio.TestTools.TestTypes.Unit.UnitTestElement, Microsoft.VisualStudio.QualityTools.Tips.UnitTest.ObjectModel, Version=10.0.0.0, Culture=neutral, PublicKeyToken=b03f5f7f11d50a3a" />
        <TestLink id="1e395a5e-32fa-339f-4c02-354f2f15fe03" name="TestCommitMultipleTransactions" storage="c:\personal\bookdatabase\bookdatabase.api.tests\bin\debug\bookdatabase.api.tests.dll" type="Microsoft.VisualStudio.TestTools.TestTypes.Unit.UnitTestElement, Microsoft.VisualStudio.QualityTools.Tips.UnitTest.ObjectModel, Version=10.0.0.0, Culture=neutral, PublicKeyToken=b03f5f7f11d50a3a" />
        <TestLink id="3c4e1c94-1f91-0d54-0766-68dba2980b33" name="TestCommitWithNoOperations" storage="c:\personal\bookdatabase\bookdatabase.api.tests\bin\debug\bookdatabase.api.tests.dll" type="Microsoft.VisualStudio.TestTools.TestTypes.Unit.UnitTestElement, Microsoft.VisualStudio.QualityTools.Tips.UnitTest.ObjectModel, Version=10.0.0.0, Culture=neutral, PublicKeyToken=b03f5f7f11d50a3a" />
        <TestLink id="69ccb285-2f44-6656-6e78-b6158a4c956d" name="IsNewTest" storage="c:\personal\bookdatabase\bookdatabase.api.tests\bin\debug\bookdatabase.api.tests.dll" type="Microsoft.VisualStudio.TestTools.TestTypes.Unit.UnitTestElement, Microsoft.VisualStudio.QualityTools.Tips.UnitTest.ObjectModel, Version=10.0.0.0, Culture=neutral, PublicKeyToken=b03f5f7f11d50a3a" />
        <TestLink id="29fc06c4-929c-34a4-7fdb-b207bcf5e089" name="GetByIdTest" storage="c:\personal\bookdatabase\bookdatabase.api.tests\bin\debug\bookdatabase.api.tests.dll" type="Microsoft.VisualStudio.TestTools.TestTypes.Unit.UnitTestElement, Microsoft.VisualStudio.QualityTools.Tips.UnitTest.ObjectModel, Version=10.0.0.0, Culture=neutral, PublicKeyToken=b03f5f7f11d50a3a" />
        <TestLink id="2eb6f7d4-1d64-4f3a-503a-034326055df8" name="TestCommitMultipleOperations" storage="c:\personal\bookdatabase\bookdatabase.api.tests\bin\debug\bookdatabase.api.tests.dll" type="Microsoft.VisualStudio.TestTools.TestTypes.Unit.UnitTestElement, Microsoft.VisualStudio.QualityTools.Tips.UnitTest.ObjectModel, Version=10.0.0.0, Culture=neutral, PublicKeyToken=b03f5f7f11d50a3a" />
        <TestLink id="9f05c7b2-0675-d57d-0fcc-ae4480dd4d4c" name="GetAllTest" storage="c:\personal\bookdatabase\bookdatabase.api.tests\bin\debug\bookdatabase.api.tests.dll" type="Microsoft.VisualStudio.TestTools.TestTypes.Unit.UnitTestElement, Microsoft.VisualStudio.QualityTools.Tips.UnitTest.ObjectModel, Version=10.0.0.0, Culture=neutral, PublicKeyToken=b03f5f7f11d50a3a" />
        <TestLink id="0835bebd-c3eb-6235-7b4f-1560788432b1" name="GetHashCodeTest" storage="c:\personal\bookdatabase\bookdatabase.api.tests\bin\debug\bookdatabase.api.tests.dll" type="Microsoft.VisualStudio.TestTools.TestTypes.Unit.UnitTestElement, Microsoft.VisualStudio.QualityTools.Tips.UnitTest.ObjectModel, Version=10.0.0.0, Culture=neutral, PublicKeyToken=b03f5f7f11d50a3a" />
        <TestLink id="d529485d-fa2f-1c4e-174f-6978fbbfcc07" name="TestRollbackWithNoOperations" storage="c:\personal\bookdatabase\bookdatabase.api.tests\bin\debug\bookdatabase.api.tests.dll" type="Microsoft.VisualStudio.TestTools.TestTypes.Unit.UnitTestElement, Microsoft.VisualStudio.QualityTools.Tips.UnitTest.ObjectModel, Version=10.0.0.0, Culture=neutral, PublicKeyToken=b03f5f7f11d50a3a" />
        <TestLink id="f4d46f45-8838-64b4-ba12-27783409ad91" name="TestDeleteAndCommit" storage="c:\personal\bookdatabase\bookdatabase.api.tests\bin\debug\bookdatabase.api.tests.dll" type="Microsoft.VisualStudio.TestTools.TestTypes.Unit.UnitTestElement, Microsoft.VisualStudio.QualityTools.Tips.UnitTest.ObjectModel, Version=10.0.0.0, Culture=neutral, PublicKeyToken=b03f5f7f11d50a3a" />
        <TestLink id="feb8d5ee-92de-5812-d4cd-efb5920e8445" name="EqualsMethodsTest" storage="c:\personal\bookdatabase\bookdatabase.api.tests\bin\debug\bookdatabase.api.tests.dll" type="Microsoft.VisualStudio.TestTools.TestTypes.Unit.UnitTestElement, Microsoft.VisualStudio.QualityTools.Tips.UnitTest.ObjectModel, Version=10.0.0.0, Culture=neutral, PublicKeyToken=b03f5f7f11d50a3a" />
        <TestLink id="b569f32b-9a57-6258-f5c2-759fd6bc77db" name="TestSaveAndRollback" storage="c:\personal\bookdatabase\bookdatabase.api.tests\bin\debug\bookdatabase.api.tests.dll" type="Microsoft.VisualStudio.TestTools.TestTypes.Unit.UnitTestElement, Microsoft.VisualStudio.QualityTools.Tips.UnitTest.ObjectModel, Version=10.0.0.0, Culture=neutral, PublicKeyToken=b03f5f7f11d50a3a" />
        <TestLink id="20fb7e57-9cdd-b09f-c18a-6c91d8874768" name="TestSaveAndCommit" storage="c:\personal\bookdatabase\bookdatabase.api.tests\bin\debug\bookdatabase.api.tests.dll" type="Microsoft.VisualStudio.TestTools.TestTypes.Unit.UnitTestElement, Microsoft.VisualStudio.QualityTools.Tips.UnitTest.ObjectModel, Version=10.0.0.0, Culture=neutral, PublicKeyToken=b03f5f7f11d50a3a" />
        <TestLink id="d6296fe5-485b-883b-9fe1-03a2f80ffcb3" name="TestDeleteAndRollback" storage="c:\personal\bookdatabase\bookdatabase.api.tests\bin\debug\bookdatabase.api.tests.dll" type="Microsoft.VisualStudio.TestTools.TestTypes.Unit.UnitTestElement, Microsoft.VisualStudio.QualityTools.Tips.UnitTest.ObjectModel, Version=10.0.0.0, Culture=neutral, PublicKeyToken=b03f5f7f11d50a3a" />
      </TestLinks>
    </TestList>
    <TestList name="All Loaded Results" id="19431567-8539-422a-85d7-44ee4e166bda" />
    <TestList name="Lists of Results" id="8c43106b-9dc1-4907-a29f-aa66a61bf5b6" />
    <TestList name="Integration Tests" id="79b14a06-edb4-4e10-9bec-ad659ff57ee9" parentListId="8c43106b-9dc1-4907-a29f-aa66a61bf5b6">
      <TestLinks>
        <TestLink id="0ffb65c9-a283-8957-c4cc-3455315a6cfb" name="UniqueNameTest" storage="c:\personal\bookdatabase\bookdatabase.api.tests\bin\debug\bookdatabase.api.tests.dll" type="Microsoft.VisualStudio.TestTools.TestTypes.Unit.UnitTestElement, Microsoft.VisualStudio.QualityTools.Tips.UnitTest.ObjectModel, Version=10.0.0.0, Culture=neutral, PublicKeyToken=b03f5f7f11d50a3a" />
        <TestLink id="0aeda2e7-79a3-7ffe-0672-3e6cf9b29613" name="MappingsTest" storage="c:\personal\bookdatabase\bookdatabase.api.tests\bin\debug\bookdatabase.api.tests.dll" type="Microsoft.VisualStudio.TestTools.TestTypes.Unit.UnitTestElement, Microsoft.VisualStudio.QualityTools.Tips.UnitTest.ObjectModel, Version=10.0.0.0, Culture=neutral, PublicKeyToken=b03f5f7f11d50a3a" />
      </TestLinks>
    </TestList>
  </TestLists>
  <TestEntries>
    <TestEntry testId="0ffb65c9-a283-8957-c4cc-3455315a6cfb" executionId="ba015e87-11e9-4cec-8571-eb6b51b14e90" testListId="79b14a06-edb4-4e10-9bec-ad659ff57ee9" />
    <TestEntry testId="0aeda2e7-79a3-7ffe-0672-3e6cf9b29613" executionId="7757c3eb-dd2d-459c-84cb-372b0b8401e4" testListId="79b14a06-edb4-4e10-9bec-ad659ff57ee9" />
    <TestEntry testId="5f968232-ea73-59ef-f037-1c482ffec7f9" executionId="6ab31b82-9dfb-45e0-84fd-6008f2f58619" testListId="8a28f9f9-b23b-4242-a0eb-f110a4fb49c3" />
    <TestEntry testId="0835bebd-c3eb-6235-7b4f-1560788432b1" executionId="5f45c8c6-de91-4431-a3ed-3ffaa219a888" testListId="8a28f9f9-b23b-4242-a0eb-f110a4fb49c3" />
    <TestEntry testId="d6296fe5-485b-883b-9fe1-03a2f80ffcb3" executionId="4e7060dd-3c04-424e-958b-0b8fca5c0030" testListId="8a28f9f9-b23b-4242-a0eb-f110a4fb49c3" />
    <TestEntry testId="feb8d5ee-92de-5812-d4cd-efb5920e8445" executionId="07f2a4ff-a046-4bc7-b95d-7b8795f7368c" testListId="8a28f9f9-b23b-4242-a0eb-f110a4fb49c3" />
    <TestEntry testId="1e395a5e-32fa-339f-4c02-354f2f15fe03" executionId="bc86b83d-1da0-48b0-9740-c898a4f67413" testListId="8a28f9f9-b23b-4242-a0eb-f110a4fb49c3" />
    <TestEntry testId="3c4e1c94-1f91-0d54-0766-68dba2980b33" executionId="65a504de-04a3-436b-9b94-2216606dd22a" testListId="8a28f9f9-b23b-4242-a0eb-f110a4fb49c3" />
    <TestEntry testId="69ccb285-2f44-6656-6e78-b6158a4c956d" executionId="b5c92673-27c8-4be7-99a8-c81c02e56cfa" testListId="8a28f9f9-b23b-4242-a0eb-f110a4fb49c3" />
    <TestEntry testId="b569f32b-9a57-6258-f5c2-759fd6bc77db" executionId="1bc1b71c-2eda-4163-b1be-941a0f12adb7" testListId="8a28f9f9-b23b-4242-a0eb-f110a4fb49c3" />
    <TestEntry testId="f4d46f45-8838-64b4-ba12-27783409ad91" executionId="f2ce6e90-525e-4e13-ba65-246ea8f03a8d" testListId="8a28f9f9-b23b-4242-a0eb-f110a4fb49c3" />
    <TestEntry testId="29fc06c4-929c-34a4-7fdb-b207bcf5e089" executionId="fa4d175a-37c6-49f9-aa75-73284bd84fc5" testListId="8a28f9f9-b23b-4242-a0eb-f110a4fb49c3" />
    <TestEntry testId="2eb6f7d4-1d64-4f3a-503a-034326055df8" executionId="afb6c5ee-0bc4-4c29-bfb5-a78cb33dbf6d" testListId="8a28f9f9-b23b-4242-a0eb-f110a4fb49c3" />
    <TestEntry testId="d529485d-fa2f-1c4e-174f-6978fbbfcc07" executionId="3c84037f-257a-46a3-9fa3-c5adfbe01d99" testListId="8a28f9f9-b23b-4242-a0eb-f110a4fb49c3" />
    <TestEntry testId="20fb7e57-9cdd-b09f-c18a-6c91d8874768" executionId="3741f1c4-325d-4cad-b2e0-c07f70035569" testListId="8a28f9f9-b23b-4242-a0eb-f110a4fb49c3" />
    <TestEntry testId="9f05c7b2-0675-d57d-0fcc-ae4480dd4d4c" executionId="0abf3baa-4387-431b-8725-2c5e9b09c124" testListId="8a28f9f9-b23b-4242-a0eb-f110a4fb49c3" />
  </TestEntries>
  <Results>
    <UnitTestResult executionId="ba015e87-11e9-4cec-8571-eb6b51b14e90" testId="0ffb65c9-a283-8957-c4cc-3455315a6cfb" testName="UniqueNameTest" computerName="UK017284" duration="00:00:01.8576007" startTime="2012-10-18T18:43:14.1103758+01:00" endTime="2012-10-18T18:43:16.1703787+01:00" testType="13cdc9d9-ddb5-4fa4-a97d-d965ccfc6d4b" outcome="Passed" testListId="79b14a06-edb4-4e10-9bec-ad659ff57ee9" relativeResultsDirectory="ba015e87-11e9-4cec-8571-eb6b51b14e90">
      <Output>
        <StdOut>NHibernate: INSERT INTO [User] (UserName, Password, FirstName, LastName) VALUES (@p0, @p1, @p2, @p3); select SCOPE_IDENTITY();@p0 = 'UserName' [Type: String (4000)], @p1 = 'Password' [Type: String (4000)], @p2 = 'FirstName' [Type: String (4000)], @p3 = 'LastName' [Type: String (4000)]
NHibernate: INSERT INTO [User] (UserName, Password, FirstName, LastName) VALUES (@p0, @p1, @p2, @p3); select SCOPE_IDENTITY();@p0 = 'UserName' [Type: String (4000)], @p1 = 'Password' [Type: String (4000)], @p2 = 'FirstName' [Type: String (4000)], @p3 = 'LastName' [Type: String (4000)]</StdOut>
        <StdErr>log4net:ERROR Failed to find configuration section 'log4net' in the application's .config file. Check your .config file for the &lt;log4net&gt; and &lt;configSections&gt; elements. The configuration section should look like: &lt;section name="log4net" type="log4net.Config.Log4NetConfigurationSectionHandler,log4net" /&gt;</StdErr>
        <DebugTrace>log4net:ERROR Failed to find configuration section 'log4net' in the application's .config file. Check your .config file for the &lt;log4net&gt; and &lt;configSections&gt; elements. The configuration section should look like: &lt;section name="log4net" type="log4net.Config.Log4NetConfigurationSectionHandler,log4net" /&gt;
</DebugTrace>
      </Output>
    </UnitTestResult>
    <UnitTestResult executionId="7757c3eb-dd2d-459c-84cb-372b0b8401e4" testId="0aeda2e7-79a3-7ffe-0672-3e6cf9b29613" testName="MappingsTest" computerName="UK017284" duration="00:00:00.0366856" startTime="2012-10-18T18:43:16.1703787+01:00" endTime="2012-10-18T18:43:16.2103788+01:00" testType="13cdc9d9-ddb5-4fa4-a97d-d965ccfc6d4b" outcome="Failed" testListId="79b14a06-edb4-4e10-9bec-ad659ff57ee9" relativeResultsDirectory="7757c3eb-dd2d-459c-84cb-372b0b8401e4">
      <Output>
        <StdOut>NHibernate: INSERT INTO [User] (UserName, Password, FirstName, LastName) VALUES (@p0, @p1, @p2, @p3); select SCOPE_IDENTITY();@p0 = 'UserName' [Type: String (4000)], @p1 = 'Password' [Type: String (4000)], @p2 = 'FirstName' [Type: String (4000)], @p3 = 'LastName' [Type: String (4000)]</StdOut>
        <ErrorInfo>
          <Message>Test method BookDatabase.Api.Tests.Mappings.Users.UserMappingTests.MappingsTest threw exception: 
NHibernate.Exceptions.GenericADOException: could not insert: [BookDatabase.Api.BusinessObjects.Users.User][SQL: INSERT INTO [User] (UserName, Password, FirstName, LastName) VALUES (?, ?, ?, ?); select SCOPE_IDENTITY()] ---&gt; System.Data.SqlClient.SqlException: Violation of UNIQUE KEY constraint 'UQ__User__C9F284565812160E'. Cannot insert duplicate key in object 'dbo.User'.
The statement has been terminated.</Message>
          <StackTrace>    at System.Data.SqlClient.SqlConnection.OnError(SqlException exception, Boolean breakConnection)
   at System.Data.SqlClient.SqlInternalConnection.OnError(SqlException exception, Boolean breakConnection)
   at System.Data.SqlClient.TdsParser.ThrowExceptionAndWarning()
   at System.Data.SqlClient.TdsParser.Run(RunBehavior runBehavior, SqlCommand cmdHandler, SqlDataReader dataStream, BulkCopySimpleResultSet bulkCopyHandler, TdsParserStateObject stateObj)
   at System.Data.SqlClient.SqlDataReader.ConsumeMetaData()
   at System.Data.SqlClient.SqlDataReader.get_MetaData()
   at System.Data.SqlClient.SqlCommand.FinishExecuteReader(SqlDataReader ds, RunBehavior runBehavior, String resetOptionsString)
   at System.Data.SqlClient.SqlCommand.RunExecuteReaderTds(CommandBehavior cmdBehavior, RunBehavior runBehavior, Boolean returnStream, Boolean async)
   at System.Data.SqlClient.SqlCommand.RunExecuteReader(CommandBehavior cmdBehavior, RunBehavior runBehavior, Boolean returnStream, String method, DbAsyncResult result)
   at System.Data.SqlClient.SqlCommand.RunExecuteReader(CommandBehavior cmdBehavior, RunBehavior runBehavior, Boolean returnStream, String method)
   at System.Data.SqlClient.SqlCommand.ExecuteReader(CommandBehavior behavior, String method)
   at System.Data.SqlClient.SqlCommand.ExecuteDbDataReader(CommandBehavior behavior)
   at System.Data.Common.DbCommand.System.Data.IDbCommand.ExecuteReader()
   at NHibernate.AdoNet.AbstractBatcher.ExecuteReader(IDbCommand cmd)
   at NHibernate.Id.IdentityGenerator.InsertSelectDelegate.ExecuteAndExtract(IDbCommand insert, ISessionImplementor session)
   at NHibernate.Id.Insert.AbstractReturningDelegate.PerformInsert(SqlCommandInfo insertSQL, ISessionImplementor session, IBinder binder)
 --- End of inner exception stack trace ---
    at NHibernate.Id.Insert.AbstractReturningDelegate.PerformInsert(SqlCommandInfo insertSQL, ISessionImplementor session, IBinder binder)
   at NHibernate.Persister.Entity.AbstractEntityPersister.Insert(Object[] fields, Boolean[] notNull, SqlCommandInfo sql, Object obj, ISessionImplementor session)
   at NHibernate.Persister.Entity.AbstractEntityPersister.Insert(Object[] fields, Object obj, ISessionImplementor session)
   at NHibernate.Action.EntityIdentityInsertAction.Execute()
   at NHibernate.Engine.ActionQueue.Execute(IExecutable executable)
   at NHibernate.Event.Default.AbstractSaveEventListener.PerformSaveOrReplicate(Object entity, EntityKey key, IEntityPersister persister, Boolean useIdentityColumn, Object anything, IEventSource source, Boolean requiresImmediateIdAccess)
   at NHibernate.Event.Default.AbstractSaveEventListener.PerformSave(Object entity, Object id, IEntityPersister persister, Boolean useIdentityColumn, Object anything, IEventSource source, Boolean requiresImmediateIdAccess)
   at NHibernate.Event.Default.AbstractSaveEventListener.SaveWithGeneratedId(Object entity, String entityName, Object anything, IEventSource source, Boolean requiresImmediateIdAccess)
   at NHibernate.Event.Default.DefaultSaveOrUpdateEventListener.SaveWithGeneratedOrRequestedId(SaveOrUpdateEvent event)
   at NHibernate.Event.Default.DefaultSaveEventListener.SaveWithGeneratedOrRequestedId(SaveOrUpdateEvent event)
   at NHibernate.Event.Default.DefaultSaveOrUpdateEventListener.EntityIsTransient(SaveOrUpdateEvent event)
   at NHibernate.Event.Default.DefaultSaveEventListener.PerformSaveOrUpdate(SaveOrUpdateEvent event)
   at NHibernate.Event.Default.DefaultSaveOrUpdateEventListener.OnSaveOrUpdate(SaveOrUpdateEvent event)
   at NHibernate.Impl.SessionImpl.FireSave(SaveOrUpdateEvent event)
   at NHibernate.Impl.SessionImpl.Save(Object obj)
   at FluentNHibernate.Testing.PersistenceSpecification`1.TransactionalSave(Object propertyValue)
   at FluentNHibernate.Testing.PersistenceSpecification`1.VerifyTheMappings(T first)
   at FluentNHibernate.Testing.PersistenceSpecification`1.VerifyTheMappings()
   at BookDatabase.Api.Tests.Mappings.Users.UserMappingTests.MappingsTest() in C:\Personal\BookDatabase\BookDatabase.Api.Tests\Mappings\Users\UserMappingTests.cs:line 27
</StackTrace>
        </ErrorInfo>
      </Output>
    </UnitTestResult>
    <UnitTestResult executionId="6ab31b82-9dfb-45e0-84fd-6008f2f58619" testId="5f968232-ea73-59ef-f037-1c482ffec7f9" testName="EqualityOperatorsTest" computerName="UK017284" duration="00:00:00.0036799" startTime="2012-10-18T18:43:16.2203788+01:00" endTime="2012-10-18T18:43:16.2203788+01:00" testType="13cdc9d9-ddb5-4fa4-a97d-d965ccfc6d4b" outcome="Passed" testListId="8a28f9f9-b23b-4242-a0eb-f110a4fb49c3" relativeResultsDirectory="6ab31b82-9dfb-45e0-84fd-6008f2f58619">
    </UnitTestResult>
    <UnitTestResult executionId="5f45c8c6-de91-4431-a3ed-3ffaa219a888" testId="0835bebd-c3eb-6235-7b4f-1560788432b1" testName="GetHashCodeTest" computerName="UK017284" duration="00:00:00.0025180" startTime="2012-10-18T18:43:16.2303788+01:00" endTime="2012-10-18T18:43:16.2303788+01:00" testType="13cdc9d9-ddb5-4fa4-a97d-d965ccfc6d4b" outcome="Passed" testListId="8a28f9f9-b23b-4242-a0eb-f110a4fb49c3" relativeResultsDirectory="5f45c8c6-de91-4431-a3ed-3ffaa219a888">
    </UnitTestResult>
    <UnitTestResult executionId="4e7060dd-3c04-424e-958b-0b8fca5c0030" testId="d6296fe5-485b-883b-9fe1-03a2f80ffcb3" testName="TestDeleteAndRollback" computerName="UK017284" duration="00:00:00.4223650" startTime="2012-10-18T18:43:16.2403788+01:00" endTime="2012-10-18T18:43:16.6603794+01:00" testType="13cdc9d9-ddb5-4fa4-a97d-d965ccfc6d4b" outcome="Failed" testListId="8a28f9f9-b23b-4242-a0eb-f110a4fb49c3" relativeResultsDirectory="4e7060dd-3c04-424e-958b-0b8fca5c0030">
      <Output>
        <ErrorInfo>
          <Message>Test method BookDatabase.Api.Tests.Data.Transactions.UnitOfWorkTests.TestDeleteAndRollback threw exception: 
System.Exception: Retry code not working correctly</Message>
          <StackTrace>    at BookDatabase.Api.Data.SessionContainer.ExecuteOperationWithRetry[TReturn](Func`1 operation) in C:\Personal\BookDatabase\BookDatabase.Api\Data\SessionContainer.cs:line 123
   at BookDatabase.Api.Data.Transactions.UnitOfWork.ConfigureCurrentTransaction() in C:\Personal\BookDatabase\BookDatabase.Api\Data\Transactions\UnitOfWork.cs:line 112
   at BookDatabase.Api.Data.Transactions.UnitOfWork.Delete(BusinessObject item) in C:\Personal\BookDatabase\BookDatabase.Api\Data\Transactions\UnitOfWork.cs:line 63
   at BookDatabase.Api.Tests.Data.Transactions.UnitOfWorkTests.TestDeleteAndRollback() in C:\Personal\BookDatabase\BookDatabase.Api.Tests\Data\Transactions\UnitOfWorkTests.cs:line 124
</StackTrace>
        </ErrorInfo>
      </Output>
    </UnitTestResult>
    <UnitTestResult executionId="07f2a4ff-a046-4bc7-b95d-7b8795f7368c" testId="feb8d5ee-92de-5812-d4cd-efb5920e8445" testName="EqualsMethodsTest" computerName="UK017284" duration="00:00:00.0007814" startTime="2012-10-18T18:43:16.6603794+01:00" endTime="2012-10-18T18:43:16.6703794+01:00" testType="13cdc9d9-ddb5-4fa4-a97d-d965ccfc6d4b" outcome="Passed" testListId="8a28f9f9-b23b-4242-a0eb-f110a4fb49c3" relativeResultsDirectory="07f2a4ff-a046-4bc7-b95d-7b8795f7368c">
    </UnitTestResult>
    <UnitTestResult executionId="bc86b83d-1da0-48b0-9740-c898a4f67413" testId="1e395a5e-32fa-339f-4c02-354f2f15fe03" testName="TestCommitMultipleTransactions" computerName="UK017284" duration="00:00:00.0061351" startTime="2012-10-18T18:43:16.6703794+01:00" endTime="2012-10-18T18:43:16.6803794+01:00" testType="13cdc9d9-ddb5-4fa4-a97d-d965ccfc6d4b" outcome="Failed" testListId="8a28f9f9-b23b-4242-a0eb-f110a4fb49c3" relativeResultsDirectory="bc86b83d-1da0-48b0-9740-c898a4f67413">
      <Output>
        <ErrorInfo>
          <Message>Test method BookDatabase.Api.Tests.Data.Transactions.UnitOfWorkTests.TestCommitMultipleTransactions threw exception: 
System.Exception: Retry code not working correctly</Message>
          <StackTrace>    at BookDatabase.Api.Data.SessionContainer.ExecuteOperationWithRetry[TReturn](Func`1 operation) in C:\Personal\BookDatabase\BookDatabase.Api\Data\SessionContainer.cs:line 123
   at BookDatabase.Api.Data.Transactions.UnitOfWork.ConfigureCurrentTransaction() in C:\Personal\BookDatabase\BookDatabase.Api\Data\Transactions\UnitOfWork.cs:line 112
   at BookDatabase.Api.Data.Transactions.UnitOfWork.SaveOrUpdate(BusinessObject item) in C:\Personal\BookDatabase\BookDatabase.Api\Data\Transactions\UnitOfWork.cs:line 50
   at BookDatabase.Api.Tests.Data.Transactions.UnitOfWorkTests.TestCommitMultipleTransactions() in C:\Personal\BookDatabase\BookDatabase.Api.Tests\Data\Transactions\UnitOfWorkTests.cs:line 174
</StackTrace>
        </ErrorInfo>
      </Output>
    </UnitTestResult>
    <UnitTestResult executionId="65a504de-04a3-436b-9b94-2216606dd22a" testId="3c4e1c94-1f91-0d54-0766-68dba2980b33" testName="TestCommitWithNoOperations" computerName="UK017284" duration="00:00:00.0018021" startTime="2012-10-18T18:43:16.6803794+01:00" endTime="2012-10-18T18:43:16.6903794+01:00" testType="13cdc9d9-ddb5-4fa4-a97d-d965ccfc6d4b" outcome="Passed" testListId="8a28f9f9-b23b-4242-a0eb-f110a4fb49c3" relativeResultsDirectory="65a504de-04a3-436b-9b94-2216606dd22a">
    </UnitTestResult>
    <UnitTestResult executionId="b5c92673-27c8-4be7-99a8-c81c02e56cfa" testId="69ccb285-2f44-6656-6e78-b6158a4c956d" testName="IsNewTest" computerName="UK017284" duration="00:00:00.0003425" startTime="2012-10-18T18:43:16.6903794+01:00" endTime="2012-10-18T18:43:16.6903794+01:00" testType="13cdc9d9-ddb5-4fa4-a97d-d965ccfc6d4b" outcome="Passed" testListId="8a28f9f9-b23b-4242-a0eb-f110a4fb49c3" relativeResultsDirectory="b5c92673-27c8-4be7-99a8-c81c02e56cfa">
    </UnitTestResult>
    <UnitTestResult executionId="1bc1b71c-2eda-4163-b1be-941a0f12adb7" testId="b569f32b-9a57-6258-f5c2-759fd6bc77db" testName="TestSaveAndRollback" computerName="UK017284" duration="00:00:00.0057245" startTime="2012-10-18T18:43:16.7103795+01:00" endTime="2012-10-18T18:43:16.7203795+01:00" testType="13cdc9d9-ddb5-4fa4-a97d-d965ccfc6d4b" outcome="Failed" testListId="8a28f9f9-b23b-4242-a0eb-f110a4fb49c3" relativeResultsDirectory="1bc1b71c-2eda-4163-b1be-941a0f12adb7">
      <Output>
        <ErrorInfo>
          <Message>Test method BookDatabase.Api.Tests.Data.Transactions.UnitOfWorkTests.TestSaveAndRollback threw exception: 
System.Exception: Retry code not working correctly</Message>
          <StackTrace>    at BookDatabase.Api.Data.SessionContainer.ExecuteOperationWithRetry[TReturn](Func`1 operation) in C:\Personal\BookDatabase\BookDatabase.Api\Data\SessionContainer.cs:line 123
   at BookDatabase.Api.Data.Transactions.UnitOfWork.ConfigureCurrentTransaction() in C:\Personal\BookDatabase\BookDatabase.Api\Data\Transactions\UnitOfWork.cs:line 112
   at BookDatabase.Api.Data.Transactions.UnitOfWork.SaveOrUpdate(BusinessObject item) in C:\Personal\BookDatabase\BookDatabase.Api\Data\Transactions\UnitOfWork.cs:line 50
   at BookDatabase.Api.Tests.Data.Transactions.UnitOfWorkTests.TestSaveAndRollback() in C:\Personal\BookDatabase\BookDatabase.Api.Tests\Data\Transactions\UnitOfWorkTests.cs:line 78
</StackTrace>
        </ErrorInfo>
      </Output>
    </UnitTestResult>
    <UnitTestResult executionId="f2ce6e90-525e-4e13-ba65-246ea8f03a8d" testId="f4d46f45-8838-64b4-ba12-27783409ad91" testName="TestDeleteAndCommit" computerName="UK017284" duration="00:00:00.0037087" startTime="2012-10-18T18:43:16.7303795+01:00" endTime="2012-10-18T18:43:16.7303795+01:00" testType="13cdc9d9-ddb5-4fa4-a97d-d965ccfc6d4b" outcome="Failed" testListId="8a28f9f9-b23b-4242-a0eb-f110a4fb49c3" relativeResultsDirectory="f2ce6e90-525e-4e13-ba65-246ea8f03a8d">
      <Output>
        <ErrorInfo>
          <Message>Test method BookDatabase.Api.Tests.Data.Transactions.UnitOfWorkTests.TestDeleteAndCommit threw exception: 
System.Exception: Retry code not working correctly</Message>
          <StackTrace>    at BookDatabase.Api.Data.SessionContainer.ExecuteOperationWithRetry[TReturn](Func`1 operation) in C:\Personal\BookDatabase\BookDatabase.Api\Data\SessionContainer.cs:line 123
   at BookDatabase.Api.Data.Transactions.UnitOfWork.ConfigureCurrentTransaction() in C:\Personal\BookDatabase\BookDatabase.Api\Data\Transactions\UnitOfWork.cs:line 112
   at BookDatabase.Api.Data.Transactions.UnitOfWork.Delete(BusinessObject item) in C:\Personal\BookDatabase\BookDatabase.Api\Data\Transactions\UnitOfWork.cs:line 63
   at BookDatabase.Api.Tests.Data.Transactions.UnitOfWorkTests.TestDeleteAndCommit() in C:\Personal\BookDatabase\BookDatabase.Api.Tests\Data\Transactions\UnitOfWorkTests.cs:line 101
</StackTrace>
        </ErrorInfo>
      </Output>
    </UnitTestResult>
    <UnitTestResult executionId="fa4d175a-37c6-49f9-aa75-73284bd84fc5" testId="29fc06c4-929c-34a4-7fdb-b207bcf5e089" testName="GetByIdTest" computerName="UK017284" duration="00:00:00.0189057" startTime="2012-10-18T18:43:16.7403795+01:00" endTime="2012-10-18T18:43:16.7603795+01:00" testType="13cdc9d9-ddb5-4fa4-a97d-d965ccfc6d4b" outcome="Passed" testListId="8a28f9f9-b23b-4242-a0eb-f110a4fb49c3" relativeResultsDirectory="fa4d175a-37c6-49f9-aa75-73284bd84fc5">
    </UnitTestResult>
    <UnitTestResult executionId="afb6c5ee-0bc4-4c29-bfb5-a78cb33dbf6d" testId="2eb6f7d4-1d64-4f3a-503a-034326055df8" testName="TestCommitMultipleOperations" computerName="UK017284" duration="00:00:00.0039160" startTime="2012-10-18T18:43:16.7603795+01:00" endTime="2012-10-18T18:43:16.7703795+01:00" testType="13cdc9d9-ddb5-4fa4-a97d-d965ccfc6d4b" outcome="Failed" testListId="8a28f9f9-b23b-4242-a0eb-f110a4fb49c3" relativeResultsDirectory="afb6c5ee-0bc4-4c29-bfb5-a78cb33dbf6d">
      <Output>
        <ErrorInfo>
          <Message>Test method BookDatabase.Api.Tests.Data.Transactions.UnitOfWorkTests.TestCommitMultipleOperations threw exception: 
System.Exception: Retry code not working correctly</Message>
          <StackTrace>    at BookDatabase.Api.Data.SessionContainer.ExecuteOperationWithRetry[TReturn](Func`1 operation) in C:\Personal\BookDatabase\BookDatabase.Api\Data\SessionContainer.cs:line 123
   at BookDatabase.Api.Data.Transactions.UnitOfWork.ConfigureCurrentTransaction() in C:\Personal\BookDatabase\BookDatabase.Api\Data\Transactions\UnitOfWork.cs:line 112
   at BookDatabase.Api.Data.Transactions.UnitOfWork.SaveOrUpdate(BusinessObject item) in C:\Personal\BookDatabase\BookDatabase.Api\Data\Transactions\UnitOfWork.cs:line 50
   at BookDatabase.Api.Tests.Data.Transactions.UnitOfWorkTests.TestCommitMultipleOperations() in C:\Personal\BookDatabase\BookDatabase.Api.Tests\Data\Transactions\UnitOfWorkTests.cs:line 148
</StackTrace>
        </ErrorInfo>
      </Output>
    </UnitTestResult>
    <UnitTestResult executionId="3c84037f-257a-46a3-9fa3-c5adfbe01d99" testId="d529485d-fa2f-1c4e-174f-6978fbbfcc07" testName="TestRollbackWithNoOperations" computerName="UK017284" duration="00:00:00.0016686" startTime="2012-10-18T18:43:16.7703795+01:00" endTime="2012-10-18T18:43:16.7703795+01:00" testType="13cdc9d9-ddb5-4fa4-a97d-d965ccfc6d4b" outcome="Passed" testListId="8a28f9f9-b23b-4242-a0eb-f110a4fb49c3" relativeResultsDirectory="3c84037f-257a-46a3-9fa3-c5adfbe01d99">
    </UnitTestResult>
    <UnitTestResult executionId="3741f1c4-325d-4cad-b2e0-c07f70035569" testId="20fb7e57-9cdd-b09f-c18a-6c91d8874768" testName="TestSaveAndCommit" computerName="UK017284" duration="00:00:00.0031493" startTime="2012-10-18T18:43:16.7803796+01:00" endTime="2012-10-18T18:43:16.7803796+01:00" testType="13cdc9d9-ddb5-4fa4-a97d-d965ccfc6d4b" outcome="Failed" testListId="8a28f9f9-b23b-4242-a0eb-f110a4fb49c3" relativeResultsDirectory="3741f1c4-325d-4cad-b2e0-c07f70035569">
      <Output>
        <ErrorInfo>
          <Message>Test method BookDatabase.Api.Tests.Data.Transactions.UnitOfWorkTests.TestSaveAndCommit threw exception: 
System.Exception: Retry code not working correctly</Message>
          <StackTrace>    at BookDatabase.Api.Data.SessionContainer.ExecuteOperationWithRetry[TReturn](Func`1 operation) in C:\Personal\BookDatabase\BookDatabase.Api\Data\SessionContainer.cs:line 123
   at BookDatabase.Api.Data.Transactions.UnitOfWork.ConfigureCurrentTransaction() in C:\Personal\BookDatabase\BookDatabase.Api\Data\Transactions\UnitOfWork.cs:line 112
   at BookDatabase.Api.Data.Transactions.UnitOfWork.SaveOrUpdate(BusinessObject item) in C:\Personal\BookDatabase\BookDatabase.Api\Data\Transactions\UnitOfWork.cs:line 50
   at BookDatabase.Api.Tests.Data.Transactions.UnitOfWorkTests.TestSaveAndCommit() in C:\Personal\BookDatabase\BookDatabase.Api.Tests\Data\Transactions\UnitOfWorkTests.cs:line 55
</StackTrace>
        </ErrorInfo>
      </Output>
    </UnitTestResult>
    <UnitTestResult executionId="0abf3baa-4387-431b-8725-2c5e9b09c124" testId="9f05c7b2-0675-d57d-0fcc-ae4480dd4d4c" testName="GetAllTest" computerName="UK017284" duration="00:00:00.0529244" startTime="2012-10-18T18:43:16.7903796+01:00" endTime="2012-10-18T18:43:16.8403796+01:00" testType="13cdc9d9-ddb5-4fa4-a97d-d965ccfc6d4b" outcome="Passed" testListId="8a28f9f9-b23b-4242-a0eb-f110a4fb49c3" relativeResultsDirectory="0abf3baa-4387-431b-8725-2c5e9b09c124">
    </UnitTestResult>
  </Results>
</TestRun>